This file contains any messages produced by compilers while
running configure, to aid debugging if configure makes a mistake.

It was created by curl configure -, which was
generated by GNU Autoconf 2.69.  Invocation command line was

  $ ./configure --host -h

## --------- ##
## Platform. ##
## --------- ##

hostname = localhost.localdomain
uname -m = x86_64
uname -r = 3.10.0-862.11.6.el7.x86_64
uname -s = Linux
uname -v = #1 SMP Tue Aug 14 21:49:04 UTC 2018

/usr/bin/uname -p = x86_64
/bin/uname -X     = unknown

/bin/arch              = x86_64
/usr/bin/arch -k       = unknown
/usr/convex/getsysinfo = unknown
/usr/bin/hostinfo      = unknown
/bin/machine           = unknown
/usr/bin/oslevel       = unknown
/bin/universe          = unknown

PATH: /opt/sublime_text_3
PATH: /opt/hisi-linux/x86-arm/arm-himix100-linux/bin
PATH: /usr/local/bin
PATH: /usr/local/sbin
PATH: /usr/bin
PATH: /usr/sbin
PATH: /bin
PATH: /sbin
PATH: /root/bin


## ----------- ##
## Core tests. ##
## ----------- ##

configure:3000: checking whether to enable maintainer-specific portions of Makefiles
configure:3009: result: no
configure:3033: checking whether make supports nested variables
configure:3050: result: yes
configure:3063: checking whether to enable debug build options
configure:3085: result: no
configure:3089: checking whether to enable compiler optimizer
configure:3110: result: (assumed) yes
configure:3122: checking whether to enable strict compiler warnings
configure:3141: result: no
configure:3145: checking whether to enable compiler warnings as errors
configure:3164: result: no
configure:3168: checking whether to enable curl debug memory tracking
configure:3190: result: no
configure:3207: checking whether to enable hiding of library internal symbols
configure:3228: result: yes
configure:3239: checking whether to enable c-ares for DNS lookups
configure:3261: result: no
configure:3265: checking whether to disable dependency on -lrt
configure:3281: result: (assumed no)
configure:3310: checking for path separator
configure:3312: result: :
configure:3343: checking for sed
configure:3362: found /usr/bin/sed
configure:3375: result: /usr/bin/sed
configure:3392: checking for grep
configure:3411: found /usr/bin/grep
configure:3424: result: /usr/bin/grep
configure:3440: checking for egrep
configure:3443: result: /usr/bin/grep -E
configure:3499: checking for -h-ar
configure:3533: result: no
configure:3543: checking for ar
configure:3562: found /usr/bin/ar
configure:3574: result: /usr/bin/ar
configure:3822: checking for a BSD-compatible install
configure:3890: result: /usr/bin/install -c
configure:3912: checking for -h-gcc
configure:3942: result: no
configure:3952: checking for gcc
configure:3968: found /usr/bin/gcc
configure:3979: result: gcc
configure:4208: checking for C compiler version
configure:4217: gcc --version >&5
gcc (GCC) 4.8.5 20150623 (Red Hat 4.8.5-28)
Copyright (C) 2015 Free Software Foundation, Inc.
This is free software; see the source for copying conditions.  There is NO
warranty; not even for MERCHANTABILITY or FITNESS FOR A PARTICULAR PURPOSE.

configure:4228: $? = 0
configure:4217: gcc -v >&5
Using built-in specs.
COLLECT_GCC=gcc
COLLECT_LTO_WRAPPER=/usr/libexec/gcc/x86_64-redhat-linux/4.8.5/lto-wrapper
Target: x86_64-redhat-linux
Configured with: ../configure --prefix=/usr --mandir=/usr/share/man --infodir=/usr/share/info --with-bugurl=http://bugzilla.redhat.com/bugzilla --enable-bootstrap --enable-shared --enable-threads=posix --enable-checking=release --with-system-zlib --enable-__cxa_atexit --disable-libunwind-exceptions --enable-gnu-unique-object --enable-linker-build-id --with-linker-hash-style=gnu --enable-languages=c,c++,objc,obj-c++,java,fortran,ada,go,lto --enable-plugin --enable-initfini-array --disable-libgcj --with-isl=/builddir/build/BUILD/gcc-4.8.5-20150702/obj-x86_64-redhat-linux/isl-install --with-cloog=/builddir/build/BUILD/gcc-4.8.5-20150702/obj-x86_64-redhat-linux/cloog-install --enable-gnu-indirect-function --with-tune=generic --with-arch_32=x86-64 --build=x86_64-redhat-linux
Thread model: posix
gcc version 4.8.5 20150623 (Red Hat 4.8.5-28) (GCC) 
configure:4228: $? = 0
configure:4217: gcc -V >&5
gcc: error: unrecognized command line option '-V'
gcc: fatal error: no input files
compilation terminated.
configure:4228: $? = 4
configure:4217: gcc -qversion >&5
gcc: error: unrecognized command line option '-qversion'
gcc: fatal error: no input files
compilation terminated.
configure:4228: $? = 4
configure:4247: checking whether the C compiler works
configure:4269: gcc    conftest.c  >&5
configure:4273: $? = 0
configure:4321: result: yes
configure:4324: checking for C compiler default output file name
configure:4326: result: a.out
configure:4332: checking for suffix of executables
configure:4339: gcc -o conftest    conftest.c  >&5
configure:4343: $? = 0
configure:4365: result: 
configure:4386: checking whether we are cross compiling
configure:4394: gcc -o conftest    conftest.c  >&5
configure:4398: $? = 0
configure:4405: ./conftest
configure:4409: $? = 0
configure:4424: result: no
configure:4429: checking for suffix of object files
configure:4450: gcc -c   conftest.c >&5
configure:4454: $? = 0
configure:4475: result: o
configure:4479: checking whether we are using the GNU C compiler
configure:4497: gcc -c   conftest.c >&5
configure:4497: $? = 0
configure:4506: result: yes
configure:4515: checking whether gcc accepts -g
configure:4534: gcc -c -g  conftest.c >&5
configure:4534: $? = 0
configure:4573: result: yes
configure:4590: checking for gcc option to accept ISO C89
configure:4652: gcc  -c -g -O2  conftest.c >&5
configure:4652: $? = 0
configure:4665: result: none needed
configure:4690: checking whether gcc understands -c and -o together
configure:4711: gcc -c conftest.c -o conftest2.o
configure:4714: $? = 0
configure:4711: gcc -c conftest.c -o conftest2.o
configure:4714: $? = 0
configure:4726: result: yes
configure:4749: checking how to run the C preprocessor
configure:4780: gcc -E  conftest.c
configure:4780: $? = 0
configure:4794: gcc -E  conftest.c
conftest.c:9:28: fatal error: ac_nonexistent.h: No such file or directory
 #include <ac_nonexistent.h>
                            ^
compilation terminated.
configure:4794: $? = 1
configure: failed program was:
| /* confdefs.h */
| #define PACKAGE_NAME "curl"
| #define PACKAGE_TARNAME "curl"
| #define PACKAGE_VERSION "-"
| #define PACKAGE_STRING "curl -"
| #define PACKAGE_BUGREPORT "a suitable curl mailing list: https://curl.haxx.se/mail/"
| #define PACKAGE_URL ""
| /* end confdefs.h.  */
| #include <ac_nonexistent.h>
configure:4819: result: gcc -E
configure:4839: gcc -E  conftest.c
configure:4839: $? = 0
configure:4853: gcc -E  conftest.c
conftest.c:9:28: fatal error: ac_nonexistent.h: No such file or directory
 #include <ac_nonexistent.h>
                            ^
compilation terminated.
configure:4853: $? = 1
configure: failed program was:
| /* confdefs.h */
| #define PACKAGE_NAME "curl"
| #define PACKAGE_TARNAME "curl"
| #define PACKAGE_VERSION "-"
| #define PACKAGE_STRING "curl -"
| #define PACKAGE_BUGREPORT "a suitable curl mailing list: https://curl.haxx.se/mail/"
| #define PACKAGE_URL ""
| /* end confdefs.h.  */
| #include <ac_nonexistent.h>
configure:4893: checking for a sed that does not truncate output
configure:4957: result: /usr/bin/sed
configure:4976: checking whether to build with code coverage support
configure:4996: result: no
configure:5341: checking whether build environment is sane
configure:5396: result: yes
configure:5544: checking for a thread-safe mkdir -p
configure:5583: result: /usr/bin/mkdir -p
configure:5590: checking for gawk
configure:5606: found /usr/bin/gawk
configure:5617: result: gawk
configure:5628: checking whether make sets $(MAKE)
configure:5650: result: yes
configure:5672: checking whether make supports the include directive
configure:5687: make -f confmf.GNU && cat confinc.out
this is the am__doit target
configure:5690: $? = 0
configure:5709: result: yes (GNU style)
configure:5809: checking dependency style of gcc
configure:5920: result: gcc3
configure:5983: checking curl version
configure:5985: result: 7.61.1
configure:6031: checking build system type
configure:6045: result: x86_64-pc-linux-gnu
configure:6065: checking host system type
configure:6078: result: Usage: ./config.sub [OPTION] CPU-MFR-OPSYS or ALIAS

Canonicalize a configuration name.

Options:
  -h, --help         print this help, then exit
  -t, --time-stamp   print date of last modification, then exit
  -v, --version      print version number, then exit

Report bugs and patches to <config-patches@gnu.org>.
configure:6110: checking for grep that handles long lines and -e
configure:6168: result: /usr/bin/grep
configure:6173: checking for egrep
configure:6235: result: /usr/bin/grep -E
configure:6242: checking if OS is AIX (to define _ALL_SOURCE)
conftest.c:10:12: warning: missing terminating " character [enabled by default]
 #define OS "Usage: ./config.sub [OPTION] CPU-MFR-OPSYS or ALIAS
            ^
conftest.c:19:53: warning: missing terminating " character [enabled by default]
 Report bugs and patches to <config-patches@gnu.org>."
                                                     ^
configure:6262: result: no
configure:6272: checking if _THREAD_SAFE is already defined
configure:6293: gcc -c   conftest.c >&5
conftest.c:10:12: warning: missing terminating " character [enabled by default]
 #define OS "Usage: ./config.sub [OPTION] CPU-MFR-OPSYS or ALIAS
            ^
conftest.c:12:1: error: unknown type name 'Canonicalize'
 Canonicalize a configuration name.
 ^
conftest.c:12:16: error: expected '=', ',', ';', 'asm' or '__attribute__' before 'configuration'
 Canonicalize a configuration name.
                ^
conftest.c:12:16: error: unknown type name 'configuration'
conftest.c:19:43: error: stray '@' in program
 Report bugs and patches to <config-patches@gnu.org>."
                                           ^
conftest.c:19:53: warning: missing terminating " character [enabled by default]
 Report bugs and patches to <config-patches@gnu.org>."
                                                     ^
conftest.c:19:1: error: missing terminating " character
 Report bugs and patches to <config-patches@gnu.org>."
 ^
configure:6293: $? = 1
configure: failed program was:
| /* confdefs.h */
| #define PACKAGE_NAME "curl"
| #define PACKAGE_TARNAME "curl"
| #define PACKAGE_VERSION "-"
| #define PACKAGE_STRING "curl -"
| #define PACKAGE_BUGREPORT "a suitable curl mailing list: https://curl.haxx.se/mail/"
| #define PACKAGE_URL ""
| #define PACKAGE "curl"
| #define VERSION "-"
| #define OS "Usage: ./config.sub [OPTION] CPU-MFR-OPSYS or ALIAS
| 
| Canonicalize a configuration name.
| 
| Options:
|   -h, --help         print this help, then exit
|   -t, --time-stamp   print date of last modification, then exit
|   -v, --version      print version number, then exit
| 
| Report bugs and patches to <config-patches@gnu.org>."
| /* end confdefs.h.  */
| 
| 
| 
| int main (void)
| {
| 
| #ifdef _THREAD_SAFE
|       int dummy=1;
| #else
|       force compilation error
| #endif
| 
|  ;
|  return 0;
| }
| 
configure:6301: result: no
configure:6309: checking if _THREAD_SAFE is actually needed
configure:6328: result: no
configure:6333: checking if _THREAD_SAFE is onwards defined
configure:6350: result: no
configure:6357: checking if _REENTRANT is already defined
configure:6378: gcc -c   conftest.c >&5
conftest.c:10:12: warning: missing terminating " character [enabled by default]
 #define OS "Usage: ./config.sub [OPTION] CPU-MFR-OPSYS or ALIAS
            ^
conftest.c:12:1: error: unknown type name 'Canonicalize'
 Canonicalize a configuration name.
 ^
conftest.c:12:16: error: expected '=', ',', ';', 'asm' or '__attribute__' before 'configuration'
 Canonicalize a configuration name.
                ^
conftest.c:12:16: error: unknown type name 'configuration'
conftest.c:19:43: error: stray '@' in program
 Report bugs and patches to <config-patches@gnu.org>."
                                           ^
conftest.c:19:53: warning: missing terminating " character [enabled by default]
 Report bugs and patches to <config-patches@gnu.org>."
                                                     ^
conftest.c:19:1: error: missing terminating " character
 Report bugs and patches to <config-patches@gnu.org>."
 ^
configure:6378: $? = 1
configure: failed program was:
| /* confdefs.h */
| #define PACKAGE_NAME "curl"
| #define PACKAGE_TARNAME "curl"
| #define PACKAGE_VERSION "-"
| #define PACKAGE_STRING "curl -"
| #define PACKAGE_BUGREPORT "a suitable curl mailing list: https://curl.haxx.se/mail/"
| #define PACKAGE_URL ""
| #define PACKAGE "curl"
| #define VERSION "-"
| #define OS "Usage: ./config.sub [OPTION] CPU-MFR-OPSYS or ALIAS
| 
| Canonicalize a configuration name.
| 
| Options:
|   -h, --help         print this help, then exit
|   -t, --time-stamp   print date of last modification, then exit
|   -v, --version      print version number, then exit
| 
| Report bugs and patches to <config-patches@gnu.org>."
| /* end confdefs.h.  */
| 
| 
| 
| int main (void)
| {
| 
| #ifdef _REENTRANT
|       int dummy=1;
| #else
|       force compilation error
| #endif
| 
|  ;
|  return 0;
| }
| 
configure:6386: result: no
configure:6394: checking if _REENTRANT is actually needed
configure:6425: gcc -c   conftest.c >&5
conftest.c:10:12: warning: missing terminating " character [enabled by default]
 #define OS "Usage: ./config.sub [OPTION] CPU-MFR-OPSYS or ALIAS
            ^
conftest.c:12:1: error: unknown type name 'Canonicalize'
 Canonicalize a configuration name.
 ^
conftest.c:12:16: error: expected '=', ',', ';', 'asm' or '__attribute__' before 'configuration'
 Canonicalize a configuration name.
                ^
conftest.c:12:16: error: unknown type name 'configuration'
conftest.c:19:43: error: stray '@' in program
 Report bugs and patches to <config-patches@gnu.org>."
                                           ^
conftest.c:19:53: warning: missing terminating " character [enabled by default]
 Report bugs and patches to <config-patches@gnu.org>."
                                                     ^
conftest.c:19:1: error: missing terminating " character
 Report bugs and patches to <config-patches@gnu.org>."
 ^
In file included from /usr/include/errno.h:35:0,
                 from conftest.c:23:
conftest.c: In function 'main':
conftest.c:28:15: error: invalid type argument of unary '*' (have 'int')
       if(0 != errno)
               ^
configure:6425: $? = 1
configure: failed program was:
| /* confdefs.h */
| #define PACKAGE_NAME "curl"
| #define PACKAGE_TARNAME "curl"
| #define PACKAGE_VERSION "-"
| #define PACKAGE_STRING "curl -"
| #define PACKAGE_BUGREPORT "a suitable curl mailing list: https://curl.haxx.se/mail/"
| #define PACKAGE_URL ""
| #define PACKAGE "curl"
| #define VERSION "-"
| #define OS "Usage: ./config.sub [OPTION] CPU-MFR-OPSYS or ALIAS
| 
| Canonicalize a configuration name.
| 
| Options:
|   -h, --help         print this help, then exit
|   -t, --time-stamp   print date of last modification, then exit
|   -v, --version      print version number, then exit
| 
| Report bugs and patches to <config-patches@gnu.org>."
| /* end confdefs.h.  */
| 
| 
| #include <errno.h>
| 
| int main (void)
| {
| 
|       if(0 != errno)
|         return 1;
| 
|  ;
|  return 0;
| }
| 
configure:6527: gcc -o conftest    conftest.c  >&5
conftest.c:10:12: warning: missing terminating " character [enabled by default]
 #define OS "Usage: ./config.sub [OPTION] CPU-MFR-OPSYS or ALIAS
            ^
conftest.c:12:1: error: unknown type name 'Canonicalize'
 Canonicalize a configuration name.
 ^
conftest.c:12:16: error: expected '=', ',', ';', 'asm' or '__attribute__' before 'configuration'
 Canonicalize a configuration name.
                ^
conftest.c:12:16: error: unknown type name 'configuration'
conftest.c:19:43: error: stray '@' in program
 Report bugs and patches to <config-patches@gnu.org>."
                                           ^
conftest.c:19:53: warning: missing terminating " character [enabled by default]
 Report bugs and patches to <config-patches@gnu.org>."
                                                     ^
conftest.c:19:1: error: missing terminating " character
 Report bugs and patches to <config-patches@gnu.org>."
 ^
configure:6527: $? = 1
configure: failed program was:
| /* confdefs.h */
| #define PACKAGE_NAME "curl"
| #define PACKAGE_TARNAME "curl"
| #define PACKAGE_VERSION "-"
| #define PACKAGE_STRING "curl -"
| #define PACKAGE_BUGREPORT "a suitable curl mailing list: https://curl.haxx.se/mail/"
| #define PACKAGE_URL ""
| #define PACKAGE "curl"
| #define VERSION "-"
| #define OS "Usage: ./config.sub [OPTION] CPU-MFR-OPSYS or ALIAS
| 
| Canonicalize a configuration name.
| 
| Options:
|   -h, --help         print this help, then exit
|   -t, --time-stamp   print date of last modification, then exit
|   -v, --version      print version number, then exit
| 
| Report bugs and patches to <config-patches@gnu.org>."
| /* end confdefs.h.  */
| 
| 
| #define gmtime_r innocuous_gmtime_r
| #ifdef __STDC__
| # include <limits.h>
| #else
| # include <assert.h>
| #endif
| #undef gmtime_r
| #ifdef __cplusplus
| extern "C"
| #endif
| char gmtime_r ();
| #if defined __stub_gmtime_r || defined __stub___gmtime_r
| choke me
| #endif
| 
| int main (void)
| {
| return gmtime_r ();
|  ;
|  return 0;
| }
| 
configure:6606: gcc -o conftest    conftest.c  >&5
conftest.c:10:12: warning: missing terminating " character [enabled by default]
 #define OS "Usage: ./config.sub [OPTION] CPU-MFR-OPSYS or ALIAS
            ^
conftest.c:12:1: error: unknown type name 'Canonicalize'
 Canonicalize a configuration name.
 ^
conftest.c:12:16: error: expected '=', ',', ';', 'asm' or '__attribute__' before 'configuration'
 Canonicalize a configuration name.
                ^
conftest.c:12:16: error: unknown type name 'configuration'
conftest.c:19:43: error: stray '@' in program
 Report bugs and patches to <config-patches@gnu.org>."
                                           ^
conftest.c:19:53: warning: missing terminating " character [enabled by default]
 Report bugs and patches to <config-patches@gnu.org>."
                                                     ^
conftest.c:19:1: error: missing terminating " character
 Report bugs and patches to <config-patches@gnu.org>."
 ^
configure:6606: $? = 1
configure: failed program was:
| /* confdefs.h */
| #define PACKAGE_NAME "curl"
| #define PACKAGE_TARNAME "curl"
| #define PACKAGE_VERSION "-"
| #define PACKAGE_STRING "curl -"
| #define PACKAGE_BUGREPORT "a suitable curl mailing list: https://curl.haxx.se/mail/"
| #define PACKAGE_URL ""
| #define PACKAGE "curl"
| #define VERSION "-"
| #define OS "Usage: ./config.sub [OPTION] CPU-MFR-OPSYS or ALIAS
| 
| Canonicalize a configuration name.
| 
| Options:
|   -h, --help         print this help, then exit
|   -t, --time-stamp   print date of last modification, then exit
|   -v, --version      print version number, then exit
| 
| Report bugs and patches to <config-patches@gnu.org>."
| /* end confdefs.h.  */
| 
| 
| #define localtime_r innocuous_localtime_r
| #ifdef __STDC__
| # include <limits.h>
| #else
| # include <assert.h>
| #endif
| #undef localtime_r
| #ifdef __cplusplus
| extern "C"
| #endif
| char localtime_r ();
| #if defined __stub_localtime_r || defined __stub___localtime_r
| choke me
| #endif
| 
| int main (void)
| {
| return localtime_r ();
|  ;
|  return 0;
| }
| 
configure:6685: gcc -o conftest    conftest.c  >&5
conftest.c:10:12: warning: missing terminating " character [enabled by default]
 #define OS "Usage: ./config.sub [OPTION] CPU-MFR-OPSYS or ALIAS
            ^
conftest.c:12:1: error: unknown type name 'Canonicalize'
 Canonicalize a configuration name.
 ^
conftest.c:12:16: error: expected '=', ',', ';', 'asm' or '__attribute__' before 'configuration'
 Canonicalize a configuration name.
                ^
conftest.c:12:16: error: unknown type name 'configuration'
conftest.c:19:43: error: stray '@' in program
 Report bugs and patches to <config-patches@gnu.org>."
                                           ^
conftest.c:19:53: warning: missing terminating " character [enabled by default]
 Report bugs and patches to <config-patches@gnu.org>."
                                                     ^
conftest.c:19:1: error: missing terminating " character
 Report bugs and patches to <config-patches@gnu.org>."
 ^
configure:6685: $? = 1
configure: failed program was:
| /* confdefs.h */
| #define PACKAGE_NAME "curl"
| #define PACKAGE_TARNAME "curl"
| #define PACKAGE_VERSION "-"
| #define PACKAGE_STRING "curl -"
| #define PACKAGE_BUGREPORT "a suitable curl mailing list: https://curl.haxx.se/mail/"
| #define PACKAGE_URL ""
| #define PACKAGE "curl"
| #define VERSION "-"
| #define OS "Usage: ./config.sub [OPTION] CPU-MFR-OPSYS or ALIAS
| 
| Canonicalize a configuration name.
| 
| Options:
|   -h, --help         print this help, then exit
|   -t, --time-stamp   print date of last modification, then exit
|   -v, --version      print version number, then exit
| 
| Report bugs and patches to <config-patches@gnu.org>."
| /* end confdefs.h.  */
| 
| 
| #define strerror_r innocuous_strerror_r
| #ifdef __STDC__
| # include <limits.h>
| #else
| # include <assert.h>
| #endif
| #undef strerror_r
| #ifdef __cplusplus
| extern "C"
| #endif
| char strerror_r ();
| #if defined __stub_strerror_r || defined __stub___strerror_r
| choke me
| #endif
| 
| int main (void)
| {
| return strerror_r ();
|  ;
|  return 0;
| }
| 
configure:6764: gcc -o conftest    conftest.c  >&5
conftest.c:10:12: warning: missing terminating " character [enabled by default]
 #define OS "Usage: ./config.sub [OPTION] CPU-MFR-OPSYS or ALIAS
            ^
conftest.c:12:1: error: unknown type name 'Canonicalize'
 Canonicalize a configuration name.
 ^
conftest.c:12:16: error: expected '=', ',', ';', 'asm' or '__attribute__' before 'configuration'
 Canonicalize a configuration name.
                ^
conftest.c:12:16: error: unknown type name 'configuration'
conftest.c:19:43: error: stray '@' in program
 Report bugs and patches to <config-patches@gnu.org>."
                                           ^
conftest.c:19:53: warning: missing terminating " character [enabled by default]
 Report bugs and patches to <config-patches@gnu.org>."
                                                     ^
conftest.c:19:1: error: missing terminating " character
 Report bugs and patches to <config-patches@gnu.org>."
 ^
configure:6764: $? = 1
configure: failed program was:
| /* confdefs.h */
| #define PACKAGE_NAME "curl"
| #define PACKAGE_TARNAME "curl"
| #define PACKAGE_VERSION "-"
| #define PACKAGE_STRING "curl -"
| #define PACKAGE_BUGREPORT "a suitable curl mailing list: https://curl.haxx.se/mail/"
| #define PACKAGE_URL ""
| #define PACKAGE "curl"
| #define VERSION "-"
| #define OS "Usage: ./config.sub [OPTION] CPU-MFR-OPSYS or ALIAS
| 
| Canonicalize a configuration name.
| 
| Options:
|   -h, --help         print this help, then exit
|   -t, --time-stamp   print date of last modification, then exit
|   -v, --version      print version number, then exit
| 
| Report bugs and patches to <config-patches@gnu.org>."
| /* end confdefs.h.  */
| 
| 
| #define strtok_r innocuous_strtok_r
| #ifdef __STDC__
| # include <limits.h>
| #else
| # include <assert.h>
| #endif
| #undef strtok_r
| #ifdef __cplusplus
| extern "C"
| #endif
| char strtok_r ();
| #if defined __stub_strtok_r || defined __stub___strtok_r
| choke me
| #endif
| 
| int main (void)
| {
| return strtok_r ();
|  ;
|  return 0;
| }
| 
configure:6843: gcc -o conftest    conftest.c  >&5
conftest.c:10:12: warning: missing terminating " character [enabled by default]
 #define OS "Usage: ./config.sub [OPTION] CPU-MFR-OPSYS or ALIAS
            ^
conftest.c:12:1: error: unknown type name 'Canonicalize'
 Canonicalize a configuration name.
 ^
conftest.c:12:16: error: expected '=', ',', ';', 'asm' or '__attribute__' before 'configuration'
 Canonicalize a configuration name.
                ^
conftest.c:12:16: error: unknown type name 'configuration'
conftest.c:19:43: error: stray '@' in program
 Report bugs and patches to <config-patches@gnu.org>."
                                           ^
conftest.c:19:53: warning: missing terminating " character [enabled by default]
 Report bugs and patches to <config-patches@gnu.org>."
                                                     ^
conftest.c:19:1: error: missing terminating " character
 Report bugs and patches to <config-patches@gnu.org>."
 ^
configure:6843: $? = 1
configure: failed program was:
| /* confdefs.h */
| #define PACKAGE_NAME "curl"
| #define PACKAGE_TARNAME "curl"
| #define PACKAGE_VERSION "-"
| #define PACKAGE_STRING "curl -"
| #define PACKAGE_BUGREPORT "a suitable curl mailing list: https://curl.haxx.se/mail/"
| #define PACKAGE_URL ""
| #define PACKAGE "curl"
| #define VERSION "-"
| #define OS "Usage: ./config.sub [OPTION] CPU-MFR-OPSYS or ALIAS
| 
| Canonicalize a configuration name.
| 
| Options:
|   -h, --help         print this help, then exit
|   -t, --time-stamp   print date of last modification, then exit
|   -v, --version      print version number, then exit
| 
| Report bugs and patches to <config-patches@gnu.org>."
| /* end confdefs.h.  */
| 
| 
| #define inet_ntoa_r innocuous_inet_ntoa_r
| #ifdef __STDC__
| # include <limits.h>
| #else
| # include <assert.h>
| #endif
| #undef inet_ntoa_r
| #ifdef __cplusplus
| extern "C"
| #endif
| char inet_ntoa_r ();
| #if defined __stub_inet_ntoa_r || defined __stub___inet_ntoa_r
| choke me
| #endif
| 
| int main (void)
| {
| return inet_ntoa_r ();
|  ;
|  return 0;
| }
| 
configure:6926: gcc -o conftest    conftest.c  >&5
conftest.c:10:12: warning: missing terminating " character [enabled by default]
 #define OS "Usage: ./config.sub [OPTION] CPU-MFR-OPSYS or ALIAS
            ^
conftest.c:12:1: error: unknown type name 'Canonicalize'
 Canonicalize a configuration name.
 ^
conftest.c:12:16: error: expected '=', ',', ';', 'asm' or '__attribute__' before 'configuration'
 Canonicalize a configuration name.
                ^
conftest.c:12:16: error: unknown type name 'configuration'
conftest.c:19:43: error: stray '@' in program
 Report bugs and patches to <config-patches@gnu.org>."
                                           ^
conftest.c:19:53: warning: missing terminating " character [enabled by default]
 Report bugs and patches to <config-patches@gnu.org>."
                                                     ^
conftest.c:19:1: error: missing terminating " character
 Report bugs and patches to <config-patches@gnu.org>."
 ^
configure:6926: $? = 1
configure: failed program was:
| /* confdefs.h */
| #define PACKAGE_NAME "curl"
| #define PACKAGE_TARNAME "curl"
| #define PACKAGE_VERSION "-"
| #define PACKAGE_STRING "curl -"
| #define PACKAGE_BUGREPORT "a suitable curl mailing list: https://curl.haxx.se/mail/"
| #define PACKAGE_URL ""
| #define PACKAGE "curl"
| #define VERSION "-"
| #define OS "Usage: ./config.sub [OPTION] CPU-MFR-OPSYS or ALIAS
| 
| Canonicalize a configuration name.
| 
| Options:
|   -h, --help         print this help, then exit
|   -t, --time-stamp   print date of last modification, then exit
|   -v, --version      print version number, then exit
| 
| Report bugs and patches to <config-patches@gnu.org>."
| /* end confdefs.h.  */
| 
| 
| #define gethostbyaddr_r innocuous_gethostbyaddr_r
| #ifdef __STDC__
| # include <limits.h>
| #else
| # include <assert.h>
| #endif
| #undef gethostbyaddr_r
| #ifdef __cplusplus
| extern "C"
| #endif
| char gethostbyaddr_r ();
| #if defined __stub_gethostbyaddr_r || defined __stub___gethostbyaddr_r
| choke me
| #endif
| 
| int main (void)
| {
| return gethostbyaddr_r ();
|  ;
|  return 0;
| }
| 
configure:7005: gcc -o conftest    conftest.c  >&5
conftest.c:10:12: warning: missing terminating " character [enabled by default]
 #define OS "Usage: ./config.sub [OPTION] CPU-MFR-OPSYS or ALIAS
            ^
conftest.c:12:1: error: unknown type name 'Canonicalize'
 Canonicalize a configuration name.
 ^
conftest.c:12:16: error: expected '=', ',', ';', 'asm' or '__attribute__' before 'configuration'
 Canonicalize a configuration name.
                ^
conftest.c:12:16: error: unknown type name 'configuration'
conftest.c:19:43: error: stray '@' in program
 Report bugs and patches to <config-patches@gnu.org>."
                                           ^
conftest.c:19:53: warning: missing terminating " character [enabled by default]
 Report bugs and patches to <config-patches@gnu.org>."
                                                     ^
conftest.c:19:1: error: missing terminating " character
 Report bugs and patches to <config-patches@gnu.org>."
 ^
configure:7005: $? = 1
configure: failed program was:
| /* confdefs.h */
| #define PACKAGE_NAME "curl"
| #define PACKAGE_TARNAME "curl"
| #define PACKAGE_VERSION "-"
| #define PACKAGE_STRING "curl -"
| #define PACKAGE_BUGREPORT "a suitable curl mailing list: https://curl.haxx.se/mail/"
| #define PACKAGE_URL ""
| #define PACKAGE "curl"
| #define VERSION "-"
| #define OS "Usage: ./config.sub [OPTION] CPU-MFR-OPSYS or ALIAS
| 
| Canonicalize a configuration name.
| 
| Options:
|   -h, --help         print this help, then exit
|   -t, --time-stamp   print date of last modification, then exit
|   -v, --version      print version number, then exit
| 
| Report bugs and patches to <config-patches@gnu.org>."
| /* end confdefs.h.  */
| 
| 
| #define gethostbyname_r innocuous_gethostbyname_r
| #ifdef __STDC__
| # include <limits.h>
| #else
| # include <assert.h>
| #endif
| #undef gethostbyname_r
| #ifdef __cplusplus
| extern "C"
| #endif
| char gethostbyname_r ();
| #if defined __stub_gethostbyname_r || defined __stub___gethostbyname_r
| choke me
| #endif
| 
| int main (void)
| {
| return gethostbyname_r ();
|  ;
|  return 0;
| }
| 
configure:7084: gcc -o conftest    conftest.c  >&5
conftest.c:10:12: warning: missing terminating " character [enabled by default]
 #define OS "Usage: ./config.sub [OPTION] CPU-MFR-OPSYS or ALIAS
            ^
conftest.c:12:1: error: unknown type name 'Canonicalize'
 Canonicalize a configuration name.
 ^
conftest.c:12:16: error: expected '=', ',', ';', 'asm' or '__attribute__' before 'configuration'
 Canonicalize a configuration name.
                ^
conftest.c:12:16: error: unknown type name 'configuration'
conftest.c:19:43: error: stray '@' in program
 Report bugs and patches to <config-patches@gnu.org>."
                                           ^
conftest.c:19:53: warning: missing terminating " character [enabled by default]
 Report bugs and patches to <config-patches@gnu.org>."
                                                     ^
conftest.c:19:1: error: missing terminating " character
 Report bugs and patches to <config-patches@gnu.org>."
 ^
configure:7084: $? = 1
configure: failed program was:
| /* confdefs.h */
| #define PACKAGE_NAME "curl"
| #define PACKAGE_TARNAME "curl"
| #define PACKAGE_VERSION "-"
| #define PACKAGE_STRING "curl -"
| #define PACKAGE_BUGREPORT "a suitable curl mailing list: https://curl.haxx.se/mail/"
| #define PACKAGE_URL ""
| #define PACKAGE "curl"
| #define VERSION "-"
| #define OS "Usage: ./config.sub [OPTION] CPU-MFR-OPSYS or ALIAS
| 
| Canonicalize a configuration name.
| 
| Options:
|   -h, --help         print this help, then exit
|   -t, --time-stamp   print date of last modification, then exit
|   -v, --version      print version number, then exit
| 
| Report bugs and patches to <config-patches@gnu.org>."
| /* end confdefs.h.  */
| 
| 
| #define getprotobyname_r innocuous_getprotobyname_r
| #ifdef __STDC__
| # include <limits.h>
| #else
| # include <assert.h>
| #endif
| #undef getprotobyname_r
| #ifdef __cplusplus
| extern "C"
| #endif
| char getprotobyname_r ();
| #if defined __stub_getprotobyname_r || defined __stub___getprotobyname_r
| choke me
| #endif
| 
| int main (void)
| {
| return getprotobyname_r ();
|  ;
|  return 0;
| }
| 
configure:7163: gcc -o conftest    conftest.c  >&5
conftest.c:10:12: warning: missing terminating " character [enabled by default]
 #define OS "Usage: ./config.sub [OPTION] CPU-MFR-OPSYS or ALIAS
            ^
conftest.c:12:1: error: unknown type name 'Canonicalize'
 Canonicalize a configuration name.
 ^
conftest.c:12:16: error: expected '=', ',', ';', 'asm' or '__attribute__' before 'configuration'
 Canonicalize a configuration name.
                ^
conftest.c:12:16: error: unknown type name 'configuration'
conftest.c:19:43: error: stray '@' in program
 Report bugs and patches to <config-patches@gnu.org>."
                                           ^
conftest.c:19:53: warning: missing terminating " character [enabled by default]
 Report bugs and patches to <config-patches@gnu.org>."
                                                     ^
conftest.c:19:1: error: missing terminating " character
 Report bugs and patches to <config-patches@gnu.org>."
 ^
configure:7163: $? = 1
configure: failed program was:
| /* confdefs.h */
| #define PACKAGE_NAME "curl"
| #define PACKAGE_TARNAME "curl"
| #define PACKAGE_VERSION "-"
| #define PACKAGE_STRING "curl -"
| #define PACKAGE_BUGREPORT "a suitable curl mailing list: https://curl.haxx.se/mail/"
| #define PACKAGE_URL ""
| #define PACKAGE "curl"
| #define VERSION "-"
| #define OS "Usage: ./config.sub [OPTION] CPU-MFR-OPSYS or ALIAS
| 
| Canonicalize a configuration name.
| 
| Options:
|   -h, --help         print this help, then exit
|   -t, --time-stamp   print date of last modification, then exit
|   -v, --version      print version number, then exit
| 
| Report bugs and patches to <config-patches@gnu.org>."
| /* end confdefs.h.  */
| 
| 
| #define getservbyport_r innocuous_getservbyport_r
| #ifdef __STDC__
| # include <limits.h>
| #else
| # include <assert.h>
| #endif
| #undef getservbyport_r
| #ifdef __cplusplus
| extern "C"
| #endif
| char getservbyport_r ();
| #if defined __stub_getservbyport_r || defined __stub___getservbyport_r
| choke me
| #endif
| 
| int main (void)
| {
| return getservbyport_r ();
|  ;
|  return 0;
| }
| 
configure:7219: result: no
configure:7224: checking if _REENTRANT is onwards defined
configure:7241: result: no
configure:7254: checking for special C compiler options needed for large files
configure:7298: result: no
configure:7304: checking for _FILE_OFFSET_BITS value needed for large files
configure:7328: gcc -c   conftest.c >&5
conftest.c:10:12: warning: missing terminating " character [enabled by default]
 #define OS "Usage: ./config.sub [OPTION] CPU-MFR-OPSYS or ALIAS
            ^
conftest.c:12:1: error: unknown type name 'Canonicalize'
 Canonicalize a configuration name.
 ^
conftest.c:12:16: error: expected '=', ',', ';', 'asm' or '__attribute__' before 'configuration'
 Canonicalize a configuration name.
                ^
conftest.c:12:16: error: unknown type name 'configuration'
conftest.c:19:43: error: stray '@' in program
 Report bugs and patches to <config-patches@gnu.org>."
                                           ^
conftest.c:19:53: warning: missing terminating " character [enabled by default]
 Report bugs and patches to <config-patches@gnu.org>."
                                                     ^
conftest.c:19:1: error: missing terminating " character
 Report bugs and patches to <config-patches@gnu.org>."
 ^
In file included from conftest.c:21:0:
/usr/include/sys/types.h:33:1: error: unknown type name '__u_char'
 typedef __u_char u_char;
 ^
configure:7328: $? = 1
configure: failed program was:
| /* confdefs.h */
| #define PACKAGE_NAME "curl"
| #define PACKAGE_TARNAME "curl"
| #define PACKAGE_VERSION "-"
| #define PACKAGE_STRING "curl -"
| #define PACKAGE_BUGREPORT "a suitable curl mailing list: https://curl.haxx.se/mail/"
| #define PACKAGE_URL ""
| #define PACKAGE "curl"
| #define VERSION "-"
| #define OS "Usage: ./config.sub [OPTION] CPU-MFR-OPSYS or ALIAS
| 
| Canonicalize a configuration name.
| 
| Options:
|   -h, --help         print this help, then exit
|   -t, --time-stamp   print date of last modification, then exit
|   -v, --version      print version number, then exit
| 
| Report bugs and patches to <config-patches@gnu.org>."
| /* end confdefs.h.  */
| #include <sys/types.h>
|  /* Check that off_t can represent 2**63 - 1 correctly.
|     We can't simply define LARGE_OFF_T to be 9223372036854775807,
|     since some C++ compilers masquerading as C compilers
|     incorrectly reject 9223372036854775807.  */
| #define LARGE_OFF_T ((((off_t) 1 << 31) << 31) - 1 + (((off_t) 1 << 31) << 31))
|   int off_t_is_large[(LARGE_OFF_T % 2147483629 == 721
| 		       && LARGE_OFF_T % 2147483647 == 1)
| 		      ? 1 : -1];
| int main (void)
| {
| 
|  ;
|  return 0;
| }
configure:7351: gcc -c   conftest.c >&5
conftest.c:10:12: warning: missing terminating " character [enabled by default]
 #define OS "Usage: ./config.sub [OPTION] CPU-MFR-OPSYS or ALIAS
            ^
conftest.c:12:1: error: unknown type name 'Canonicalize'
 Canonicalize a configuration name.
 ^
conftest.c:12:16: error: expected '=', ',', ';', 'asm' or '__attribute__' before 'configuration'
 Canonicalize a configuration name.
                ^
conftest.c:12:16: error: unknown type name 'configuration'
conftest.c:19:43: error: stray '@' in program
 Report bugs and patches to <config-patches@gnu.org>."
                                           ^
conftest.c:19:53: warning: missing terminating " character [enabled by default]
 Report bugs and patches to <config-patches@gnu.org>."
                                                     ^
conftest.c:19:1: error: missing terminating " character
 Report bugs and patches to <config-patches@gnu.org>."
 ^
In file included from conftest.c:22:0:
/usr/include/sys/types.h:33:1: error: unknown type name '__u_char'
 typedef __u_char u_char;
 ^
configure:7351: $? = 1
configure: failed program was:
| /* confdefs.h */
| #define PACKAGE_NAME "curl"
| #define PACKAGE_TARNAME "curl"
| #define PACKAGE_VERSION "-"
| #define PACKAGE_STRING "curl -"
| #define PACKAGE_BUGREPORT "a suitable curl mailing list: https://curl.haxx.se/mail/"
| #define PACKAGE_URL ""
| #define PACKAGE "curl"
| #define VERSION "-"
| #define OS "Usage: ./config.sub [OPTION] CPU-MFR-OPSYS or ALIAS
| 
| Canonicalize a configuration name.
| 
| Options:
|   -h, --help         print this help, then exit
|   -t, --time-stamp   print date of last modification, then exit
|   -v, --version      print version number, then exit
| 
| Report bugs and patches to <config-patches@gnu.org>."
| /* end confdefs.h.  */
| #define _FILE_OFFSET_BITS 64
| #include <sys/types.h>
|  /* Check that off_t can represent 2**63 - 1 correctly.
|     We can't simply define LARGE_OFF_T to be 9223372036854775807,
|     since some C++ compilers masquerading as C compilers
|     incorrectly reject 9223372036854775807.  */
| #define LARGE_OFF_T ((((off_t) 1 << 31) << 31) - 1 + (((off_t) 1 << 31) << 31))
|   int off_t_is_large[(LARGE_OFF_T % 2147483629 == 721
| 		       && LARGE_OFF_T % 2147483647 == 1)
| 		      ? 1 : -1];
| int main (void)
| {
| 
|  ;
|  return 0;
| }
configure:7359: result: unknown
configure:7371: checking for _LARGE_FILES value needed for large files
configure:7395: gcc -c   conftest.c >&5
conftest.c:10:12: warning: missing terminating " character [enabled by default]
 #define OS "Usage: ./config.sub [OPTION] CPU-MFR-OPSYS or ALIAS
            ^
conftest.c:12:1: error: unknown type name 'Canonicalize'
 Canonicalize a configuration name.
 ^
conftest.c:12:16: error: expected '=', ',', ';', 'asm' or '__attribute__' before 'configuration'
 Canonicalize a configuration name.
                ^
conftest.c:12:16: error: unknown type name 'configuration'
conftest.c:19:43: error: stray '@' in program
 Report bugs and patches to <config-patches@gnu.org>."
                                           ^
conftest.c:19:53: warning: missing terminating " character [enabled by default]
 Report bugs and patches to <config-patches@gnu.org>."
                                                     ^
conftest.c:19:1: error: missing terminating " character
 Report bugs and patches to <config-patches@gnu.org>."
 ^
In file included from conftest.c:21:0:
/usr/include/sys/types.h:33:1: error: unknown type name '__u_char'
 typedef __u_char u_char;
 ^
configure:7395: $? = 1
configure: failed program was:
| /* confdefs.h */
| #define PACKAGE_NAME "curl"
| #define PACKAGE_TARNAME "curl"
| #define PACKAGE_VERSION "-"
| #define PACKAGE_STRING "curl -"
| #define PACKAGE_BUGREPORT "a suitable curl mailing list: https://curl.haxx.se/mail/"
| #define PACKAGE_URL ""
| #define PACKAGE "curl"
| #define VERSION "-"
| #define OS "Usage: ./config.sub [OPTION] CPU-MFR-OPSYS or ALIAS
| 
| Canonicalize a configuration name.
| 
| Options:
|   -h, --help         print this help, then exit
|   -t, --time-stamp   print date of last modification, then exit
|   -v, --version      print version number, then exit
| 
| Report bugs and patches to <config-patches@gnu.org>."
| /* end confdefs.h.  */
| #include <sys/types.h>
|  /* Check that off_t can represent 2**63 - 1 correctly.
|     We can't simply define LARGE_OFF_T to be 9223372036854775807,
|     since some C++ compilers masquerading as C compilers
|     incorrectly reject 9223372036854775807.  */
| #define LARGE_OFF_T ((((off_t) 1 << 31) << 31) - 1 + (((off_t) 1 << 31) << 31))
|   int off_t_is_large[(LARGE_OFF_T % 2147483629 == 721
| 		       && LARGE_OFF_T % 2147483647 == 1)
| 		      ? 1 : -1];
| int main (void)
| {
| 
|  ;
|  return 0;
| }
configure:7418: gcc -c   conftest.c >&5
conftest.c:10:12: warning: missing terminating " character [enabled by default]
 #define OS "Usage: ./config.sub [OPTION] CPU-MFR-OPSYS or ALIAS
            ^
conftest.c:12:1: error: unknown type name 'Canonicalize'
 Canonicalize a configuration name.
 ^
conftest.c:12:16: error: expected '=', ',', ';', 'asm' or '__attribute__' before 'configuration'
 Canonicalize a configuration name.
                ^
conftest.c:12:16: error: unknown type name 'configuration'
conftest.c:19:43: error: stray '@' in program
 Report bugs and patches to <config-patches@gnu.org>."
                                           ^
conftest.c:19:53: warning: missing terminating " character [enabled by default]
 Report bugs and patches to <config-patches@gnu.org>."
                                                     ^
conftest.c:19:1: error: missing terminating " character
 Report bugs and patches to <config-patches@gnu.org>."
 ^
In file included from conftest.c:22:0:
/usr/include/sys/types.h:33:1: error: unknown type name '__u_char'
 typedef __u_char u_char;
 ^
configure:7418: $? = 1
configure: failed program was:
| /* confdefs.h */
| #define PACKAGE_NAME "curl"
| #define PACKAGE_TARNAME "curl"
| #define PACKAGE_VERSION "-"
| #define PACKAGE_STRING "curl -"
| #define PACKAGE_BUGREPORT "a suitable curl mailing list: https://curl.haxx.se/mail/"
| #define PACKAGE_URL ""
| #define PACKAGE "curl"
| #define VERSION "-"
| #define OS "Usage: ./config.sub [OPTION] CPU-MFR-OPSYS or ALIAS
| 
| Canonicalize a configuration name.
| 
| Options:
|   -h, --help         print this help, then exit
|   -t, --time-stamp   print date of last modification, then exit
|   -v, --version      print version number, then exit
| 
| Report bugs and patches to <config-patches@gnu.org>."
| /* end confdefs.h.  */
| #define _LARGE_FILES 1
| #include <sys/types.h>
|  /* Check that off_t can represent 2**63 - 1 correctly.
|     We can't simply define LARGE_OFF_T to be 9223372036854775807,
|     since some C++ compilers masquerading as C compilers
|     incorrectly reject 9223372036854775807.  */
| #define LARGE_OFF_T ((((off_t) 1 << 31) << 31) - 1 + (((off_t) 1 << 31) << 31))
|   int off_t_is_large[(LARGE_OFF_T % 2147483629 == 721
| 		       && LARGE_OFF_T % 2147483647 == 1)
| 		      ? 1 : -1];
| int main (void)
| {
| 
|  ;
|  return 0;
| }
configure:7426: result: unknown
configure:7489: checking how to print strings
configure:7516: result: printf
configure:7537: checking for a sed that does not truncate output
configure:7601: result: /usr/bin/sed
configure:7619: checking for fgrep
configure:7681: result: /usr/bin/grep -F
configure:7716: checking for ld used by gcc
configure:7783: result: /usr/bin/ld
configure:7790: checking if the linker (/usr/bin/ld) is GNU ld
configure:7805: result: yes
configure:7817: checking for BSD- or MS-compatible name lister (nm)
configure:7871: result: no
configure:7885: checking for -h-dumpbin
configure:7915: result: no
configure:7885: checking for -h-link
configure:7915: result: no
configure:7929: checking for dumpbin
configure:7959: result: no
configure:7929: checking for link
configure:7945: found /usr/bin/link
configure:7956: result: link -dump
configure:8001: checking the name lister (nm) interface
configure:8008: gcc -c   conftest.c >&5
configure:8011: nm "conftest.o"
configure:8014: output
0000000000000000 B some_variable
configure:8021: result: BSD nm
configure:8024: checking whether ln -s works
configure:8028: result: yes
configure:8036: checking the maximum length of command line arguments
configure:8167: result: 1572864
configure:8215: checking how to convert x86_64-pc-linux-gnu file names to Usage: ./config.sub [OPTION] CPU-MFR-OPSYS or ALIAS

Canonicalize a configuration name.

Options:
  -h, --help         print this help, then exit
  -t, --time-stamp   print date of last modification, then exit
  -v, --version      print version number, then exit

Report bugs and patches to <config-patches@gnu.org>. format
configure:8255: result: func_convert_file_noop
configure:8262: checking how to convert x86_64-pc-linux-gnu file names to toolchain format
configure:8282: result: func_convert_file_noop
configure:8289: checking for /usr/bin/ld option to reload object files
configure:8296: result: -r
configure:8330: checking for -h-objdump
configure:8360: result: no
configure:8370: checking for objdump
configure:8386: found /usr/bin/objdump
configure:8397: result: objdump
configure:8426: checking how to recognize dependent libraries
configure:8626: result: unknown
configure:8671: checking for -h-dlltool
configure:8701: result: no
configure:8711: checking for dlltool
configure:8741: result: no
configure:8768: checking how to associate runtime and link libraries
configure:8795: result: printf %s\n
configure:8811: checking for -h-ar
configure:8838: result: /usr/bin/ar
configure:8919: checking for archiver @FILE support
configure:8935: gcc -c   conftest.c >&5
conftest.c:10:12: warning: missing terminating " character [enabled by default]
 #define OS "Usage: ./config.sub [OPTION] CPU-MFR-OPSYS or ALIAS
            ^
conftest.c:12:1: error: unknown type name 'Canonicalize'
 Canonicalize a configuration name.
 ^
conftest.c:12:16: error: expected '=', ',', ';', 'asm' or '__attribute__' before 'configuration'
 Canonicalize a configuration name.
                ^
conftest.c:12:16: error: unknown type name 'configuration'
conftest.c:19:43: error: stray '@' in program
 Report bugs and patches to <config-patches@gnu.org>."
                                           ^
conftest.c:19:53: warning: missing terminating " character [enabled by default]
 Report bugs and patches to <config-patches@gnu.org>."
                                                     ^
conftest.c:19:1: error: missing terminating " character
 Report bugs and patches to <config-patches@gnu.org>."
 ^
configure:8935: $? = 1
configure: failed program was:
| /* confdefs.h */
| #define PACKAGE_NAME "curl"
| #define PACKAGE_TARNAME "curl"
| #define PACKAGE_VERSION "-"
| #define PACKAGE_STRING "curl -"
| #define PACKAGE_BUGREPORT "a suitable curl mailing list: https://curl.haxx.se/mail/"
| #define PACKAGE_URL ""
| #define PACKAGE "curl"
| #define VERSION "-"
| #define OS "Usage: ./config.sub [OPTION] CPU-MFR-OPSYS or ALIAS
| 
| Canonicalize a configuration name.
| 
| Options:
|   -h, --help         print this help, then exit
|   -t, --time-stamp   print date of last modification, then exit
|   -v, --version      print version number, then exit
| 
| Report bugs and patches to <config-patches@gnu.org>."
| /* end confdefs.h.  */
| 
| int main (void)
| {
| 
|  ;
|  return 0;
| }
configure:8961: result: no
configure:8979: checking for -h-strip
configure:9009: result: no
configure:9019: checking for strip
configure:9035: found /usr/bin/strip
configure:9046: result: strip
configure:9078: checking for -h-ranlib
configure:9108: result: no
configure:9118: checking for ranlib
configure:9134: found /usr/bin/ranlib
configure:9145: result: ranlib
configure:9247: checking command to parse nm output from gcc object
configure:9400: gcc -c   conftest.c >&5
configure:9403: $? = 0
configure:9407: nm conftest.o \| sed -n -e 's/^.*[ ]\([ABCDGIRSTW][ABCDGIRSTW]*\)[ ][ ]*\([_A-Za-z][_A-Za-z0-9]*\)$/\1 \2 \2/p' | sed '/ __gnu_lto/d' \> conftest.nm
configure:9410: $? = 0
configure:9476: gcc -o conftest    conftest.c conftstm.o >&5
configure:9479: $? = 0
configure:9517: result: ok
configure:9564: checking for sysroot
configure:9594: result: no
configure:9601: checking for a working dd
configure:9639: result: /usr/bin/dd
configure:9643: checking how to truncate binary pipes
configure:9658: result: /usr/bin/dd bs=4096 count=1
configure:9946: checking for -h-mt
configure:9976: result: no
configure:9986: checking for mt
configure:10016: result: no
configure:10036: checking if : is a manifest tool
configure:10042: : '-?'
configure:10050: result: no
configure:10721: checking for ANSI C header files
configure:10740: gcc -c   conftest.c >&5
conftest.c:10:12: warning: missing terminating " character [enabled by default]
 #define OS "Usage: ./config.sub [OPTION] CPU-MFR-OPSYS or ALIAS
            ^
conftest.c:12:1: error: unknown type name 'Canonicalize'
 Canonicalize a configuration name.
 ^
conftest.c:12:16: error: expected '=', ',', ';', 'asm' or '__attribute__' before 'configuration'
 Canonicalize a configuration name.
                ^
conftest.c:12:16: error: unknown type name 'configuration'
conftest.c:19:43: error: stray '@' in program
 Report bugs and patches to <config-patches@gnu.org>."
                                           ^
conftest.c:19:53: warning: missing terminating " character [enabled by default]
 Report bugs and patches to <config-patches@gnu.org>."
                                                     ^
conftest.c:19:1: error: missing terminating " character
 Report bugs and patches to <config-patches@gnu.org>."
 ^
In file included from conftest.c:21:0:
/usr/include/stdlib.h:139:1: error: unknown type name 'size_t'
 extern size_t __ctype_get_mb_cur_max (void) __THROW __wur;
 ^
In file included from conftest.c:21:0:
/usr/include/stdlib.h:331:4: error: unknown type name 'size_t'
    size_t __statelen) __THROW __nonnull ((2));
    ^
/usr/include/stdlib.h:361:4: error: unknown type name 'size_t'
    size_t __statelen,
    ^
/usr/include/stdlib.h:465:22: error: unknown type name 'size_t'
 extern void *malloc (size_t __size) __THROW __attribute_malloc__ __wur;
                      ^
/usr/include/stdlib.h:467:22: error: unknown type name 'size_t'
 extern void *calloc (size_t __nmemb, size_t __size)
                      ^
/usr/include/stdlib.h:467:38: error: unknown type name 'size_t'
 extern void *calloc (size_t __nmemb, size_t __size)
                                      ^
/usr/include/stdlib.h:479:36: error: unknown type name 'size_t'
 extern void *realloc (void *__ptr, size_t __size)
                                    ^
In file included from /usr/include/stdlib.h:491:0,
                 from conftest.c:21:
/usr/include/alloca.h:32:22: error: unknown type name 'size_t'
 extern void *alloca (size_t __size) __THROW;
                      ^
In file included from conftest.c:21:0:
/usr/include/stdlib.h:497:22: error: unknown type name 'size_t'
 extern void *valloc (size_t __size) __THROW __attribute_malloc__ __wur;
                      ^
/usr/include/stdlib.h:502:45: error: unknown type name 'size_t'
 extern int posix_memalign (void **__memptr, size_t __alignment, size_t __size)
                                             ^
/usr/include/stdlib.h:502:65: error: unknown type name 'size_t'
 extern int posix_memalign (void **__memptr, size_t __alignment, size_t __size)
                                                                 ^
/usr/include/stdlib.h:755:9: error: unknown type name 'size_t'
         size_t __nmemb, size_t __size, __compar_fn_t __compar)
         ^
/usr/include/stdlib.h:755:25: error: unknown type name 'size_t'
         size_t __nmemb, size_t __size, __compar_fn_t __compar)
                         ^
/usr/include/stdlib.h:760:34: error: unknown type name 'size_t'
 extern void qsort (void *__base, size_t __nmemb, size_t __size,
                                  ^
/usr/include/stdlib.h:760:50: error: unknown type name 'size_t'
 extern void qsort (void *__base, size_t __nmemb, size_t __size,
                                                  ^
/usr/include/stdlib.h:839:6: error: unknown type name 'size_t'
      size_t __len) __THROW __nonnull ((3, 4, 5));
      ^
/usr/include/stdlib.h:842:6: error: unknown type name 'size_t'
      size_t __len) __THROW __nonnull ((3, 4, 5));
      ^
/usr/include/stdlib.h:846:31: error: unknown type name 'size_t'
       char *__restrict __buf, size_t __len)
                               ^
/usr/include/stdlib.h:850:31: error: unknown type name 'size_t'
       char *__restrict __buf, size_t __len)
                               ^
/usr/include/stdlib.h:859:36: error: unknown type name 'size_t'
 extern int mblen (const char *__s, size_t __n) __THROW __wur;
                                    ^
/usr/include/stdlib.h:863:34: error: unknown type name 'size_t'
      const char *__restrict __s, size_t __n) __THROW __wur;
                                  ^
/usr/include/stdlib.h:870:1: error: unknown type name 'size_t'
 extern size_t mbstowcs (wchar_t *__restrict  __pwcs,
 ^
/usr/include/stdlib.h:871:32: error: unknown type name 'size_t'
    const char *__restrict __s, size_t __n) __THROW;
                                ^
/usr/include/stdlib.h:873:1: error: unknown type name 'size_t'
 extern size_t wcstombs (char *__restrict __s,
 ^
/usr/include/stdlib.h:874:38: error: unknown type name 'size_t'
    const wchar_t *__restrict __pwcs, size_t __n)
                                      ^
In file included from conftest.c:23:0:
/usr/include/string.h:43:8: error: unknown type name 'size_t'
        size_t __n) __THROW __nonnull ((1, 2));
        ^
/usr/include/string.h:46:56: error: unknown type name 'size_t'
 extern void *memmove (void *__dest, const void *__src, size_t __n)
                                                        ^
/usr/include/string.h:55:18: error: unknown type name 'size_t'
         int __c, size_t __n)
                  ^
/usr/include/string.h:62:42: error: unknown type name 'size_t'
 extern void *memset (void *__s, int __c, size_t __n) __THROW __nonnull ((1));
                                          ^
/usr/include/string.h:65:56: error: unknown type name 'size_t'
 extern int memcmp (const void *__s1, const void *__s2, size_t __n)
                                                        ^
/usr/include/string.h:92:48: error: unknown type name 'size_t'
 extern void *memchr (const void *__s, int __c, size_t __n)
                                                ^
/usr/include/string.h:129:39: error: unknown type name 'size_t'
         const char *__restrict __src, size_t __n)
                                       ^
/usr/include/string.h:137:9: error: unknown type name 'size_t'
         size_t __n) __THROW __nonnull ((1, 2));
         ^
/usr/include/string.h:143:57: error: unknown type name 'size_t'
 extern int strncmp (const char *__s1, const char *__s2, size_t __n)
                                                         ^
/usr/include/string.h:150:1: error: unknown type name 'size_t'
 extern size_t strxfrm (char *__restrict __dest,
 ^
/usr/include/string.h:151:40: error: unknown type name 'size_t'
          const char *__restrict __src, size_t __n)
                                        ^
In file included from conftest.c:23:0:
/usr/include/string.h:165:1: error: unknown type name 'size_t'
 extern size_t strxfrm_l (char *__dest, const char *__src, size_t __n,
 ^
/usr/include/string.h:165:59: error: unknown type name 'size_t'
 extern size_t strxfrm_l (char *__dest, const char *__src, size_t __n,
                                                           ^
/usr/include/string.h:180:45: error: unknown type name 'size_t'
 extern char *strndup (const char *__string, size_t __n)
                                             ^
/usr/include/string.h:281:1: error: unknown type name 'size_t'
 extern size_t strcspn (const char *__s, const char *__reject)
 ^
/usr/include/string.h:285:1: error: unknown type name 'size_t'
 extern size_t strspn (const char *__s, const char *__accept)
 ^
/usr/include/string.h:395:1: error: unknown type name 'size_t'
 extern size_t strlen (const char *__s)
 ^
/usr/include/string.h:402:1: error: unknown type name 'size_t'
 extern size_t strnlen (const char *__string, size_t __maxlen)
 ^
/usr/include/string.h:402:46: error: unknown type name 'size_t'
 extern size_t strnlen (const char *__string, size_t __maxlen)
                                              ^
In file included from /usr/include/features.h:375:0,
                 from /usr/include/stdlib.h:24,
                 from conftest.c:21:
/usr/include/string.h:423:12: error: unknown type name 'size_t'
 extern int __REDIRECT_NTH (strerror_r,
            ^
In file included from conftest.c:23:0:
/usr/include/string.h:447:33: error: unknown type name 'size_t'
 extern void __bzero (void *__s, size_t __n) __THROW __nonnull ((1));
                                 ^
/usr/include/string.h:451:53: error: unknown type name 'size_t'
 extern void bcopy (const void *__src, void *__dest, size_t __n)
                                                     ^
/usr/include/string.h:455:31: error: unknown type name 'size_t'
 extern void bzero (void *__s, size_t __n) __THROW __nonnull ((1));
                               ^
/usr/include/string.h:458:54: error: unknown type name 'size_t'
 extern int bcmp (const void *__s1, const void *__s2, size_t __n)
                                                      ^
/usr/include/string.h:536:61: error: unknown type name 'size_t'
 extern int strncasecmp (const char *__s1, const char *__s2, size_t __n)
                                                             ^
/usr/include/string.h:573:34: error: unknown type name 'size_t'
    const char *__restrict __src, size_t __n)
                                  ^
/usr/include/string.h:576:39: error: unknown type name 'size_t'
         const char *__restrict __src, size_t __n)
                                       ^
configure:10740: $? = 1
configure: failed program was:
| /* confdefs.h */
| #define PACKAGE_NAME "curl"
| #define PACKAGE_TARNAME "curl"
| #define PACKAGE_VERSION "-"
| #define PACKAGE_STRING "curl -"
| #define PACKAGE_BUGREPORT "a suitable curl mailing list: https://curl.haxx.se/mail/"
| #define PACKAGE_URL ""
| #define PACKAGE "curl"
| #define VERSION "-"
| #define OS "Usage: ./config.sub [OPTION] CPU-MFR-OPSYS or ALIAS
| 
| Canonicalize a configuration name.
| 
| Options:
|   -h, --help         print this help, then exit
|   -t, --time-stamp   print date of last modification, then exit
|   -v, --version      print version number, then exit
| 
| Report bugs and patches to <config-patches@gnu.org>."
| /* end confdefs.h.  */
| #include <stdlib.h>
| #include <stdarg.h>
| #include <string.h>
| #include <float.h>
| 
| int main (void)
| {
| 
|  ;
|  return 0;
| }
configure:10824: result: no
configure:10837: checking for sys/types.h
configure:10837: gcc -c   conftest.c >&5
conftest.c:10:12: warning: missing terminating " character [enabled by default]
 #define OS "Usage: ./config.sub [OPTION] CPU-MFR-OPSYS or ALIAS
            ^
conftest.c:12:1: error: unknown type name 'Canonicalize'
 Canonicalize a configuration name.
 ^
conftest.c:12:16: error: expected '=', ',', ';', 'asm' or '__attribute__' before 'configuration'
 Canonicalize a configuration name.
                ^
conftest.c:12:16: error: unknown type name 'configuration'
conftest.c:19:43: error: stray '@' in program
 Report bugs and patches to <config-patches@gnu.org>."
                                           ^
conftest.c:19:53: warning: missing terminating " character [enabled by default]
 Report bugs and patches to <config-patches@gnu.org>."
                                                     ^
conftest.c:19:1: error: missing terminating " character
 Report bugs and patches to <config-patches@gnu.org>."
 ^
In file included from /usr/include/stdio.h:74:0,
                 from conftest.c:21:
/usr/include/libio.h:307:3: error: unknown type name 'size_t'
   size_t __pad5;
   ^
/usr/include/libio.h:311:67: error: 'size_t' undeclared here (not in a function)
   char _unused2[15 * sizeof (int) - 4 * sizeof (void *) - sizeof (size_t)];
                                                                   ^
/usr/include/libio.h:339:62: error: expected declaration specifiers or '...' before 'size_t'
 typedef __ssize_t __io_read_fn (void *__cookie, char *__buf, size_t __nbytes);
                                                              ^
/usr/include/libio.h:348:6: error: expected declaration specifiers or '...' before 'size_t'
      size_t __n);
      ^
/usr/include/libio.h:470:19: error: expected '=', ',', ';', 'asm' or '__attribute__' before '_IO_sgetn'
 extern _IO_size_t _IO_sgetn (_IO_FILE *, void *, _IO_size_t);
                   ^
In file included from conftest.c:21:0:
/usr/include/stdio.h:319:35: error: expected declaration specifiers or '...' before 'size_t'
 extern FILE *fmemopen (void *__s, size_t __len, const char *__modes)
                                   ^
/usr/include/stdio.h:325:47: error: expected declaration specifiers or '...' before 'size_t'
 extern FILE *open_memstream (char **__bufloc, size_t *__sizeloc) __THROW __wur;
                                               ^
/usr/include/stdio.h:337:20: error: expected declaration specifiers or '...' before 'size_t'
       int __modes, size_t __n) __THROW;
                    ^
/usr/include/stdio.h:344:10: error: expected declaration specifiers or '...' before 'size_t'
          size_t __size) __THROW;
          ^
/usr/include/stdio.h:386:44: error: expected declaration specifiers or '...' before 'size_t'
 extern int snprintf (char *__restrict __s, size_t __maxlen,
                                            ^
/usr/include/stdio.h:390:45: error: expected declaration specifiers or '...' before 'size_t'
 extern int vsnprintf (char *__restrict __s, size_t __maxlen,
                                             ^
/usr/include/stdio.h:666:11: error: expected declaration specifiers or '...' before 'size_t'
           size_t *__restrict __n, int __delimiter,
           ^
/usr/include/stdio.h:669:9: error: expected declaration specifiers or '...' before 'size_t'
         size_t *__restrict __n, int __delimiter,
         ^
/usr/include/stdio.h:679:8: error: expected declaration specifiers or '...' before 'size_t'
        size_t *__restrict __n,
        ^
/usr/include/stdio.h:709:15: error: expected '=', ',', ';', 'asm' or '__attribute__' before 'fread'
 extern size_t fread (void *__restrict __ptr, size_t __size,
               ^
/usr/include/stdio.h:715:15: error: expected '=', ',', ';', 'asm' or '__attribute__' before 'fwrite'
 extern size_t fwrite (const void *__restrict __ptr, size_t __size,
               ^
/usr/include/stdio.h:737:15: error: expected '=', ',', ';', 'asm' or '__attribute__' before 'fread_unlocked'
 extern size_t fread_unlocked (void *__restrict __ptr, size_t __size,
               ^
/usr/include/stdio.h:739:15: error: expected '=', ',', ';', 'asm' or '__attribute__' before 'fwrite_unlocked'
 extern size_t fwrite_unlocked (const void *__restrict __ptr, size_t __size,
               ^
configure:10837: $? = 1
configure: failed program was:
| /* confdefs.h */
| #define PACKAGE_NAME "curl"
| #define PACKAGE_TARNAME "curl"
| #define PACKAGE_VERSION "-"
| #define PACKAGE_STRING "curl -"
| #define PACKAGE_BUGREPORT "a suitable curl mailing list: https://curl.haxx.se/mail/"
| #define PACKAGE_URL ""
| #define PACKAGE "curl"
| #define VERSION "-"
| #define OS "Usage: ./config.sub [OPTION] CPU-MFR-OPSYS or ALIAS
| 
| Canonicalize a configuration name.
| 
| Options:
|   -h, --help         print this help, then exit
|   -t, --time-stamp   print date of last modification, then exit
|   -v, --version      print version number, then exit
| 
| Report bugs and patches to <config-patches@gnu.org>."
| /* end confdefs.h.  */
| #include <stdio.h>
| #ifdef HAVE_SYS_TYPES_H
| # include <sys/types.h>
| #endif
| #ifdef HAVE_SYS_STAT_H
| # include <sys/stat.h>
| #endif
| #ifdef STDC_HEADERS
| # include <stdlib.h>
| # include <stddef.h>
| #else
| # ifdef HAVE_STDLIB_H
| #  include <stdlib.h>
| # endif
| #endif
| #ifdef HAVE_STRING_H
| # if !defined STDC_HEADERS && defined HAVE_MEMORY_H
| #  include <memory.h>
| # endif
| # include <string.h>
| #endif
| #ifdef HAVE_STRINGS_H
| # include <strings.h>
| #endif
| #ifdef HAVE_INTTYPES_H
| # include <inttypes.h>
| #endif
| #ifdef HAVE_STDINT_H
| # include <stdint.h>
| #endif
| #ifdef HAVE_UNISTD_H
| # include <unistd.h>
| #endif
| 
| #include <sys/types.h>
configure:10837: result: no
configure:10837: checking for sys/stat.h
configure:10837: gcc -c   conftest.c >&5
conftest.c:10:12: warning: missing terminating " character [enabled by default]
 #define OS "Usage: ./config.sub [OPTION] CPU-MFR-OPSYS or ALIAS
            ^
conftest.c:12:1: error: unknown type name 'Canonicalize'
 Canonicalize a configuration name.
 ^
conftest.c:12:16: error: expected '=', ',', ';', 'asm' or '__attribute__' before 'configuration'
 Canonicalize a configuration name.
                ^
conftest.c:12:16: error: unknown type name 'configuration'
conftest.c:19:43: error: stray '@' in program
 Report bugs and patches to <config-patches@gnu.org>."
                                           ^
conftest.c:19:53: warning: missing terminating " character [enabled by default]
 Report bugs and patches to <config-patches@gnu.org>."
                                                     ^
conftest.c:19:1: error: missing terminating " character
 Report bugs and patches to <config-patches@gnu.org>."
 ^
In file included from /usr/include/stdio.h:74:0,
                 from conftest.c:21:
/usr/include/libio.h:307:3: error: unknown type name 'size_t'
   size_t __pad5;
   ^
/usr/include/libio.h:311:67: error: 'size_t' undeclared here (not in a function)
   char _unused2[15 * sizeof (int) - 4 * sizeof (void *) - sizeof (size_t)];
                                                                   ^
/usr/include/libio.h:339:62: error: expected declaration specifiers or '...' before 'size_t'
 typedef __ssize_t __io_read_fn (void *__cookie, char *__buf, size_t __nbytes);
                                                              ^
/usr/include/libio.h:348:6: error: expected declaration specifiers or '...' before 'size_t'
      size_t __n);
      ^
/usr/include/libio.h:470:19: error: expected '=', ',', ';', 'asm' or '__attribute__' before '_IO_sgetn'
 extern _IO_size_t _IO_sgetn (_IO_FILE *, void *, _IO_size_t);
                   ^
In file included from conftest.c:21:0:
/usr/include/stdio.h:319:35: error: expected declaration specifiers or '...' before 'size_t'
 extern FILE *fmemopen (void *__s, size_t __len, const char *__modes)
                                   ^
/usr/include/stdio.h:325:47: error: expected declaration specifiers or '...' before 'size_t'
 extern FILE *open_memstream (char **__bufloc, size_t *__sizeloc) __THROW __wur;
                                               ^
/usr/include/stdio.h:337:20: error: expected declaration specifiers or '...' before 'size_t'
       int __modes, size_t __n) __THROW;
                    ^
/usr/include/stdio.h:344:10: error: expected declaration specifiers or '...' before 'size_t'
          size_t __size) __THROW;
          ^
/usr/include/stdio.h:386:44: error: expected declaration specifiers or '...' before 'size_t'
 extern int snprintf (char *__restrict __s, size_t __maxlen,
                                            ^
/usr/include/stdio.h:390:45: error: expected declaration specifiers or '...' before 'size_t'
 extern int vsnprintf (char *__restrict __s, size_t __maxlen,
                                             ^
/usr/include/stdio.h:666:11: error: expected declaration specifiers or '...' before 'size_t'
           size_t *__restrict __n, int __delimiter,
           ^
/usr/include/stdio.h:669:9: error: expected declaration specifiers or '...' before 'size_t'
         size_t *__restrict __n, int __delimiter,
         ^
/usr/include/stdio.h:679:8: error: expected declaration specifiers or '...' before 'size_t'
        size_t *__restrict __n,
        ^
/usr/include/stdio.h:709:15: error: expected '=', ',', ';', 'asm' or '__attribute__' before 'fread'
 extern size_t fread (void *__restrict __ptr, size_t __size,
               ^
/usr/include/stdio.h:715:15: error: expected '=', ',', ';', 'asm' or '__attribute__' before 'fwrite'
 extern size_t fwrite (const void *__restrict __ptr, size_t __size,
               ^
/usr/include/stdio.h:737:15: error: expected '=', ',', ';', 'asm' or '__attribute__' before 'fread_unlocked'
 extern size_t fread_unlocked (void *__restrict __ptr, size_t __size,
               ^
/usr/include/stdio.h:739:15: error: expected '=', ',', ';', 'asm' or '__attribute__' before 'fwrite_unlocked'
 extern size_t fwrite_unlocked (const void *__restrict __ptr, size_t __size,
               ^
configure:10837: $? = 1
configure: failed program was:
| /* confdefs.h */
| #define PACKAGE_NAME "curl"
| #define PACKAGE_TARNAME "curl"
| #define PACKAGE_VERSION "-"
| #define PACKAGE_STRING "curl -"
| #define PACKAGE_BUGREPORT "a suitable curl mailing list: https://curl.haxx.se/mail/"
| #define PACKAGE_URL ""
| #define PACKAGE "curl"
| #define VERSION "-"
| #define OS "Usage: ./config.sub [OPTION] CPU-MFR-OPSYS or ALIAS
| 
| Canonicalize a configuration name.
| 
| Options:
|   -h, --help         print this help, then exit
|   -t, --time-stamp   print date of last modification, then exit
|   -v, --version      print version number, then exit
| 
| Report bugs and patches to <config-patches@gnu.org>."
| /* end confdefs.h.  */
| #include <stdio.h>
| #ifdef HAVE_SYS_TYPES_H
| # include <sys/types.h>
| #endif
| #ifdef HAVE_SYS_STAT_H
| # include <sys/stat.h>
| #endif
| #ifdef STDC_HEADERS
| # include <stdlib.h>
| # include <stddef.h>
| #else
| # ifdef HAVE_STDLIB_H
| #  include <stdlib.h>
| # endif
| #endif
| #ifdef HAVE_STRING_H
| # if !defined STDC_HEADERS && defined HAVE_MEMORY_H
| #  include <memory.h>
| # endif
| # include <string.h>
| #endif
| #ifdef HAVE_STRINGS_H
| # include <strings.h>
| #endif
| #ifdef HAVE_INTTYPES_H
| # include <inttypes.h>
| #endif
| #ifdef HAVE_STDINT_H
| # include <stdint.h>
| #endif
| #ifdef HAVE_UNISTD_H
| # include <unistd.h>
| #endif
| 
| #include <sys/stat.h>
configure:10837: result: no
configure:10837: checking for stdlib.h
configure:10837: gcc -c   conftest.c >&5
conftest.c:10:12: warning: missing terminating " character [enabled by default]
 #define OS "Usage: ./config.sub [OPTION] CPU-MFR-OPSYS or ALIAS
            ^
conftest.c:12:1: error: unknown type name 'Canonicalize'
 Canonicalize a configuration name.
 ^
conftest.c:12:16: error: expected '=', ',', ';', 'asm' or '__attribute__' before 'configuration'
 Canonicalize a configuration name.
                ^
conftest.c:12:16: error: unknown type name 'configuration'
conftest.c:19:43: error: stray '@' in program
 Report bugs and patches to <config-patches@gnu.org>."
                                           ^
conftest.c:19:53: warning: missing terminating " character [enabled by default]
 Report bugs and patches to <config-patches@gnu.org>."
                                                     ^
conftest.c:19:1: error: missing terminating " character
 Report bugs and patches to <config-patches@gnu.org>."
 ^
In file included from /usr/include/stdio.h:74:0,
                 from conftest.c:21:
/usr/include/libio.h:307:3: error: unknown type name 'size_t'
   size_t __pad5;
   ^
/usr/include/libio.h:311:67: error: 'size_t' undeclared here (not in a function)
   char _unused2[15 * sizeof (int) - 4 * sizeof (void *) - sizeof (size_t)];
                                                                   ^
/usr/include/libio.h:339:62: error: expected declaration specifiers or '...' before 'size_t'
 typedef __ssize_t __io_read_fn (void *__cookie, char *__buf, size_t __nbytes);
                                                              ^
/usr/include/libio.h:348:6: error: expected declaration specifiers or '...' before 'size_t'
      size_t __n);
      ^
/usr/include/libio.h:470:19: error: expected '=', ',', ';', 'asm' or '__attribute__' before '_IO_sgetn'
 extern _IO_size_t _IO_sgetn (_IO_FILE *, void *, _IO_size_t);
                   ^
In file included from conftest.c:21:0:
/usr/include/stdio.h:319:35: error: expected declaration specifiers or '...' before 'size_t'
 extern FILE *fmemopen (void *__s, size_t __len, const char *__modes)
                                   ^
/usr/include/stdio.h:325:47: error: expected declaration specifiers or '...' before 'size_t'
 extern FILE *open_memstream (char **__bufloc, size_t *__sizeloc) __THROW __wur;
                                               ^
/usr/include/stdio.h:337:20: error: expected declaration specifiers or '...' before 'size_t'
       int __modes, size_t __n) __THROW;
                    ^
/usr/include/stdio.h:344:10: error: expected declaration specifiers or '...' before 'size_t'
          size_t __size) __THROW;
          ^
/usr/include/stdio.h:386:44: error: expected declaration specifiers or '...' before 'size_t'
 extern int snprintf (char *__restrict __s, size_t __maxlen,
                                            ^
/usr/include/stdio.h:390:45: error: expected declaration specifiers or '...' before 'size_t'
 extern int vsnprintf (char *__restrict __s, size_t __maxlen,
                                             ^
/usr/include/stdio.h:666:11: error: expected declaration specifiers or '...' before 'size_t'
           size_t *__restrict __n, int __delimiter,
           ^
/usr/include/stdio.h:669:9: error: expected declaration specifiers or '...' before 'size_t'
         size_t *__restrict __n, int __delimiter,
         ^
/usr/include/stdio.h:679:8: error: expected declaration specifiers or '...' before 'size_t'
        size_t *__restrict __n,
        ^
/usr/include/stdio.h:709:15: error: expected '=', ',', ';', 'asm' or '__attribute__' before 'fread'
 extern size_t fread (void *__restrict __ptr, size_t __size,
               ^
/usr/include/stdio.h:715:15: error: expected '=', ',', ';', 'asm' or '__attribute__' before 'fwrite'
 extern size_t fwrite (const void *__restrict __ptr, size_t __size,
               ^
/usr/include/stdio.h:737:15: error: expected '=', ',', ';', 'asm' or '__attribute__' before 'fread_unlocked'
 extern size_t fread_unlocked (void *__restrict __ptr, size_t __size,
               ^
/usr/include/stdio.h:739:15: error: expected '=', ',', ';', 'asm' or '__attribute__' before 'fwrite_unlocked'
 extern size_t fwrite_unlocked (const void *__restrict __ptr, size_t __size,
               ^
In file included from conftest.c:55:0:
/usr/include/stdlib.h:139:15: error: expected '=', ',', ';', 'asm' or '__attribute__' before '__ctype_get_mb_cur_max'
 extern size_t __ctype_get_mb_cur_max (void) __THROW __wur;
               ^
In file included from conftest.c:55:0:
/usr/include/stdlib.h:331:4: error: expected declaration specifiers or '...' before 'size_t'
    size_t __statelen) __THROW __nonnull ((2));
    ^
/usr/include/stdlib.h:361:4: error: expected declaration specifiers or '...' before 'size_t'
    size_t __statelen,
    ^
/usr/include/stdlib.h:465:22: error: expected declaration specifiers or '...' before 'size_t'
 extern void *malloc (size_t __size) __THROW __attribute_malloc__ __wur;
                      ^
/usr/include/stdlib.h:467:22: error: expected declaration specifiers or '...' before 'size_t'
 extern void *calloc (size_t __nmemb, size_t __size)
                      ^
/usr/include/stdlib.h:467:38: error: expected declaration specifiers or '...' before 'size_t'
 extern void *calloc (size_t __nmemb, size_t __size)
                                      ^
/usr/include/stdlib.h:479:36: error: expected declaration specifiers or '...' before 'size_t'
 extern void *realloc (void *__ptr, size_t __size)
                                    ^
In file included from /usr/include/stdlib.h:491:0,
                 from conftest.c:55:
/usr/include/alloca.h:32:22: error: expected declaration specifiers or '...' before 'size_t'
 extern void *alloca (size_t __size) __THROW;
                      ^
In file included from conftest.c:55:0:
/usr/include/stdlib.h:497:22: error: expected declaration specifiers or '...' before 'size_t'
 extern void *valloc (size_t __size) __THROW __attribute_malloc__ __wur;
                      ^
/usr/include/stdlib.h:502:45: error: expected declaration specifiers or '...' before 'size_t'
 extern int posix_memalign (void **__memptr, size_t __alignment, size_t __size)
                                             ^
/usr/include/stdlib.h:502:65: error: expected declaration specifiers or '...' before 'size_t'
 extern int posix_memalign (void **__memptr, size_t __alignment, size_t __size)
                                                                 ^
/usr/include/stdlib.h:755:9: error: expected declaration specifiers or '...' before 'size_t'
         size_t __nmemb, size_t __size, __compar_fn_t __compar)
         ^
/usr/include/stdlib.h:755:25: error: expected declaration specifiers or '...' before 'size_t'
         size_t __nmemb, size_t __size, __compar_fn_t __compar)
                         ^
/usr/include/stdlib.h:760:34: error: expected declaration specifiers or '...' before 'size_t'
 extern void qsort (void *__base, size_t __nmemb, size_t __size,
                                  ^
/usr/include/stdlib.h:760:50: error: expected declaration specifiers or '...' before 'size_t'
 extern void qsort (void *__base, size_t __nmemb, size_t __size,
                                                  ^
/usr/include/stdlib.h:839:6: error: expected declaration specifiers or '...' before 'size_t'
      size_t __len) __THROW __nonnull ((3, 4, 5));
      ^
/usr/include/stdlib.h:842:6: error: expected declaration specifiers or '...' before 'size_t'
      size_t __len) __THROW __nonnull ((3, 4, 5));
      ^
/usr/include/stdlib.h:846:31: error: expected declaration specifiers or '...' before 'size_t'
       char *__restrict __buf, size_t __len)
                               ^
/usr/include/stdlib.h:850:31: error: expected declaration specifiers or '...' before 'size_t'
       char *__restrict __buf, size_t __len)
                               ^
/usr/include/stdlib.h:859:36: error: expected declaration specifiers or '...' before 'size_t'
 extern int mblen (const char *__s, size_t __n) __THROW __wur;
                                    ^
/usr/include/stdlib.h:863:34: error: expected declaration specifiers or '...' before 'size_t'
      const char *__restrict __s, size_t __n) __THROW __wur;
                                  ^
/usr/include/stdlib.h:870:15: error: expected '=', ',', ';', 'asm' or '__attribute__' before 'mbstowcs'
 extern size_t mbstowcs (wchar_t *__restrict  __pwcs,
               ^
/usr/include/stdlib.h:873:15: error: expected '=', ',', ';', 'asm' or '__attribute__' before 'wcstombs'
 extern size_t wcstombs (char *__restrict __s,
               ^
configure:10837: $? = 1
configure: failed program was:
| /* confdefs.h */
| #define PACKAGE_NAME "curl"
| #define PACKAGE_TARNAME "curl"
| #define PACKAGE_VERSION "-"
| #define PACKAGE_STRING "curl -"
| #define PACKAGE_BUGREPORT "a suitable curl mailing list: https://curl.haxx.se/mail/"
| #define PACKAGE_URL ""
| #define PACKAGE "curl"
| #define VERSION "-"
| #define OS "Usage: ./config.sub [OPTION] CPU-MFR-OPSYS or ALIAS
| 
| Canonicalize a configuration name.
| 
| Options:
|   -h, --help         print this help, then exit
|   -t, --time-stamp   print date of last modification, then exit
|   -v, --version      print version number, then exit
| 
| Report bugs and patches to <config-patches@gnu.org>."
| /* end confdefs.h.  */
| #include <stdio.h>
| #ifdef HAVE_SYS_TYPES_H
| # include <sys/types.h>
| #endif
| #ifdef HAVE_SYS_STAT_H
| # include <sys/stat.h>
| #endif
| #ifdef STDC_HEADERS
| # include <stdlib.h>
| # include <stddef.h>
| #else
| # ifdef HAVE_STDLIB_H
| #  include <stdlib.h>
| # endif
| #endif
| #ifdef HAVE_STRING_H
| # if !defined STDC_HEADERS && defined HAVE_MEMORY_H
| #  include <memory.h>
| # endif
| # include <string.h>
| #endif
| #ifdef HAVE_STRINGS_H
| # include <strings.h>
| #endif
| #ifdef HAVE_INTTYPES_H
| # include <inttypes.h>
| #endif
| #ifdef HAVE_STDINT_H
| # include <stdint.h>
| #endif
| #ifdef HAVE_UNISTD_H
| # include <unistd.h>
| #endif
| 
| #include <stdlib.h>
configure:10837: result: no
configure:10837: checking for string.h
configure:10837: gcc -c   conftest.c >&5
conftest.c:10:12: warning: missing terminating " character [enabled by default]
 #define OS "Usage: ./config.sub [OPTION] CPU-MFR-OPSYS or ALIAS
            ^
conftest.c:12:1: error: unknown type name 'Canonicalize'
 Canonicalize a configuration name.
 ^
conftest.c:12:16: error: expected '=', ',', ';', 'asm' or '__attribute__' before 'configuration'
 Canonicalize a configuration name.
                ^
conftest.c:12:16: error: unknown type name 'configuration'
conftest.c:19:43: error: stray '@' in program
 Report bugs and patches to <config-patches@gnu.org>."
                                           ^
conftest.c:19:53: warning: missing terminating " character [enabled by default]
 Report bugs and patches to <config-patches@gnu.org>."
                                                     ^
conftest.c:19:1: error: missing terminating " character
 Report bugs and patches to <config-patches@gnu.org>."
 ^
In file included from /usr/include/stdio.h:74:0,
                 from conftest.c:21:
/usr/include/libio.h:307:3: error: unknown type name 'size_t'
   size_t __pad5;
   ^
/usr/include/libio.h:311:67: error: 'size_t' undeclared here (not in a function)
   char _unused2[15 * sizeof (int) - 4 * sizeof (void *) - sizeof (size_t)];
                                                                   ^
/usr/include/libio.h:339:62: error: expected declaration specifiers or '...' before 'size_t'
 typedef __ssize_t __io_read_fn (void *__cookie, char *__buf, size_t __nbytes);
                                                              ^
/usr/include/libio.h:348:6: error: expected declaration specifiers or '...' before 'size_t'
      size_t __n);
      ^
/usr/include/libio.h:470:19: error: expected '=', ',', ';', 'asm' or '__attribute__' before '_IO_sgetn'
 extern _IO_size_t _IO_sgetn (_IO_FILE *, void *, _IO_size_t);
                   ^
In file included from conftest.c:21:0:
/usr/include/stdio.h:319:35: error: expected declaration specifiers or '...' before 'size_t'
 extern FILE *fmemopen (void *__s, size_t __len, const char *__modes)
                                   ^
/usr/include/stdio.h:325:47: error: expected declaration specifiers or '...' before 'size_t'
 extern FILE *open_memstream (char **__bufloc, size_t *__sizeloc) __THROW __wur;
                                               ^
/usr/include/stdio.h:337:20: error: expected declaration specifiers or '...' before 'size_t'
       int __modes, size_t __n) __THROW;
                    ^
/usr/include/stdio.h:344:10: error: expected declaration specifiers or '...' before 'size_t'
          size_t __size) __THROW;
          ^
/usr/include/stdio.h:386:44: error: expected declaration specifiers or '...' before 'size_t'
 extern int snprintf (char *__restrict __s, size_t __maxlen,
                                            ^
/usr/include/stdio.h:390:45: error: expected declaration specifiers or '...' before 'size_t'
 extern int vsnprintf (char *__restrict __s, size_t __maxlen,
                                             ^
/usr/include/stdio.h:666:11: error: expected declaration specifiers or '...' before 'size_t'
           size_t *__restrict __n, int __delimiter,
           ^
/usr/include/stdio.h:669:9: error: expected declaration specifiers or '...' before 'size_t'
         size_t *__restrict __n, int __delimiter,
         ^
/usr/include/stdio.h:679:8: error: expected declaration specifiers or '...' before 'size_t'
        size_t *__restrict __n,
        ^
/usr/include/stdio.h:709:15: error: expected '=', ',', ';', 'asm' or '__attribute__' before 'fread'
 extern size_t fread (void *__restrict __ptr, size_t __size,
               ^
/usr/include/stdio.h:715:15: error: expected '=', ',', ';', 'asm' or '__attribute__' before 'fwrite'
 extern size_t fwrite (const void *__restrict __ptr, size_t __size,
               ^
/usr/include/stdio.h:737:15: error: expected '=', ',', ';', 'asm' or '__attribute__' before 'fread_unlocked'
 extern size_t fread_unlocked (void *__restrict __ptr, size_t __size,
               ^
/usr/include/stdio.h:739:15: error: expected '=', ',', ';', 'asm' or '__attribute__' before 'fwrite_unlocked'
 extern size_t fwrite_unlocked (const void *__restrict __ptr, size_t __size,
               ^
In file included from conftest.c:55:0:
/usr/include/string.h:43:8: error: expected declaration specifiers or '...' before 'size_t'
        size_t __n) __THROW __nonnull ((1, 2));
        ^
/usr/include/string.h:46:56: error: expected declaration specifiers or '...' before 'size_t'
 extern void *memmove (void *__dest, const void *__src, size_t __n)
                                                        ^
/usr/include/string.h:55:18: error: expected declaration specifiers or '...' before 'size_t'
         int __c, size_t __n)
                  ^
/usr/include/string.h:62:42: error: expected declaration specifiers or '...' before 'size_t'
 extern void *memset (void *__s, int __c, size_t __n) __THROW __nonnull ((1));
                                          ^
/usr/include/string.h:65:56: error: expected declaration specifiers or '...' before 'size_t'
 extern int memcmp (const void *__s1, const void *__s2, size_t __n)
                                                        ^
/usr/include/string.h:92:48: error: expected declaration specifiers or '...' before 'size_t'
 extern void *memchr (const void *__s, int __c, size_t __n)
                                                ^
/usr/include/string.h:129:39: error: expected declaration specifiers or '...' before 'size_t'
         const char *__restrict __src, size_t __n)
                                       ^
/usr/include/string.h:137:9: error: expected declaration specifiers or '...' before 'size_t'
         size_t __n) __THROW __nonnull ((1, 2));
         ^
/usr/include/string.h:143:57: error: expected declaration specifiers or '...' before 'size_t'
 extern int strncmp (const char *__s1, const char *__s2, size_t __n)
                                                         ^
/usr/include/string.h:150:15: error: expected '=', ',', ';', 'asm' or '__attribute__' before 'strxfrm'
 extern size_t strxfrm (char *__restrict __dest,
               ^
In file included from conftest.c:55:0:
/usr/include/string.h:165:15: error: expected '=', ',', ';', 'asm' or '__attribute__' before 'strxfrm_l'
 extern size_t strxfrm_l (char *__dest, const char *__src, size_t __n,
               ^
/usr/include/string.h:180:45: error: expected declaration specifiers or '...' before 'size_t'
 extern char *strndup (const char *__string, size_t __n)
                                             ^
/usr/include/string.h:281:15: error: expected '=', ',', ';', 'asm' or '__attribute__' before 'strcspn'
 extern size_t strcspn (const char *__s, const char *__reject)
               ^
/usr/include/string.h:285:15: error: expected '=', ',', ';', 'asm' or '__attribute__' before 'strspn'
 extern size_t strspn (const char *__s, const char *__accept)
               ^
/usr/include/string.h:395:15: error: expected '=', ',', ';', 'asm' or '__attribute__' before 'strlen'
 extern size_t strlen (const char *__s)
               ^
/usr/include/string.h:402:15: error: expected '=', ',', ';', 'asm' or '__attribute__' before 'strnlen'
 extern size_t strnlen (const char *__string, size_t __maxlen)
               ^
In file included from /usr/include/features.h:375:0,
                 from /usr/include/stdio.h:27,
                 from conftest.c:21:
/usr/include/string.h:423:12: error: expected declaration specifiers or '...' before 'size_t'
 extern int __REDIRECT_NTH (strerror_r,
            ^
In file included from conftest.c:55:0:
/usr/include/string.h:447:33: error: expected declaration specifiers or '...' before 'size_t'
 extern void __bzero (void *__s, size_t __n) __THROW __nonnull ((1));
                                 ^
/usr/include/string.h:451:53: error: expected declaration specifiers or '...' before 'size_t'
 extern void bcopy (const void *__src, void *__dest, size_t __n)
                                                     ^
/usr/include/string.h:455:31: error: expected declaration specifiers or '...' before 'size_t'
 extern void bzero (void *__s, size_t __n) __THROW __nonnull ((1));
                               ^
/usr/include/string.h:458:54: error: expected declaration specifiers or '...' before 'size_t'
 extern int bcmp (const void *__s1, const void *__s2, size_t __n)
                                                      ^
/usr/include/string.h:536:61: error: expected declaration specifiers or '...' before 'size_t'
 extern int strncasecmp (const char *__s1, const char *__s2, size_t __n)
                                                             ^
/usr/include/string.h:573:34: error: expected declaration specifiers or '...' before 'size_t'
    const char *__restrict __src, size_t __n)
                                  ^
/usr/include/string.h:576:39: error: expected declaration specifiers or '...' before 'size_t'
         const char *__restrict __src, size_t __n)
                                       ^
configure:10837: $? = 1
configure: failed program was:
| /* confdefs.h */
| #define PACKAGE_NAME "curl"
| #define PACKAGE_TARNAME "curl"
| #define PACKAGE_VERSION "-"
| #define PACKAGE_STRING "curl -"
| #define PACKAGE_BUGREPORT "a suitable curl mailing list: https://curl.haxx.se/mail/"
| #define PACKAGE_URL ""
| #define PACKAGE "curl"
| #define VERSION "-"
| #define OS "Usage: ./config.sub [OPTION] CPU-MFR-OPSYS or ALIAS
| 
| Canonicalize a configuration name.
| 
| Options:
|   -h, --help         print this help, then exit
|   -t, --time-stamp   print date of last modification, then exit
|   -v, --version      print version number, then exit
| 
| Report bugs and patches to <config-patches@gnu.org>."
| /* end confdefs.h.  */
| #include <stdio.h>
| #ifdef HAVE_SYS_TYPES_H
| # include <sys/types.h>
| #endif
| #ifdef HAVE_SYS_STAT_H
| # include <sys/stat.h>
| #endif
| #ifdef STDC_HEADERS
| # include <stdlib.h>
| # include <stddef.h>
| #else
| # ifdef HAVE_STDLIB_H
| #  include <stdlib.h>
| # endif
| #endif
| #ifdef HAVE_STRING_H
| # if !defined STDC_HEADERS && defined HAVE_MEMORY_H
| #  include <memory.h>
| # endif
| # include <string.h>
| #endif
| #ifdef HAVE_STRINGS_H
| # include <strings.h>
| #endif
| #ifdef HAVE_INTTYPES_H
| # include <inttypes.h>
| #endif
| #ifdef HAVE_STDINT_H
| # include <stdint.h>
| #endif
| #ifdef HAVE_UNISTD_H
| # include <unistd.h>
| #endif
| 
| #include <string.h>
configure:10837: result: no
configure:10837: checking for memory.h
configure:10837: gcc -c   conftest.c >&5
conftest.c:10:12: warning: missing terminating " character [enabled by default]
 #define OS "Usage: ./config.sub [OPTION] CPU-MFR-OPSYS or ALIAS
            ^
conftest.c:12:1: error: unknown type name 'Canonicalize'
 Canonicalize a configuration name.
 ^
conftest.c:12:16: error: expected '=', ',', ';', 'asm' or '__attribute__' before 'configuration'
 Canonicalize a configuration name.
                ^
conftest.c:12:16: error: unknown type name 'configuration'
conftest.c:19:43: error: stray '@' in program
 Report bugs and patches to <config-patches@gnu.org>."
                                           ^
conftest.c:19:53: warning: missing terminating " character [enabled by default]
 Report bugs and patches to <config-patches@gnu.org>."
                                                     ^
conftest.c:19:1: error: missing terminating " character
 Report bugs and patches to <config-patches@gnu.org>."
 ^
In file included from /usr/include/stdio.h:74:0,
                 from conftest.c:21:
/usr/include/libio.h:307:3: error: unknown type name 'size_t'
   size_t __pad5;
   ^
/usr/include/libio.h:311:67: error: 'size_t' undeclared here (not in a function)
   char _unused2[15 * sizeof (int) - 4 * sizeof (void *) - sizeof (size_t)];
                                                                   ^
/usr/include/libio.h:339:62: error: expected declaration specifiers or '...' before 'size_t'
 typedef __ssize_t __io_read_fn (void *__cookie, char *__buf, size_t __nbytes);
                                                              ^
/usr/include/libio.h:348:6: error: expected declaration specifiers or '...' before 'size_t'
      size_t __n);
      ^
/usr/include/libio.h:470:19: error: expected '=', ',', ';', 'asm' or '__attribute__' before '_IO_sgetn'
 extern _IO_size_t _IO_sgetn (_IO_FILE *, void *, _IO_size_t);
                   ^
In file included from conftest.c:21:0:
/usr/include/stdio.h:319:35: error: expected declaration specifiers or '...' before 'size_t'
 extern FILE *fmemopen (void *__s, size_t __len, const char *__modes)
                                   ^
/usr/include/stdio.h:325:47: error: expected declaration specifiers or '...' before 'size_t'
 extern FILE *open_memstream (char **__bufloc, size_t *__sizeloc) __THROW __wur;
                                               ^
/usr/include/stdio.h:337:20: error: expected declaration specifiers or '...' before 'size_t'
       int __modes, size_t __n) __THROW;
                    ^
/usr/include/stdio.h:344:10: error: expected declaration specifiers or '...' before 'size_t'
          size_t __size) __THROW;
          ^
/usr/include/stdio.h:386:44: error: expected declaration specifiers or '...' before 'size_t'
 extern int snprintf (char *__restrict __s, size_t __maxlen,
                                            ^
/usr/include/stdio.h:390:45: error: expected declaration specifiers or '...' before 'size_t'
 extern int vsnprintf (char *__restrict __s, size_t __maxlen,
                                             ^
/usr/include/stdio.h:666:11: error: expected declaration specifiers or '...' before 'size_t'
           size_t *__restrict __n, int __delimiter,
           ^
/usr/include/stdio.h:669:9: error: expected declaration specifiers or '...' before 'size_t'
         size_t *__restrict __n, int __delimiter,
         ^
/usr/include/stdio.h:679:8: error: expected declaration specifiers or '...' before 'size_t'
        size_t *__restrict __n,
        ^
/usr/include/stdio.h:709:15: error: expected '=', ',', ';', 'asm' or '__attribute__' before 'fread'
 extern size_t fread (void *__restrict __ptr, size_t __size,
               ^
/usr/include/stdio.h:715:15: error: expected '=', ',', ';', 'asm' or '__attribute__' before 'fwrite'
 extern size_t fwrite (const void *__restrict __ptr, size_t __size,
               ^
/usr/include/stdio.h:737:15: error: expected '=', ',', ';', 'asm' or '__attribute__' before 'fread_unlocked'
 extern size_t fread_unlocked (void *__restrict __ptr, size_t __size,
               ^
/usr/include/stdio.h:739:15: error: expected '=', ',', ';', 'asm' or '__attribute__' before 'fwrite_unlocked'
 extern size_t fwrite_unlocked (const void *__restrict __ptr, size_t __size,
               ^
In file included from /usr/include/memory.h:29:0,
                 from conftest.c:55:
/usr/include/string.h:43:8: error: expected declaration specifiers or '...' before 'size_t'
        size_t __n) __THROW __nonnull ((1, 2));
        ^
/usr/include/string.h:46:56: error: expected declaration specifiers or '...' before 'size_t'
 extern void *memmove (void *__dest, const void *__src, size_t __n)
                                                        ^
/usr/include/string.h:55:18: error: expected declaration specifiers or '...' before 'size_t'
         int __c, size_t __n)
                  ^
/usr/include/string.h:62:42: error: expected declaration specifiers or '...' before 'size_t'
 extern void *memset (void *__s, int __c, size_t __n) __THROW __nonnull ((1));
                                          ^
/usr/include/string.h:65:56: error: expected declaration specifiers or '...' before 'size_t'
 extern int memcmp (const void *__s1, const void *__s2, size_t __n)
                                                        ^
/usr/include/string.h:92:48: error: expected declaration specifiers or '...' before 'size_t'
 extern void *memchr (const void *__s, int __c, size_t __n)
                                                ^
/usr/include/string.h:129:39: error: expected declaration specifiers or '...' before 'size_t'
         const char *__restrict __src, size_t __n)
                                       ^
/usr/include/string.h:137:9: error: expected declaration specifiers or '...' before 'size_t'
         size_t __n) __THROW __nonnull ((1, 2));
         ^
/usr/include/string.h:143:57: error: expected declaration specifiers or '...' before 'size_t'
 extern int strncmp (const char *__s1, const char *__s2, size_t __n)
                                                         ^
/usr/include/string.h:150:15: error: expected '=', ',', ';', 'asm' or '__attribute__' before 'strxfrm'
 extern size_t strxfrm (char *__restrict __dest,
               ^
In file included from /usr/include/memory.h:29:0,
                 from conftest.c:55:
/usr/include/string.h:165:15: error: expected '=', ',', ';', 'asm' or '__attribute__' before 'strxfrm_l'
 extern size_t strxfrm_l (char *__dest, const char *__src, size_t __n,
               ^
/usr/include/string.h:180:45: error: expected declaration specifiers or '...' before 'size_t'
 extern char *strndup (const char *__string, size_t __n)
                                             ^
/usr/include/string.h:281:15: error: expected '=', ',', ';', 'asm' or '__attribute__' before 'strcspn'
 extern size_t strcspn (const char *__s, const char *__reject)
               ^
/usr/include/string.h:285:15: error: expected '=', ',', ';', 'asm' or '__attribute__' before 'strspn'
 extern size_t strspn (const char *__s, const char *__accept)
               ^
/usr/include/string.h:395:15: error: expected '=', ',', ';', 'asm' or '__attribute__' before 'strlen'
 extern size_t strlen (const char *__s)
               ^
/usr/include/string.h:402:15: error: expected '=', ',', ';', 'asm' or '__attribute__' before 'strnlen'
 extern size_t strnlen (const char *__string, size_t __maxlen)
               ^
In file included from /usr/include/features.h:375:0,
                 from /usr/include/stdio.h:27,
                 from conftest.c:21:
/usr/include/string.h:423:12: error: expected declaration specifiers or '...' before 'size_t'
 extern int __REDIRECT_NTH (strerror_r,
            ^
In file included from /usr/include/memory.h:29:0,
                 from conftest.c:55:
/usr/include/string.h:447:33: error: expected declaration specifiers or '...' before 'size_t'
 extern void __bzero (void *__s, size_t __n) __THROW __nonnull ((1));
                                 ^
/usr/include/string.h:451:53: error: expected declaration specifiers or '...' before 'size_t'
 extern void bcopy (const void *__src, void *__dest, size_t __n)
                                                     ^
/usr/include/string.h:455:31: error: expected declaration specifiers or '...' before 'size_t'
 extern void bzero (void *__s, size_t __n) __THROW __nonnull ((1));
                               ^
/usr/include/string.h:458:54: error: expected declaration specifiers or '...' before 'size_t'
 extern int bcmp (const void *__s1, const void *__s2, size_t __n)
                                                      ^
/usr/include/string.h:536:61: error: expected declaration specifiers or '...' before 'size_t'
 extern int strncasecmp (const char *__s1, const char *__s2, size_t __n)
                                                             ^
/usr/include/string.h:573:34: error: expected declaration specifiers or '...' before 'size_t'
    const char *__restrict __src, size_t __n)
                                  ^
/usr/include/string.h:576:39: error: expected declaration specifiers or '...' before 'size_t'
         const char *__restrict __src, size_t __n)
                                       ^
configure:10837: $? = 1
configure: failed program was:
| /* confdefs.h */
| #define PACKAGE_NAME "curl"
| #define PACKAGE_TARNAME "curl"
| #define PACKAGE_VERSION "-"
| #define PACKAGE_STRING "curl -"
| #define PACKAGE_BUGREPORT "a suitable curl mailing list: https://curl.haxx.se/mail/"
| #define PACKAGE_URL ""
| #define PACKAGE "curl"
| #define VERSION "-"
| #define OS "Usage: ./config.sub [OPTION] CPU-MFR-OPSYS or ALIAS
| 
| Canonicalize a configuration name.
| 
| Options:
|   -h, --help         print this help, then exit
|   -t, --time-stamp   print date of last modification, then exit
|   -v, --version      print version number, then exit
| 
| Report bugs and patches to <config-patches@gnu.org>."
| /* end confdefs.h.  */
| #include <stdio.h>
| #ifdef HAVE_SYS_TYPES_H
| # include <sys/types.h>
| #endif
| #ifdef HAVE_SYS_STAT_H
| # include <sys/stat.h>
| #endif
| #ifdef STDC_HEADERS
| # include <stdlib.h>
| # include <stddef.h>
| #else
| # ifdef HAVE_STDLIB_H
| #  include <stdlib.h>
| # endif
| #endif
| #ifdef HAVE_STRING_H
| # if !defined STDC_HEADERS && defined HAVE_MEMORY_H
| #  include <memory.h>
| # endif
| # include <string.h>
| #endif
| #ifdef HAVE_STRINGS_H
| # include <strings.h>
| #endif
| #ifdef HAVE_INTTYPES_H
| # include <inttypes.h>
| #endif
| #ifdef HAVE_STDINT_H
| # include <stdint.h>
| #endif
| #ifdef HAVE_UNISTD_H
| # include <unistd.h>
| #endif
| 
| #include <memory.h>
configure:10837: result: no
configure:10837: checking for strings.h
configure:10837: gcc -c   conftest.c >&5
conftest.c:10:12: warning: missing terminating " character [enabled by default]
 #define OS "Usage: ./config.sub [OPTION] CPU-MFR-OPSYS or ALIAS
            ^
conftest.c:12:1: error: unknown type name 'Canonicalize'
 Canonicalize a configuration name.
 ^
conftest.c:12:16: error: expected '=', ',', ';', 'asm' or '__attribute__' before 'configuration'
 Canonicalize a configuration name.
                ^
conftest.c:12:16: error: unknown type name 'configuration'
conftest.c:19:43: error: stray '@' in program
 Report bugs and patches to <config-patches@gnu.org>."
                                           ^
conftest.c:19:53: warning: missing terminating " character [enabled by default]
 Report bugs and patches to <config-patches@gnu.org>."
                                                     ^
conftest.c:19:1: error: missing terminating " character
 Report bugs and patches to <config-patches@gnu.org>."
 ^
In file included from /usr/include/stdio.h:74:0,
                 from conftest.c:21:
/usr/include/libio.h:307:3: error: unknown type name 'size_t'
   size_t __pad5;
   ^
/usr/include/libio.h:311:67: error: 'size_t' undeclared here (not in a function)
   char _unused2[15 * sizeof (int) - 4 * sizeof (void *) - sizeof (size_t)];
                                                                   ^
/usr/include/libio.h:339:62: error: expected declaration specifiers or '...' before 'size_t'
 typedef __ssize_t __io_read_fn (void *__cookie, char *__buf, size_t __nbytes);
                                                              ^
/usr/include/libio.h:348:6: error: expected declaration specifiers or '...' before 'size_t'
      size_t __n);
      ^
/usr/include/libio.h:470:19: error: expected '=', ',', ';', 'asm' or '__attribute__' before '_IO_sgetn'
 extern _IO_size_t _IO_sgetn (_IO_FILE *, void *, _IO_size_t);
                   ^
In file included from conftest.c:21:0:
/usr/include/stdio.h:319:35: error: expected declaration specifiers or '...' before 'size_t'
 extern FILE *fmemopen (void *__s, size_t __len, const char *__modes)
                                   ^
/usr/include/stdio.h:325:47: error: expected declaration specifiers or '...' before 'size_t'
 extern FILE *open_memstream (char **__bufloc, size_t *__sizeloc) __THROW __wur;
                                               ^
/usr/include/stdio.h:337:20: error: expected declaration specifiers or '...' before 'size_t'
       int __modes, size_t __n) __THROW;
                    ^
/usr/include/stdio.h:344:10: error: expected declaration specifiers or '...' before 'size_t'
          size_t __size) __THROW;
          ^
/usr/include/stdio.h:386:44: error: expected declaration specifiers or '...' before 'size_t'
 extern int snprintf (char *__restrict __s, size_t __maxlen,
                                            ^
/usr/include/stdio.h:390:45: error: expected declaration specifiers or '...' before 'size_t'
 extern int vsnprintf (char *__restrict __s, size_t __maxlen,
                                             ^
/usr/include/stdio.h:666:11: error: expected declaration specifiers or '...' before 'size_t'
           size_t *__restrict __n, int __delimiter,
           ^
/usr/include/stdio.h:669:9: error: expected declaration specifiers or '...' before 'size_t'
         size_t *__restrict __n, int __delimiter,
         ^
/usr/include/stdio.h:679:8: error: expected declaration specifiers or '...' before 'size_t'
        size_t *__restrict __n,
        ^
/usr/include/stdio.h:709:15: error: expected '=', ',', ';', 'asm' or '__attribute__' before 'fread'
 extern size_t fread (void *__restrict __ptr, size_t __size,
               ^
/usr/include/stdio.h:715:15: error: expected '=', ',', ';', 'asm' or '__attribute__' before 'fwrite'
 extern size_t fwrite (const void *__restrict __ptr, size_t __size,
               ^
/usr/include/stdio.h:737:15: error: expected '=', ',', ';', 'asm' or '__attribute__' before 'fread_unlocked'
 extern size_t fread_unlocked (void *__restrict __ptr, size_t __size,
               ^
/usr/include/stdio.h:739:15: error: expected '=', ',', ';', 'asm' or '__attribute__' before 'fwrite_unlocked'
 extern size_t fwrite_unlocked (const void *__restrict __ptr, size_t __size,
               ^
In file included from conftest.c:55:0:
/usr/include/strings.h:40:54: error: expected declaration specifiers or '...' before 'size_t'
 extern int bcmp (const void *__s1, const void *__s2, size_t __n)
                                                      ^
/usr/include/strings.h:44:53: error: expected declaration specifiers or '...' before 'size_t'
 extern void bcopy (const void *__src, void *__dest, size_t __n) __THROW;
                                                     ^
/usr/include/strings.h:47:31: error: expected declaration specifiers or '...' before 'size_t'
 extern void bzero (void *__s, size_t __n) __THROW;
                               ^
/usr/include/strings.h:117:61: error: expected declaration specifiers or '...' before 'size_t'
 extern int strncasecmp (const char *__s1, const char *__s2, size_t __n)
                                                             ^
In file included from conftest.c:55:0:
/usr/include/strings.h:132:6: error: expected declaration specifiers or '...' before 'size_t'
      size_t __n, __locale_t __loc)
      ^
configure:10837: $? = 1
configure: failed program was:
| /* confdefs.h */
| #define PACKAGE_NAME "curl"
| #define PACKAGE_TARNAME "curl"
| #define PACKAGE_VERSION "-"
| #define PACKAGE_STRING "curl -"
| #define PACKAGE_BUGREPORT "a suitable curl mailing list: https://curl.haxx.se/mail/"
| #define PACKAGE_URL ""
| #define PACKAGE "curl"
| #define VERSION "-"
| #define OS "Usage: ./config.sub [OPTION] CPU-MFR-OPSYS or ALIAS
| 
| Canonicalize a configuration name.
| 
| Options:
|   -h, --help         print this help, then exit
|   -t, --time-stamp   print date of last modification, then exit
|   -v, --version      print version number, then exit
| 
| Report bugs and patches to <config-patches@gnu.org>."
| /* end confdefs.h.  */
| #include <stdio.h>
| #ifdef HAVE_SYS_TYPES_H
| # include <sys/types.h>
| #endif
| #ifdef HAVE_SYS_STAT_H
| # include <sys/stat.h>
| #endif
| #ifdef STDC_HEADERS
| # include <stdlib.h>
| # include <stddef.h>
| #else
| # ifdef HAVE_STDLIB_H
| #  include <stdlib.h>
| # endif
| #endif
| #ifdef HAVE_STRING_H
| # if !defined STDC_HEADERS && defined HAVE_MEMORY_H
| #  include <memory.h>
| # endif
| # include <string.h>
| #endif
| #ifdef HAVE_STRINGS_H
| # include <strings.h>
| #endif
| #ifdef HAVE_INTTYPES_H
| # include <inttypes.h>
| #endif
| #ifdef HAVE_STDINT_H
| # include <stdint.h>
| #endif
| #ifdef HAVE_UNISTD_H
| # include <unistd.h>
| #endif
| 
| #include <strings.h>
configure:10837: result: no
configure:10837: checking for inttypes.h
configure:10837: gcc -c   conftest.c >&5
conftest.c:10:12: warning: missing terminating " character [enabled by default]
 #define OS "Usage: ./config.sub [OPTION] CPU-MFR-OPSYS or ALIAS
            ^
conftest.c:12:1: error: unknown type name 'Canonicalize'
 Canonicalize a configuration name.
 ^
conftest.c:12:16: error: expected '=', ',', ';', 'asm' or '__attribute__' before 'configuration'
 Canonicalize a configuration name.
                ^
conftest.c:12:16: error: unknown type name 'configuration'
conftest.c:19:43: error: stray '@' in program
 Report bugs and patches to <config-patches@gnu.org>."
                                           ^
conftest.c:19:53: warning: missing terminating " character [enabled by default]
 Report bugs and patches to <config-patches@gnu.org>."
                                                     ^
conftest.c:19:1: error: missing terminating " character
 Report bugs and patches to <config-patches@gnu.org>."
 ^
In file included from /usr/include/stdio.h:74:0,
                 from conftest.c:21:
/usr/include/libio.h:307:3: error: unknown type name 'size_t'
   size_t __pad5;
   ^
/usr/include/libio.h:311:67: error: 'size_t' undeclared here (not in a function)
   char _unused2[15 * sizeof (int) - 4 * sizeof (void *) - sizeof (size_t)];
                                                                   ^
/usr/include/libio.h:339:62: error: expected declaration specifiers or '...' before 'size_t'
 typedef __ssize_t __io_read_fn (void *__cookie, char *__buf, size_t __nbytes);
                                                              ^
/usr/include/libio.h:348:6: error: expected declaration specifiers or '...' before 'size_t'
      size_t __n);
      ^
/usr/include/libio.h:470:19: error: expected '=', ',', ';', 'asm' or '__attribute__' before '_IO_sgetn'
 extern _IO_size_t _IO_sgetn (_IO_FILE *, void *, _IO_size_t);
                   ^
In file included from conftest.c:21:0:
/usr/include/stdio.h:319:35: error: expected declaration specifiers or '...' before 'size_t'
 extern FILE *fmemopen (void *__s, size_t __len, const char *__modes)
                                   ^
/usr/include/stdio.h:325:47: error: expected declaration specifiers or '...' before 'size_t'
 extern FILE *open_memstream (char **__bufloc, size_t *__sizeloc) __THROW __wur;
                                               ^
/usr/include/stdio.h:337:20: error: expected declaration specifiers or '...' before 'size_t'
       int __modes, size_t __n) __THROW;
                    ^
/usr/include/stdio.h:344:10: error: expected declaration specifiers or '...' before 'size_t'
          size_t __size) __THROW;
          ^
/usr/include/stdio.h:386:44: error: expected declaration specifiers or '...' before 'size_t'
 extern int snprintf (char *__restrict __s, size_t __maxlen,
                                            ^
/usr/include/stdio.h:390:45: error: expected declaration specifiers or '...' before 'size_t'
 extern int vsnprintf (char *__restrict __s, size_t __maxlen,
                                             ^
/usr/include/stdio.h:666:11: error: expected declaration specifiers or '...' before 'size_t'
           size_t *__restrict __n, int __delimiter,
           ^
/usr/include/stdio.h:669:9: error: expected declaration specifiers or '...' before 'size_t'
         size_t *__restrict __n, int __delimiter,
         ^
/usr/include/stdio.h:679:8: error: expected declaration specifiers or '...' before 'size_t'
        size_t *__restrict __n,
        ^
/usr/include/stdio.h:709:15: error: expected '=', ',', ';', 'asm' or '__attribute__' before 'fread'
 extern size_t fread (void *__restrict __ptr, size_t __size,
               ^
/usr/include/stdio.h:715:15: error: expected '=', ',', ';', 'asm' or '__attribute__' before 'fwrite'
 extern size_t fwrite (const void *__restrict __ptr, size_t __size,
               ^
/usr/include/stdio.h:737:15: error: expected '=', ',', ';', 'asm' or '__attribute__' before 'fread_unlocked'
 extern size_t fread_unlocked (void *__restrict __ptr, size_t __size,
               ^
/usr/include/stdio.h:739:15: error: expected '=', ',', ';', 'asm' or '__attribute__' before 'fwrite_unlocked'
 extern size_t fwrite_unlocked (const void *__restrict __ptr, size_t __size,
               ^
configure:10837: $? = 1
configure: failed program was:
| /* confdefs.h */
| #define PACKAGE_NAME "curl"
| #define PACKAGE_TARNAME "curl"
| #define PACKAGE_VERSION "-"
| #define PACKAGE_STRING "curl -"
| #define PACKAGE_BUGREPORT "a suitable curl mailing list: https://curl.haxx.se/mail/"
| #define PACKAGE_URL ""
| #define PACKAGE "curl"
| #define VERSION "-"
| #define OS "Usage: ./config.sub [OPTION] CPU-MFR-OPSYS or ALIAS
| 
| Canonicalize a configuration name.
| 
| Options:
|   -h, --help         print this help, then exit
|   -t, --time-stamp   print date of last modification, then exit
|   -v, --version      print version number, then exit
| 
| Report bugs and patches to <config-patches@gnu.org>."
| /* end confdefs.h.  */
| #include <stdio.h>
| #ifdef HAVE_SYS_TYPES_H
| # include <sys/types.h>
| #endif
| #ifdef HAVE_SYS_STAT_H
| # include <sys/stat.h>
| #endif
| #ifdef STDC_HEADERS
| # include <stdlib.h>
| # include <stddef.h>
| #else
| # ifdef HAVE_STDLIB_H
| #  include <stdlib.h>
| # endif
| #endif
| #ifdef HAVE_STRING_H
| # if !defined STDC_HEADERS && defined HAVE_MEMORY_H
| #  include <memory.h>
| # endif
| # include <string.h>
| #endif
| #ifdef HAVE_STRINGS_H
| # include <strings.h>
| #endif
| #ifdef HAVE_INTTYPES_H
| # include <inttypes.h>
| #endif
| #ifdef HAVE_STDINT_H
| # include <stdint.h>
| #endif
| #ifdef HAVE_UNISTD_H
| # include <unistd.h>
| #endif
| 
| #include <inttypes.h>
configure:10837: result: no
configure:10837: checking for stdint.h
configure:10837: gcc -c   conftest.c >&5
conftest.c:10:12: warning: missing terminating " character [enabled by default]
 #define OS "Usage: ./config.sub [OPTION] CPU-MFR-OPSYS or ALIAS
            ^
conftest.c:12:1: error: unknown type name 'Canonicalize'
 Canonicalize a configuration name.
 ^
conftest.c:12:16: error: expected '=', ',', ';', 'asm' or '__attribute__' before 'configuration'
 Canonicalize a configuration name.
                ^
conftest.c:12:16: error: unknown type name 'configuration'
conftest.c:19:43: error: stray '@' in program
 Report bugs and patches to <config-patches@gnu.org>."
                                           ^
conftest.c:19:53: warning: missing terminating " character [enabled by default]
 Report bugs and patches to <config-patches@gnu.org>."
                                                     ^
conftest.c:19:1: error: missing terminating " character
 Report bugs and patches to <config-patches@gnu.org>."
 ^
In file included from /usr/include/stdio.h:74:0,
                 from conftest.c:21:
/usr/include/libio.h:307:3: error: unknown type name 'size_t'
   size_t __pad5;
   ^
/usr/include/libio.h:311:67: error: 'size_t' undeclared here (not in a function)
   char _unused2[15 * sizeof (int) - 4 * sizeof (void *) - sizeof (size_t)];
                                                                   ^
/usr/include/libio.h:339:62: error: expected declaration specifiers or '...' before 'size_t'
 typedef __ssize_t __io_read_fn (void *__cookie, char *__buf, size_t __nbytes);
                                                              ^
/usr/include/libio.h:348:6: error: expected declaration specifiers or '...' before 'size_t'
      size_t __n);
      ^
/usr/include/libio.h:470:19: error: expected '=', ',', ';', 'asm' or '__attribute__' before '_IO_sgetn'
 extern _IO_size_t _IO_sgetn (_IO_FILE *, void *, _IO_size_t);
                   ^
In file included from conftest.c:21:0:
/usr/include/stdio.h:319:35: error: expected declaration specifiers or '...' before 'size_t'
 extern FILE *fmemopen (void *__s, size_t __len, const char *__modes)
                                   ^
/usr/include/stdio.h:325:47: error: expected declaration specifiers or '...' before 'size_t'
 extern FILE *open_memstream (char **__bufloc, size_t *__sizeloc) __THROW __wur;
                                               ^
/usr/include/stdio.h:337:20: error: expected declaration specifiers or '...' before 'size_t'
       int __modes, size_t __n) __THROW;
                    ^
/usr/include/stdio.h:344:10: error: expected declaration specifiers or '...' before 'size_t'
          size_t __size) __THROW;
          ^
/usr/include/stdio.h:386:44: error: expected declaration specifiers or '...' before 'size_t'
 extern int snprintf (char *__restrict __s, size_t __maxlen,
                                            ^
/usr/include/stdio.h:390:45: error: expected declaration specifiers or '...' before 'size_t'
 extern int vsnprintf (char *__restrict __s, size_t __maxlen,
                                             ^
/usr/include/stdio.h:666:11: error: expected declaration specifiers or '...' before 'size_t'
           size_t *__restrict __n, int __delimiter,
           ^
/usr/include/stdio.h:669:9: error: expected declaration specifiers or '...' before 'size_t'
         size_t *__restrict __n, int __delimiter,
         ^
/usr/include/stdio.h:679:8: error: expected declaration specifiers or '...' before 'size_t'
        size_t *__restrict __n,
        ^
/usr/include/stdio.h:709:15: error: expected '=', ',', ';', 'asm' or '__attribute__' before 'fread'
 extern size_t fread (void *__restrict __ptr, size_t __size,
               ^
/usr/include/stdio.h:715:15: error: expected '=', ',', ';', 'asm' or '__attribute__' before 'fwrite'
 extern size_t fwrite (const void *__restrict __ptr, size_t __size,
               ^
/usr/include/stdio.h:737:15: error: expected '=', ',', ';', 'asm' or '__attribute__' before 'fread_unlocked'
 extern size_t fread_unlocked (void *__restrict __ptr, size_t __size,
               ^
/usr/include/stdio.h:739:15: error: expected '=', ',', ';', 'asm' or '__attribute__' before 'fwrite_unlocked'
 extern size_t fwrite_unlocked (const void *__restrict __ptr, size_t __size,
               ^
configure:10837: $? = 1
configure: failed program was:
| /* confdefs.h */
| #define PACKAGE_NAME "curl"
| #define PACKAGE_TARNAME "curl"
| #define PACKAGE_VERSION "-"
| #define PACKAGE_STRING "curl -"
| #define PACKAGE_BUGREPORT "a suitable curl mailing list: https://curl.haxx.se/mail/"
| #define PACKAGE_URL ""
| #define PACKAGE "curl"
| #define VERSION "-"
| #define OS "Usage: ./config.sub [OPTION] CPU-MFR-OPSYS or ALIAS
| 
| Canonicalize a configuration name.
| 
| Options:
|   -h, --help         print this help, then exit
|   -t, --time-stamp   print date of last modification, then exit
|   -v, --version      print version number, then exit
| 
| Report bugs and patches to <config-patches@gnu.org>."
| /* end confdefs.h.  */
| #include <stdio.h>
| #ifdef HAVE_SYS_TYPES_H
| # include <sys/types.h>
| #endif
| #ifdef HAVE_SYS_STAT_H
| # include <sys/stat.h>
| #endif
| #ifdef STDC_HEADERS
| # include <stdlib.h>
| # include <stddef.h>
| #else
| # ifdef HAVE_STDLIB_H
| #  include <stdlib.h>
| # endif
| #endif
| #ifdef HAVE_STRING_H
| # if !defined STDC_HEADERS && defined HAVE_MEMORY_H
| #  include <memory.h>
| # endif
| # include <string.h>
| #endif
| #ifdef HAVE_STRINGS_H
| # include <strings.h>
| #endif
| #ifdef HAVE_INTTYPES_H
| # include <inttypes.h>
| #endif
| #ifdef HAVE_STDINT_H
| # include <stdint.h>
| #endif
| #ifdef HAVE_UNISTD_H
| # include <unistd.h>
| #endif
| 
| #include <stdint.h>
configure:10837: result: no
configure:10837: checking for unistd.h
configure:10837: gcc -c   conftest.c >&5
conftest.c:10:12: warning: missing terminating " character [enabled by default]
 #define OS "Usage: ./config.sub [OPTION] CPU-MFR-OPSYS or ALIAS
            ^
conftest.c:12:1: error: unknown type name 'Canonicalize'
 Canonicalize a configuration name.
 ^
conftest.c:12:16: error: expected '=', ',', ';', 'asm' or '__attribute__' before 'configuration'
 Canonicalize a configuration name.
                ^
conftest.c:12:16: error: unknown type name 'configuration'
conftest.c:19:43: error: stray '@' in program
 Report bugs and patches to <config-patches@gnu.org>."
                                           ^
conftest.c:19:53: warning: missing terminating " character [enabled by default]
 Report bugs and patches to <config-patches@gnu.org>."
                                                     ^
conftest.c:19:1: error: missing terminating " character
 Report bugs and patches to <config-patches@gnu.org>."
 ^
In file included from /usr/include/stdio.h:74:0,
                 from conftest.c:21:
/usr/include/libio.h:307:3: error: unknown type name 'size_t'
   size_t __pad5;
   ^
/usr/include/libio.h:311:67: error: 'size_t' undeclared here (not in a function)
   char _unused2[15 * sizeof (int) - 4 * sizeof (void *) - sizeof (size_t)];
                                                                   ^
/usr/include/libio.h:339:62: error: expected declaration specifiers or '...' before 'size_t'
 typedef __ssize_t __io_read_fn (void *__cookie, char *__buf, size_t __nbytes);
                                                              ^
/usr/include/libio.h:348:6: error: expected declaration specifiers or '...' before 'size_t'
      size_t __n);
      ^
/usr/include/libio.h:470:19: error: expected '=', ',', ';', 'asm' or '__attribute__' before '_IO_sgetn'
 extern _IO_size_t _IO_sgetn (_IO_FILE *, void *, _IO_size_t);
                   ^
In file included from conftest.c:21:0:
/usr/include/stdio.h:319:35: error: expected declaration specifiers or '...' before 'size_t'
 extern FILE *fmemopen (void *__s, size_t __len, const char *__modes)
                                   ^
/usr/include/stdio.h:325:47: error: expected declaration specifiers or '...' before 'size_t'
 extern FILE *open_memstream (char **__bufloc, size_t *__sizeloc) __THROW __wur;
                                               ^
/usr/include/stdio.h:337:20: error: expected declaration specifiers or '...' before 'size_t'
       int __modes, size_t __n) __THROW;
                    ^
/usr/include/stdio.h:344:10: error: expected declaration specifiers or '...' before 'size_t'
          size_t __size) __THROW;
          ^
/usr/include/stdio.h:386:44: error: expected declaration specifiers or '...' before 'size_t'
 extern int snprintf (char *__restrict __s, size_t __maxlen,
                                            ^
/usr/include/stdio.h:390:45: error: expected declaration specifiers or '...' before 'size_t'
 extern int vsnprintf (char *__restrict __s, size_t __maxlen,
                                             ^
/usr/include/stdio.h:666:11: error: expected declaration specifiers or '...' before 'size_t'
           size_t *__restrict __n, int __delimiter,
           ^
/usr/include/stdio.h:669:9: error: expected declaration specifiers or '...' before 'size_t'
         size_t *__restrict __n, int __delimiter,
         ^
/usr/include/stdio.h:679:8: error: expected declaration specifiers or '...' before 'size_t'
        size_t *__restrict __n,
        ^
/usr/include/stdio.h:709:15: error: expected '=', ',', ';', 'asm' or '__attribute__' before 'fread'
 extern size_t fread (void *__restrict __ptr, size_t __size,
               ^
/usr/include/stdio.h:715:15: error: expected '=', ',', ';', 'asm' or '__attribute__' before 'fwrite'
 extern size_t fwrite (const void *__restrict __ptr, size_t __size,
               ^
/usr/include/stdio.h:737:15: error: expected '=', ',', ';', 'asm' or '__attribute__' before 'fread_unlocked'
 extern size_t fread_unlocked (void *__restrict __ptr, size_t __size,
               ^
/usr/include/stdio.h:739:15: error: expected '=', ',', ';', 'asm' or '__attribute__' before 'fwrite_unlocked'
 extern size_t fwrite_unlocked (const void *__restrict __ptr, size_t __size,
               ^
In file included from conftest.c:55:0:
/usr/include/unistd.h:360:45: error: expected declaration specifiers or '...' before 'size_t'
 extern ssize_t read (int __fd, void *__buf, size_t __nbytes) __wur;
                                             ^
/usr/include/unistd.h:366:52: error: expected declaration specifiers or '...' before 'size_t'
 extern ssize_t write (int __fd, const void *__buf, size_t __n) __wur;
                                                    ^
/usr/include/unistd.h:376:46: error: expected declaration specifiers or '...' before 'size_t'
 extern ssize_t pread (int __fd, void *__buf, size_t __nbytes,
                                              ^
/usr/include/unistd.h:384:53: error: expected declaration specifiers or '...' before 'size_t'
 extern ssize_t pwrite (int __fd, const void *__buf, size_t __n,
                                                     ^
/usr/include/unistd.h:511:35: error: expected declaration specifiers or '...' before 'size_t'
 extern char *getcwd (char *__buf, size_t __size) __THROW __wur;
                                   ^
In file included from conftest.c:55:0:
/usr/include/unistd.h:623:15: error: expected '=', ',', ';', 'asm' or '__attribute__' before 'confstr'
 extern size_t confstr (int __name, char *__buf, size_t __len) __THROW;
               ^
/usr/include/unistd.h:796:46: error: expected declaration specifiers or '...' before 'size_t'
 extern int ttyname_r (int __fd, char *__buf, size_t __buflen)
                                              ^
/usr/include/unistd.h:832:29: error: expected declaration specifiers or '...' before 'size_t'
     char *__restrict __buf, size_t __len)
                             ^
/usr/include/unistd.h:843:31: error: expected declaration specifiers or '...' before 'size_t'
       char *__restrict __buf, size_t __len)
                               ^
/usr/include/unistd.h:879:38: error: expected declaration specifiers or '...' before 'size_t'
 extern int getlogin_r (char *__name, size_t __name_len) __nonnull ((1));
                                      ^
In file included from conftest.c:55:0:
/usr/include/unistd.h:901:39: error: expected declaration specifiers or '...' before 'size_t'
 extern int gethostname (char *__name, size_t __len) __THROW __nonnull ((1));
                                       ^
/usr/include/unistd.h:908:45: error: expected declaration specifiers or '...' before 'size_t'
 extern int sethostname (const char *__name, size_t __len)
                                             ^
/usr/include/unistd.h:919:41: error: expected declaration specifiers or '...' before 'size_t'
 extern int getdomainname (char *__name, size_t __len)
                                         ^
/usr/include/unistd.h:921:47: error: expected declaration specifiers or '...' before 'size_t'
 extern int setdomainname (const char *__name, size_t __len)
                                               ^
/usr/include/unistd.h:939:57: error: expected declaration specifiers or '...' before 'size_t'
 extern int profil (unsigned short int *__sample_buffer, size_t __size,
                                                         ^
/usr/include/unistd.h:940:6: error: expected declaration specifiers or '...' before 'size_t'
      size_t __offset, unsigned int __scale)
      ^
configure:10837: $? = 1
configure: failed program was:
| /* confdefs.h */
| #define PACKAGE_NAME "curl"
| #define PACKAGE_TARNAME "curl"
| #define PACKAGE_VERSION "-"
| #define PACKAGE_STRING "curl -"
| #define PACKAGE_BUGREPORT "a suitable curl mailing list: https://curl.haxx.se/mail/"
| #define PACKAGE_URL ""
| #define PACKAGE "curl"
| #define VERSION "-"
| #define OS "Usage: ./config.sub [OPTION] CPU-MFR-OPSYS or ALIAS
| 
| Canonicalize a configuration name.
| 
| Options:
|   -h, --help         print this help, then exit
|   -t, --time-stamp   print date of last modification, then exit
|   -v, --version      print version number, then exit
| 
| Report bugs and patches to <config-patches@gnu.org>."
| /* end confdefs.h.  */
| #include <stdio.h>
| #ifdef HAVE_SYS_TYPES_H
| # include <sys/types.h>
| #endif
| #ifdef HAVE_SYS_STAT_H
| # include <sys/stat.h>
| #endif
| #ifdef STDC_HEADERS
| # include <stdlib.h>
| # include <stddef.h>
| #else
| # ifdef HAVE_STDLIB_H
| #  include <stdlib.h>
| # endif
| #endif
| #ifdef HAVE_STRING_H
| # if !defined STDC_HEADERS && defined HAVE_MEMORY_H
| #  include <memory.h>
| # endif
| # include <string.h>
| #endif
| #ifdef HAVE_STRINGS_H
| # include <strings.h>
| #endif
| #ifdef HAVE_INTTYPES_H
| # include <inttypes.h>
| #endif
| #ifdef HAVE_STDINT_H
| # include <stdint.h>
| #endif
| #ifdef HAVE_UNISTD_H
| # include <unistd.h>
| #endif
| 
| #include <unistd.h>
configure:10837: result: no
configure:10851: checking for dlfcn.h
configure:10851: gcc -c   conftest.c >&5
conftest.c:10:12: warning: missing terminating " character [enabled by default]
 #define OS "Usage: ./config.sub [OPTION] CPU-MFR-OPSYS or ALIAS
            ^
conftest.c:12:1: error: unknown type name 'Canonicalize'
 Canonicalize a configuration name.
 ^
conftest.c:12:16: error: expected '=', ',', ';', 'asm' or '__attribute__' before 'configuration'
 Canonicalize a configuration name.
                ^
conftest.c:12:16: error: unknown type name 'configuration'
conftest.c:19:43: error: stray '@' in program
 Report bugs and patches to <config-patches@gnu.org>."
                                           ^
conftest.c:19:53: warning: missing terminating " character [enabled by default]
 Report bugs and patches to <config-patches@gnu.org>."
                                                     ^
conftest.c:19:1: error: missing terminating " character
 Report bugs and patches to <config-patches@gnu.org>."
 ^
In file included from /usr/include/stdio.h:74:0,
                 from conftest.c:21:
/usr/include/libio.h:307:3: error: unknown type name 'size_t'
   size_t __pad5;
   ^
/usr/include/libio.h:311:67: error: 'size_t' undeclared here (not in a function)
   char _unused2[15 * sizeof (int) - 4 * sizeof (void *) - sizeof (size_t)];
                                                                   ^
/usr/include/libio.h:339:62: error: expected declaration specifiers or '...' before 'size_t'
 typedef __ssize_t __io_read_fn (void *__cookie, char *__buf, size_t __nbytes);
                                                              ^
/usr/include/libio.h:348:6: error: expected declaration specifiers or '...' before 'size_t'
      size_t __n);
      ^
/usr/include/libio.h:470:19: error: expected '=', ',', ';', 'asm' or '__attribute__' before '_IO_sgetn'
 extern _IO_size_t _IO_sgetn (_IO_FILE *, void *, _IO_size_t);
                   ^
In file included from conftest.c:21:0:
/usr/include/stdio.h:319:35: error: expected declaration specifiers or '...' before 'size_t'
 extern FILE *fmemopen (void *__s, size_t __len, const char *__modes)
                                   ^
/usr/include/stdio.h:325:47: error: expected declaration specifiers or '...' before 'size_t'
 extern FILE *open_memstream (char **__bufloc, size_t *__sizeloc) __THROW __wur;
                                               ^
/usr/include/stdio.h:337:20: error: expected declaration specifiers or '...' before 'size_t'
       int __modes, size_t __n) __THROW;
                    ^
/usr/include/stdio.h:344:10: error: expected declaration specifiers or '...' before 'size_t'
          size_t __size) __THROW;
          ^
/usr/include/stdio.h:386:44: error: expected declaration specifiers or '...' before 'size_t'
 extern int snprintf (char *__restrict __s, size_t __maxlen,
                                            ^
/usr/include/stdio.h:390:45: error: expected declaration specifiers or '...' before 'size_t'
 extern int vsnprintf (char *__restrict __s, size_t __maxlen,
                                             ^
/usr/include/stdio.h:666:11: error: expected declaration specifiers or '...' before 'size_t'
           size_t *__restrict __n, int __delimiter,
           ^
/usr/include/stdio.h:669:9: error: expected declaration specifiers or '...' before 'size_t'
         size_t *__restrict __n, int __delimiter,
         ^
/usr/include/stdio.h:679:8: error: expected declaration specifiers or '...' before 'size_t'
        size_t *__restrict __n,
        ^
/usr/include/stdio.h:709:15: error: expected '=', ',', ';', 'asm' or '__attribute__' before 'fread'
 extern size_t fread (void *__restrict __ptr, size_t __size,
               ^
/usr/include/stdio.h:715:15: error: expected '=', ',', ';', 'asm' or '__attribute__' before 'fwrite'
 extern size_t fwrite (const void *__restrict __ptr, size_t __size,
               ^
/usr/include/stdio.h:737:15: error: expected '=', ',', ';', 'asm' or '__attribute__' before 'fread_unlocked'
 extern size_t fread_unlocked (void *__restrict __ptr, size_t __size,
               ^
/usr/include/stdio.h:739:15: error: expected '=', ',', ';', 'asm' or '__attribute__' before 'fwrite_unlocked'
 extern size_t fwrite_unlocked (const void *__restrict __ptr, size_t __size,
               ^
configure:10851: $? = 1
configure: failed program was:
| /* confdefs.h */
| #define PACKAGE_NAME "curl"
| #define PACKAGE_TARNAME "curl"
| #define PACKAGE_VERSION "-"
| #define PACKAGE_STRING "curl -"
| #define PACKAGE_BUGREPORT "a suitable curl mailing list: https://curl.haxx.se/mail/"
| #define PACKAGE_URL ""
| #define PACKAGE "curl"
| #define VERSION "-"
| #define OS "Usage: ./config.sub [OPTION] CPU-MFR-OPSYS or ALIAS
| 
| Canonicalize a configuration name.
| 
| Options:
|   -h, --help         print this help, then exit
|   -t, --time-stamp   print date of last modification, then exit
|   -v, --version      print version number, then exit
| 
| Report bugs and patches to <config-patches@gnu.org>."
| /* end confdefs.h.  */
| #include <stdio.h>
| #ifdef HAVE_SYS_TYPES_H
| # include <sys/types.h>
| #endif
| #ifdef HAVE_SYS_STAT_H
| # include <sys/stat.h>
| #endif
| #ifdef STDC_HEADERS
| # include <stdlib.h>
| # include <stddef.h>
| #else
| # ifdef HAVE_STDLIB_H
| #  include <stdlib.h>
| # endif
| #endif
| #ifdef HAVE_STRING_H
| # if !defined STDC_HEADERS && defined HAVE_MEMORY_H
| #  include <memory.h>
| # endif
| # include <string.h>
| #endif
| #ifdef HAVE_STRINGS_H
| # include <strings.h>
| #endif
| #ifdef HAVE_INTTYPES_H
| # include <inttypes.h>
| #endif
| #ifdef HAVE_STDINT_H
| # include <stdint.h>
| #endif
| #ifdef HAVE_UNISTD_H
| # include <unistd.h>
| #endif
| 
| #include <dlfcn.h>
configure:10851: result: no
configure:11512: checking for objdir
configure:11527: result: .libs
configure:11791: checking if gcc supports -fno-rtti -fno-exceptions
configure:11809: gcc -c   -fno-rtti -fno-exceptions conftest.c >&5
cc1: warning: command line option '-fno-rtti' is valid for C++/ObjC++ but not for C [enabled by default]
configure:11813: $? = 0
configure:11826: result: no
configure:12184: checking for gcc option to produce PIC
configure:12191: result: -fPIC -DPIC
configure:12199: checking if gcc PIC flag -fPIC -DPIC works
configure:12217: gcc -c   -fPIC -DPIC -DPIC conftest.c >&5
configure:12221: $? = 0
configure:12234: result: yes
configure:12263: checking if gcc static flag -static works
configure:12291: result: yes
configure:12306: checking if gcc supports -c -o file.o
configure:12327: gcc -c   -o out/conftest2.o conftest.c >&5
configure:12331: $? = 0
configure:12353: result: yes
configure:12361: checking if gcc supports -c -o file.o
configure:12408: result: yes
configure:12441: checking whether the gcc linker (/usr/bin/ld) supports shared libraries
configure:13702: result: yes
configure:13739: checking whether -lc should be explicitly linked in
configure:13747: gcc -c   conftest.c >&5
configure:13750: $? = 0
configure:13765: gcc -shared  -fPIC -DPIC conftest.o  -v -Wl,-soname -Wl,conftest -o conftest 2\>\&1 \| /usr/bin/grep  -lc  \>/dev/null 2\>\&1
configure:13768: $? = 0
configure:13782: result: no
configure:13942: checking dynamic linker characteristics
configure:14771: result: no
configure:14893: checking how to hardcode library paths into programs
configure:14918: result: immediate
configure:15451: checking whether stripping libraries is possible
configure:15456: result: yes
configure:15491: checking if libtool supports shared libraries
configure:15493: result: no
configure:15496: checking whether to build shared libraries
configure:15521: result: no
configure:15524: checking whether to build static libraries
configure:15528: result: yes
configure:15599: checking whether to build shared libraries with -version-info
configure:15610: result: no
configure:15617: checking whether to build shared libraries with -no-undefined
configure:15630: result: no
configure:15637: checking whether to build shared libraries with -mimpure-text
configure:15647: result: no
configure:15674: checking whether to build shared libraries with PIC
configure:15676: result: yes
configure:15678: checking whether to build static libraries with PIC
configure:15680: result: no
configure:15687: checking whether to build shared libraries only
configure:15695: result: no
configure:15702: checking whether to build static libraries only
configure:15710: result: yes
configure:15800: checking for inline
configure:15816: gcc -c   conftest.c >&5
conftest.c:10:12: warning: missing terminating " character [enabled by default]
 #define OS "Usage: ./config.sub [OPTION] CPU-MFR-OPSYS or ALIAS
            ^
conftest.c:12:1: error: unknown type name 'Canonicalize'
 Canonicalize a configuration name.
 ^
conftest.c:12:16: error: expected '=', ',', ';', 'asm' or '__attribute__' before 'configuration'
 Canonicalize a configuration name.
                ^
conftest.c:12:16: error: unknown type name 'configuration'
conftest.c:19:43: error: stray '@' in program
 Report bugs and patches to <config-patches@gnu.org>."
                                           ^
conftest.c:19:53: warning: missing terminating " character [enabled by default]
 Report bugs and patches to <config-patches@gnu.org>."
                                                     ^
conftest.c:19:1: error: missing terminating " character
 Report bugs and patches to <config-patches@gnu.org>."
 ^
conftest.c:24:1: error: unknown type name 'foo_t'
 static inline foo_t static_foo () {return 0; }
 ^
conftest.c:25:1: error: unknown type name 'foo_t'
 inline foo_t foo () {return 0; }
 ^
configure:15816: $? = 1
configure: failed program was:
| /* confdefs.h */
| #define PACKAGE_NAME "curl"
| #define PACKAGE_TARNAME "curl"
| #define PACKAGE_VERSION "-"
| #define PACKAGE_STRING "curl -"
| #define PACKAGE_BUGREPORT "a suitable curl mailing list: https://curl.haxx.se/mail/"
| #define PACKAGE_URL ""
| #define PACKAGE "curl"
| #define VERSION "-"
| #define OS "Usage: ./config.sub [OPTION] CPU-MFR-OPSYS or ALIAS
| 
| Canonicalize a configuration name.
| 
| Options:
|   -h, --help         print this help, then exit
|   -t, --time-stamp   print date of last modification, then exit
|   -v, --version      print version number, then exit
| 
| Report bugs and patches to <config-patches@gnu.org>."
| #define LT_OBJDIR ".libs/"
| /* end confdefs.h.  */
| #ifndef __cplusplus
| typedef int foo_t;
| static inline foo_t static_foo () {return 0; }
| inline foo_t foo () {return 0; }
| #endif
| 
configure:15816: gcc -c   conftest.c >&5
conftest.c:10:12: warning: missing terminating " character [enabled by default]
 #define OS "Usage: ./config.sub [OPTION] CPU-MFR-OPSYS or ALIAS
            ^
conftest.c:12:1: error: unknown type name 'Canonicalize'
 Canonicalize a configuration name.
 ^
conftest.c:12:16: error: expected '=', ',', ';', 'asm' or '__attribute__' before 'configuration'
 Canonicalize a configuration name.
                ^
conftest.c:12:16: error: unknown type name 'configuration'
conftest.c:19:43: error: stray '@' in program
 Report bugs and patches to <config-patches@gnu.org>."
                                           ^
conftest.c:19:53: warning: missing terminating " character [enabled by default]
 Report bugs and patches to <config-patches@gnu.org>."
                                                     ^
conftest.c:19:1: error: missing terminating " character
 Report bugs and patches to <config-patches@gnu.org>."
 ^
conftest.c:24:1: error: unknown type name 'foo_t'
 static __inline__ foo_t static_foo () {return 0; }
 ^
conftest.c:25:1: error: unknown type name 'foo_t'
 __inline__ foo_t foo () {return 0; }
 ^
configure:15816: $? = 1
configure: failed program was:
| /* confdefs.h */
| #define PACKAGE_NAME "curl"
| #define PACKAGE_TARNAME "curl"
| #define PACKAGE_VERSION "-"
| #define PACKAGE_STRING "curl -"
| #define PACKAGE_BUGREPORT "a suitable curl mailing list: https://curl.haxx.se/mail/"
| #define PACKAGE_URL ""
| #define PACKAGE "curl"
| #define VERSION "-"
| #define OS "Usage: ./config.sub [OPTION] CPU-MFR-OPSYS or ALIAS
| 
| Canonicalize a configuration name.
| 
| Options:
|   -h, --help         print this help, then exit
|   -t, --time-stamp   print date of last modification, then exit
|   -v, --version      print version number, then exit
| 
| Report bugs and patches to <config-patches@gnu.org>."
| #define LT_OBJDIR ".libs/"
| /* end confdefs.h.  */
| #ifndef __cplusplus
| typedef int foo_t;
| static __inline__ foo_t static_foo () {return 0; }
| __inline__ foo_t foo () {return 0; }
| #endif
| 
configure:15816: gcc -c   conftest.c >&5
conftest.c:10:12: warning: missing terminating " character [enabled by default]
 #define OS "Usage: ./config.sub [OPTION] CPU-MFR-OPSYS or ALIAS
            ^
conftest.c:12:1: error: unknown type name 'Canonicalize'
 Canonicalize a configuration name.
 ^
conftest.c:12:16: error: expected '=', ',', ';', 'asm' or '__attribute__' before 'configuration'
 Canonicalize a configuration name.
                ^
conftest.c:12:16: error: unknown type name 'configuration'
conftest.c:19:43: error: stray '@' in program
 Report bugs and patches to <config-patches@gnu.org>."
                                           ^
conftest.c:19:53: warning: missing terminating " character [enabled by default]
 Report bugs and patches to <config-patches@gnu.org>."
                                                     ^
conftest.c:19:1: error: missing terminating " character
 Report bugs and patches to <config-patches@gnu.org>."
 ^
conftest.c:24:1: error: unknown type name 'foo_t'
 static __inline foo_t static_foo () {return 0; }
 ^
conftest.c:25:1: error: unknown type name 'foo_t'
 __inline foo_t foo () {return 0; }
 ^
configure:15816: $? = 1
configure: failed program was:
| /* confdefs.h */
| #define PACKAGE_NAME "curl"
| #define PACKAGE_TARNAME "curl"
| #define PACKAGE_VERSION "-"
| #define PACKAGE_STRING "curl -"
| #define PACKAGE_BUGREPORT "a suitable curl mailing list: https://curl.haxx.se/mail/"
| #define PACKAGE_URL ""
| #define PACKAGE "curl"
| #define VERSION "-"
| #define OS "Usage: ./config.sub [OPTION] CPU-MFR-OPSYS or ALIAS
| 
| Canonicalize a configuration name.
| 
| Options:
|   -h, --help         print this help, then exit
|   -t, --time-stamp   print date of last modification, then exit
|   -v, --version      print version number, then exit
| 
| Report bugs and patches to <config-patches@gnu.org>."
| #define LT_OBJDIR ".libs/"
| /* end confdefs.h.  */
| #ifndef __cplusplus
| typedef int foo_t;
| static __inline foo_t static_foo () {return 0; }
| __inline foo_t foo () {return 0; }
| #endif
| 
configure:15824: result: no
configure:15845: checking if cpp -P is needed
conftest.c:10:12: warning: missing terminating " character [enabled by default]
 #define OS "Usage: ./config.sub [OPTION] CPU-MFR-OPSYS or ALIAS
            ^
conftest.c:19:53: warning: missing terminating " character [enabled by default]
 Report bugs and patches to <config-patches@gnu.org>."
                                                     ^
configure:15862: result: no
configure:15918: checking if compiler is DEC/Compaq/HP C
configure:15942: gcc -E   conftest.c
conftest.c:10:12: warning: missing terminating " character [enabled by default]
 #define OS "Usage: ./config.sub [OPTION] CPU-MFR-OPSYS or ALIAS
            ^
conftest.c:19:53: warning: missing terminating " character [enabled by default]
 Report bugs and patches to <config-patches@gnu.org>."
                                                     ^
configure:15942: $? = 0
configure:15986: gcc -E   conftest.c
conftest.c:10:12: warning: missing terminating " character [enabled by default]
 #define OS "Usage: ./config.sub [OPTION] CPU-MFR-OPSYS or ALIAS
            ^
conftest.c:19:53: warning: missing terminating " character [enabled by default]
 Report bugs and patches to <config-patches@gnu.org>."
                                                     ^
configure:15986: $? = 0
configure:16020: result: no
configure:16025: checking if compiler is HP-UX C
configure:16049: gcc -E   conftest.c
conftest.c:10:12: warning: missing terminating " character [enabled by default]
 #define OS "Usage: ./config.sub [OPTION] CPU-MFR-OPSYS or ALIAS
            ^
conftest.c:19:53: warning: missing terminating " character [enabled by default]
 Report bugs and patches to <config-patches@gnu.org>."
                                                     ^
configure:16049: $? = 0
configure:16082: result: no
configure:16087: checking if compiler is IBM C
configure:16111: gcc -E   conftest.c
conftest.c:10:12: warning: missing terminating " character [enabled by default]
 #define OS "Usage: ./config.sub [OPTION] CPU-MFR-OPSYS or ALIAS
            ^
conftest.c:19:53: warning: missing terminating " character [enabled by default]
 Report bugs and patches to <config-patches@gnu.org>."
                                                     ^
configure:16111: $? = 0
configure:16152: result: no
configure:16157: checking if compiler is Intel C
configure:16181: gcc -E   conftest.c
conftest.c:10:12: warning: missing terminating " character [enabled by default]
 #define OS "Usage: ./config.sub [OPTION] CPU-MFR-OPSYS or ALIAS
            ^
conftest.c:19:53: warning: missing terminating " character [enabled by default]
 Report bugs and patches to <config-patches@gnu.org>."
                                                     ^
configure:16181: $? = 0
configure:16276: result: no
configure:16281: checking if compiler is clang
configure:16305: gcc -E   conftest.c
conftest.c:10:12: warning: missing terminating " character [enabled by default]
 #define OS "Usage: ./config.sub [OPTION] CPU-MFR-OPSYS or ALIAS
            ^
conftest.c:19:53: warning: missing terminating " character [enabled by default]
 Report bugs and patches to <config-patches@gnu.org>."
                                                     ^
configure:16305: $? = 0
configure:16357: result: no
configure:16362: checking if compiler is GNU C
configure:16386: gcc -E   conftest.c
conftest.c:10:12: warning: missing terminating " character [enabled by default]
 #define OS "Usage: ./config.sub [OPTION] CPU-MFR-OPSYS or ALIAS
            ^
conftest.c:19:53: warning: missing terminating " character [enabled by default]
 Report bugs and patches to <config-patches@gnu.org>."
                                                     ^
configure:16386: $? = 0
configure:16410: result: yes
configure:16452: gcc -E   conftest.c
conftest.c:10:12: warning: missing terminating " character [enabled by default]
 #define OS "Usage: ./config.sub [OPTION] CPU-MFR-OPSYS or ALIAS
            ^
conftest.c:19:53: warning: missing terminating " character [enabled by default]
 Report bugs and patches to <config-patches@gnu.org>."
                                                     ^
configure:16452: $? = 0
configure:16480: checking if compiler is LCC
configure:16504: gcc -E   conftest.c
conftest.c:10:12: warning: missing terminating " character [enabled by default]
 #define OS "Usage: ./config.sub [OPTION] CPU-MFR-OPSYS or ALIAS
            ^
conftest.c:19:53: warning: missing terminating " character [enabled by default]
 Report bugs and patches to <config-patches@gnu.org>."
                                                     ^
configure:16504: $? = 0
configure:16537: result: no
configure:16542: checking if compiler is SGI MIPSpro C
configure:16566: gcc -E   conftest.c
conftest.c:10:12: warning: missing terminating " character [enabled by default]
 #define OS "Usage: ./config.sub [OPTION] CPU-MFR-OPSYS or ALIAS
            ^
conftest.c:19:53: warning: missing terminating " character [enabled by default]
 Report bugs and patches to <config-patches@gnu.org>."
                                                     ^
configure:16566: $? = 0
configure:16610: gcc -E   conftest.c
conftest.c:10:12: warning: missing terminating " character [enabled by default]
 #define OS "Usage: ./config.sub [OPTION] CPU-MFR-OPSYS or ALIAS
            ^
conftest.c:19:53: warning: missing terminating " character [enabled by default]
 Report bugs and patches to <config-patches@gnu.org>."
                                                     ^
configure:16610: $? = 0
configure:16654: gcc -E   conftest.c
conftest.c:10:12: warning: missing terminating " character [enabled by default]
 #define OS "Usage: ./config.sub [OPTION] CPU-MFR-OPSYS or ALIAS
            ^
conftest.c:19:53: warning: missing terminating " character [enabled by default]
 Report bugs and patches to <config-patches@gnu.org>."
                                                     ^
configure:16654: $? = 0
configure:16689: result: no
configure:16694: checking if compiler is SGI MIPS C
configure:16718: gcc -E   conftest.c
conftest.c:10:12: warning: missing terminating " character [enabled by default]
 #define OS "Usage: ./config.sub [OPTION] CPU-MFR-OPSYS or ALIAS
            ^
conftest.c:19:53: warning: missing terminating " character [enabled by default]
 Report bugs and patches to <config-patches@gnu.org>."
                                                     ^
configure:16718: $? = 0
configure:16762: gcc -E   conftest.c
conftest.c:10:12: warning: missing terminating " character [enabled by default]
 #define OS "Usage: ./config.sub [OPTION] CPU-MFR-OPSYS or ALIAS
            ^
conftest.c:19:53: warning: missing terminating " character [enabled by default]
 Report bugs and patches to <config-patches@gnu.org>."
                                                     ^
configure:16762: $? = 0
configure:16797: result: no
configure:16802: checking if compiler is SunPro C
configure:16826: gcc -E   conftest.c
conftest.c:10:12: warning: missing terminating " character [enabled by default]
 #define OS "Usage: ./config.sub [OPTION] CPU-MFR-OPSYS or ALIAS
            ^
conftest.c:19:53: warning: missing terminating " character [enabled by default]
 Report bugs and patches to <config-patches@gnu.org>."
                                                     ^
configure:16826: $? = 0
configure:16859: result: no
configure:16864: checking if compiler is Tiny C
configure:16888: gcc -E   conftest.c
conftest.c:10:12: warning: missing terminating " character [enabled by default]
 #define OS "Usage: ./config.sub [OPTION] CPU-MFR-OPSYS or ALIAS
            ^
conftest.c:19:53: warning: missing terminating " character [enabled by default]
 Report bugs and patches to <config-patches@gnu.org>."
                                                     ^
configure:16888: $? = 0
configure:16921: result: no
configure:16926: checking if compiler is Watcom C
configure:16950: gcc -E   conftest.c
conftest.c:10:12: warning: missing terminating " character [enabled by default]
 #define OS "Usage: ./config.sub [OPTION] CPU-MFR-OPSYS or ALIAS
            ^
conftest.c:19:53: warning: missing terminating " character [enabled by default]
 Report bugs and patches to <config-patches@gnu.org>."
                                                     ^
configure:16950: $? = 0
configure:17037: result: no
configure:17209: checking if compiler accepts some basic options
configure:17233: gcc -c -Werror-implicit-function-declaration  conftest.c >&5
conftest.c:10:12: warning: missing terminating " character [enabled by default]
 #define OS "Usage: ./config.sub [OPTION] CPU-MFR-OPSYS or ALIAS
            ^
conftest.c:12:1: error: unknown type name 'Canonicalize'
 Canonicalize a configuration name.
 ^
conftest.c:12:16: error: expected '=', ',', ';', 'asm' or '__attribute__' before 'configuration'
 Canonicalize a configuration name.
                ^
conftest.c:12:16: error: unknown type name 'configuration'
conftest.c:19:43: error: stray '@' in program
 Report bugs and patches to <config-patches@gnu.org>."
                                           ^
conftest.c:19:53: warning: missing terminating " character [enabled by default]
 Report bugs and patches to <config-patches@gnu.org>."
                                                     ^
conftest.c:19:1: error: missing terminating " character
 Report bugs and patches to <config-patches@gnu.org>."
 ^
configure:17233: $? = 1
configure: failed program was:
| /* confdefs.h */
| #define PACKAGE_NAME "curl"
| #define PACKAGE_TARNAME "curl"
| #define PACKAGE_VERSION "-"
| #define PACKAGE_STRING "curl -"
| #define PACKAGE_BUGREPORT "a suitable curl mailing list: https://curl.haxx.se/mail/"
| #define PACKAGE_URL ""
| #define PACKAGE "curl"
| #define VERSION "-"
| #define OS "Usage: ./config.sub [OPTION] CPU-MFR-OPSYS or ALIAS
| 
| Canonicalize a configuration name.
| 
| Options:
|   -h, --help         print this help, then exit
|   -t, --time-stamp   print date of last modification, then exit
|   -v, --version      print version number, then exit
| 
| Report bugs and patches to <config-patches@gnu.org>."
| #define LT_OBJDIR ".libs/"
| #ifndef __cplusplus
| #define inline 
| #endif
| /* end confdefs.h.  */
| 
| 
| 
| int main (void)
| {
| 
|       int i = 1;
|       return i;
| 
|  ;
|  return 0;
| }
| 
configure:17331: result: no
configure:17333: WARNING: compiler options rejected: -Werror-implicit-function-declaration 
configure:17393: checking if compiler accepts debug disabling options
configure:17425: gcc -c   conftest.c >&5
conftest.c:10:12: warning: missing terminating " character [enabled by default]
 #define OS "Usage: ./config.sub [OPTION] CPU-MFR-OPSYS or ALIAS
            ^
conftest.c:12:1: error: unknown type name 'Canonicalize'
 Canonicalize a configuration name.
 ^
conftest.c:12:16: error: expected '=', ',', ';', 'asm' or '__attribute__' before 'configuration'
 Canonicalize a configuration name.
                ^
conftest.c:12:16: error: unknown type name 'configuration'
conftest.c:19:43: error: stray '@' in program
 Report bugs and patches to <config-patches@gnu.org>."
                                           ^
conftest.c:19:53: warning: missing terminating " character [enabled by default]
 Report bugs and patches to <config-patches@gnu.org>."
                                                     ^
conftest.c:19:1: error: missing terminating " character
 Report bugs and patches to <config-patches@gnu.org>."
 ^
configure:17425: $? = 1
configure: failed program was:
| /* confdefs.h */
| #define PACKAGE_NAME "curl"
| #define PACKAGE_TARNAME "curl"
| #define PACKAGE_VERSION "-"
| #define PACKAGE_STRING "curl -"
| #define PACKAGE_BUGREPORT "a suitable curl mailing list: https://curl.haxx.se/mail/"
| #define PACKAGE_URL ""
| #define PACKAGE "curl"
| #define VERSION "-"
| #define OS "Usage: ./config.sub [OPTION] CPU-MFR-OPSYS or ALIAS
| 
| Canonicalize a configuration name.
| 
| Options:
|   -h, --help         print this help, then exit
|   -t, --time-stamp   print date of last modification, then exit
|   -v, --version      print version number, then exit
| 
| Report bugs and patches to <config-patches@gnu.org>."
| #define LT_OBJDIR ".libs/"
| #ifndef __cplusplus
| #define inline 
| #endif
| /* end confdefs.h.  */
| 
| 
| 
| int main (void)
| {
| 
|       int i = 1;
|       return i;
| 
|  ;
|  return 0;
| }
| 
configure:17523: result: no
configure:17525: WARNING: compiler options rejected: 
configure:17550: checking if compiler optimizer assumed setting might be used
configure:17588: result: yes
configure:17634: checking if compiler accepts optimizer enabling options
configure:17670: gcc -c -O2  conftest.c >&5
conftest.c:10:12: warning: missing terminating " character [enabled by default]
 #define OS "Usage: ./config.sub [OPTION] CPU-MFR-OPSYS or ALIAS
            ^
conftest.c:12:1: error: unknown type name 'Canonicalize'
 Canonicalize a configuration name.
 ^
conftest.c:12:16: error: expected '=', ',', ';', 'asm' or '__attribute__' before 'configuration'
 Canonicalize a configuration name.
                ^
conftest.c:12:16: error: unknown type name 'configuration'
conftest.c:19:43: error: stray '@' in program
 Report bugs and patches to <config-patches@gnu.org>."
                                           ^
conftest.c:19:53: warning: missing terminating " character [enabled by default]
 Report bugs and patches to <config-patches@gnu.org>."
                                                     ^
conftest.c:19:1: error: missing terminating " character
 Report bugs and patches to <config-patches@gnu.org>."
 ^
configure:17670: $? = 1
configure: failed program was:
| /* confdefs.h */
| #define PACKAGE_NAME "curl"
| #define PACKAGE_TARNAME "curl"
| #define PACKAGE_VERSION "-"
| #define PACKAGE_STRING "curl -"
| #define PACKAGE_BUGREPORT "a suitable curl mailing list: https://curl.haxx.se/mail/"
| #define PACKAGE_URL ""
| #define PACKAGE "curl"
| #define VERSION "-"
| #define OS "Usage: ./config.sub [OPTION] CPU-MFR-OPSYS or ALIAS
| 
| Canonicalize a configuration name.
| 
| Options:
|   -h, --help         print this help, then exit
|   -t, --time-stamp   print date of last modification, then exit
|   -v, --version      print version number, then exit
| 
| Report bugs and patches to <config-patches@gnu.org>."
| #define LT_OBJDIR ".libs/"
| #ifndef __cplusplus
| #define inline 
| #endif
| /* end confdefs.h.  */
| 
| 
| 
| int main (void)
| {
| 
|       int i = 1;
|       return i;
| 
|  ;
|  return 0;
| }
| 
configure:17768: result: no
configure:17770: WARNING: compiler options rejected: -O2
configure:18079: checking if compiler accepts strict warning options
configure:18103: gcc -c -Wno-system-headers  conftest.c >&5
conftest.c:10:12: warning: missing terminating " character [enabled by default]
 #define OS "Usage: ./config.sub [OPTION] CPU-MFR-OPSYS or ALIAS
            ^
conftest.c:12:1: error: unknown type name 'Canonicalize'
 Canonicalize a configuration name.
 ^
conftest.c:12:16: error: expected '=', ',', ';', 'asm' or '__attribute__' before 'configuration'
 Canonicalize a configuration name.
                ^
conftest.c:12:16: error: unknown type name 'configuration'
conftest.c:19:43: error: stray '@' in program
 Report bugs and patches to <config-patches@gnu.org>."
                                           ^
conftest.c:19:53: warning: missing terminating " character [enabled by default]
 Report bugs and patches to <config-patches@gnu.org>."
                                                     ^
conftest.c:19:1: error: missing terminating " character
 Report bugs and patches to <config-patches@gnu.org>."
 ^
configure:18103: $? = 1
configure: failed program was:
| /* confdefs.h */
| #define PACKAGE_NAME "curl"
| #define PACKAGE_TARNAME "curl"
| #define PACKAGE_VERSION "-"
| #define PACKAGE_STRING "curl -"
| #define PACKAGE_BUGREPORT "a suitable curl mailing list: https://curl.haxx.se/mail/"
| #define PACKAGE_URL ""
| #define PACKAGE "curl"
| #define VERSION "-"
| #define OS "Usage: ./config.sub [OPTION] CPU-MFR-OPSYS or ALIAS
| 
| Canonicalize a configuration name.
| 
| Options:
|   -h, --help         print this help, then exit
|   -t, --time-stamp   print date of last modification, then exit
|   -v, --version      print version number, then exit
| 
| Report bugs and patches to <config-patches@gnu.org>."
| #define LT_OBJDIR ".libs/"
| #ifndef __cplusplus
| #define inline 
| #endif
| /* end confdefs.h.  */
| 
| 
| 
| int main (void)
| {
| 
|       int i = 1;
|       return i;
| 
|  ;
|  return 0;
| }
| 
configure:18201: result: no
configure:18203: WARNING: compiler options rejected: -Wno-system-headers 
configure:18226: checking if compiler halts on compilation errors
configure:18243: gcc -c   conftest.c >&5
conftest.c:10:12: warning: missing terminating " character [enabled by default]
 #define OS "Usage: ./config.sub [OPTION] CPU-MFR-OPSYS or ALIAS
            ^
conftest.c:12:1: error: unknown type name 'Canonicalize'
 Canonicalize a configuration name.
 ^
conftest.c:12:16: error: expected '=', ',', ';', 'asm' or '__attribute__' before 'configuration'
 Canonicalize a configuration name.
                ^
conftest.c:12:16: error: unknown type name 'configuration'
conftest.c:19:43: error: stray '@' in program
 Report bugs and patches to <config-patches@gnu.org>."
                                           ^
conftest.c:19:53: warning: missing terminating " character [enabled by default]
 Report bugs and patches to <config-patches@gnu.org>."
                                                     ^
conftest.c:19:1: error: missing terminating " character
 Report bugs and patches to <config-patches@gnu.org>."
 ^
configure:18243: $? = 1
configure: failed program was:
| /* confdefs.h */
| #define PACKAGE_NAME "curl"
| #define PACKAGE_TARNAME "curl"
| #define PACKAGE_VERSION "-"
| #define PACKAGE_STRING "curl -"
| #define PACKAGE_BUGREPORT "a suitable curl mailing list: https://curl.haxx.se/mail/"
| #define PACKAGE_URL ""
| #define PACKAGE "curl"
| #define VERSION "-"
| #define OS "Usage: ./config.sub [OPTION] CPU-MFR-OPSYS or ALIAS
| 
| Canonicalize a configuration name.
| 
| Options:
|   -h, --help         print this help, then exit
|   -t, --time-stamp   print date of last modification, then exit
|   -v, --version      print version number, then exit
| 
| Report bugs and patches to <config-patches@gnu.org>."
| #define LT_OBJDIR ".libs/"
| #ifndef __cplusplus
| #define inline 
| #endif
| /* end confdefs.h.  */
| 
| 
| 
| int main (void)
| {
| 
|       force compilation error
| 
|  ;
|  return 0;
| }
| 
configure:18251: result: yes
configure:18258: checking if compiler halts on negative sized arrays
configure:18276: gcc -c   conftest.c >&5
conftest.c:10:12: warning: missing terminating " character [enabled by default]
 #define OS "Usage: ./config.sub [OPTION] CPU-MFR-OPSYS or ALIAS
            ^
conftest.c:12:1: error: unknown type name 'Canonicalize'
 Canonicalize a configuration name.
 ^
conftest.c:12:16: error: expected '=', ',', ';', 'asm' or '__attribute__' before 'configuration'
 Canonicalize a configuration name.
                ^
conftest.c:12:16: error: unknown type name 'configuration'
conftest.c:19:43: error: stray '@' in program
 Report bugs and patches to <config-patches@gnu.org>."
                                           ^
conftest.c:19:53: warning: missing terminating " character [enabled by default]
 Report bugs and patches to <config-patches@gnu.org>."
                                                     ^
conftest.c:19:1: error: missing terminating " character
 Report bugs and patches to <config-patches@gnu.org>."
 ^
conftest.c: In function 'main':
conftest.c:32:7: error: unknown type name 'bad_t'
       bad_t dummy;
       ^
configure:18276: $? = 1
configure: failed program was:
| /* confdefs.h */
| #define PACKAGE_NAME "curl"
| #define PACKAGE_TARNAME "curl"
| #define PACKAGE_VERSION "-"
| #define PACKAGE_STRING "curl -"
| #define PACKAGE_BUGREPORT "a suitable curl mailing list: https://curl.haxx.se/mail/"
| #define PACKAGE_URL ""
| #define PACKAGE "curl"
| #define VERSION "-"
| #define OS "Usage: ./config.sub [OPTION] CPU-MFR-OPSYS or ALIAS
| 
| Canonicalize a configuration name.
| 
| Options:
|   -h, --help         print this help, then exit
|   -t, --time-stamp   print date of last modification, then exit
|   -v, --version      print version number, then exit
| 
| Report bugs and patches to <config-patches@gnu.org>."
| #define LT_OBJDIR ".libs/"
| #ifndef __cplusplus
| #define inline 
| #endif
| /* end confdefs.h.  */
| 
| 
|       typedef char bad_t[sizeof(char) == sizeof(int) ? -1 : -1 ];
| 
| int main (void)
| {
| 
|       bad_t dummy;
| 
|  ;
|  return 0;
| }
| 
configure:18284: result: yes
configure:18291: checking if compiler halts on function prototype mismatch
configure:18320: gcc -c   conftest.c >&5
conftest.c:10:12: warning: missing terminating " character [enabled by default]
 #define OS "Usage: ./config.sub [OPTION] CPU-MFR-OPSYS or ALIAS
            ^
conftest.c:12:1: error: unknown type name 'Canonicalize'
 Canonicalize a configuration name.
 ^
conftest.c:12:16: error: expected '=', ',', ';', 'asm' or '__attribute__' before 'configuration'
 Canonicalize a configuration name.
                ^
conftest.c:12:16: error: unknown type name 'configuration'
conftest.c:19:43: error: stray '@' in program
 Report bugs and patches to <config-patches@gnu.org>."
                                           ^
conftest.c:19:53: warning: missing terminating " character [enabled by default]
 Report bugs and patches to <config-patches@gnu.org>."
                                                     ^
conftest.c:19:1: error: missing terminating " character
 Report bugs and patches to <config-patches@gnu.org>."
 ^
In file included from conftest.c:27:0:
/usr/include/stdlib.h:139:1: error: unknown type name 'size_t'
 extern size_t __ctype_get_mb_cur_max (void) __THROW __wur;
 ^
In file included from conftest.c:27:0:
/usr/include/stdlib.h:331:4: error: unknown type name 'size_t'
    size_t __statelen) __THROW __nonnull ((2));
    ^
/usr/include/stdlib.h:361:4: error: unknown type name 'size_t'
    size_t __statelen,
    ^
/usr/include/stdlib.h:465:22: error: unknown type name 'size_t'
 extern void *malloc (size_t __size) __THROW __attribute_malloc__ __wur;
                      ^
/usr/include/stdlib.h:467:22: error: unknown type name 'size_t'
 extern void *calloc (size_t __nmemb, size_t __size)
                      ^
/usr/include/stdlib.h:467:38: error: unknown type name 'size_t'
 extern void *calloc (size_t __nmemb, size_t __size)
                                      ^
/usr/include/stdlib.h:479:36: error: unknown type name 'size_t'
 extern void *realloc (void *__ptr, size_t __size)
                                    ^
In file included from /usr/include/stdlib.h:491:0,
                 from conftest.c:27:
/usr/include/alloca.h:32:22: error: unknown type name 'size_t'
 extern void *alloca (size_t __size) __THROW;
                      ^
In file included from conftest.c:27:0:
/usr/include/stdlib.h:497:22: error: unknown type name 'size_t'
 extern void *valloc (size_t __size) __THROW __attribute_malloc__ __wur;
                      ^
/usr/include/stdlib.h:502:45: error: unknown type name 'size_t'
 extern int posix_memalign (void **__memptr, size_t __alignment, size_t __size)
                                             ^
/usr/include/stdlib.h:502:65: error: unknown type name 'size_t'
 extern int posix_memalign (void **__memptr, size_t __alignment, size_t __size)
                                                                 ^
/usr/include/stdlib.h:755:9: error: unknown type name 'size_t'
         size_t __nmemb, size_t __size, __compar_fn_t __compar)
         ^
/usr/include/stdlib.h:755:25: error: unknown type name 'size_t'
         size_t __nmemb, size_t __size, __compar_fn_t __compar)
                         ^
/usr/include/stdlib.h:760:34: error: unknown type name 'size_t'
 extern void qsort (void *__base, size_t __nmemb, size_t __size,
                                  ^
/usr/include/stdlib.h:760:50: error: unknown type name 'size_t'
 extern void qsort (void *__base, size_t __nmemb, size_t __size,
                                                  ^
/usr/include/stdlib.h:839:6: error: unknown type name 'size_t'
      size_t __len) __THROW __nonnull ((3, 4, 5));
      ^
/usr/include/stdlib.h:842:6: error: unknown type name 'size_t'
      size_t __len) __THROW __nonnull ((3, 4, 5));
      ^
/usr/include/stdlib.h:846:31: error: unknown type name 'size_t'
       char *__restrict __buf, size_t __len)
                               ^
/usr/include/stdlib.h:850:31: error: unknown type name 'size_t'
       char *__restrict __buf, size_t __len)
                               ^
/usr/include/stdlib.h:859:36: error: unknown type name 'size_t'
 extern int mblen (const char *__s, size_t __n) __THROW __wur;
                                    ^
/usr/include/stdlib.h:863:34: error: unknown type name 'size_t'
      const char *__restrict __s, size_t __n) __THROW __wur;
                                  ^
/usr/include/stdlib.h:870:1: error: unknown type name 'size_t'
 extern size_t mbstowcs (wchar_t *__restrict  __pwcs,
 ^
/usr/include/stdlib.h:871:32: error: unknown type name 'size_t'
    const char *__restrict __s, size_t __n) __THROW;
                                ^
/usr/include/stdlib.h:873:1: error: unknown type name 'size_t'
 extern size_t wcstombs (char *__restrict __s,
 ^
/usr/include/stdlib.h:874:38: error: unknown type name 'size_t'
    const wchar_t *__restrict __pwcs, size_t __n)
                                      ^
conftest.c:28:11: error: conflicting types for 'rand'
       int rand(int n);
           ^
In file included from conftest.c:27:0:
/usr/include/stdlib.h:374:12: note: previous declaration of 'rand' was here
 extern int rand (void) __THROW;
            ^
conftest.c:29:11: error: conflicting types for 'rand'
       int rand(int n)
           ^
In file included from conftest.c:27:0:
/usr/include/stdlib.h:374:12: note: previous declaration of 'rand' was here
 extern int rand (void) __THROW;
            ^
configure:18320: $? = 1
configure: failed program was:
| /* confdefs.h */
| #define PACKAGE_NAME "curl"
| #define PACKAGE_TARNAME "curl"
| #define PACKAGE_VERSION "-"
| #define PACKAGE_STRING "curl -"
| #define PACKAGE_BUGREPORT "a suitable curl mailing list: https://curl.haxx.se/mail/"
| #define PACKAGE_URL ""
| #define PACKAGE "curl"
| #define VERSION "-"
| #define OS "Usage: ./config.sub [OPTION] CPU-MFR-OPSYS or ALIAS
| 
| Canonicalize a configuration name.
| 
| Options:
|   -h, --help         print this help, then exit
|   -t, --time-stamp   print date of last modification, then exit
|   -v, --version      print version number, then exit
| 
| Report bugs and patches to <config-patches@gnu.org>."
| #define LT_OBJDIR ".libs/"
| #ifndef __cplusplus
| #define inline 
| #endif
| /* end confdefs.h.  */
| 
| 
| #     include <stdlib.h>
|       int rand(int n);
|       int rand(int n)
|       {
|         if(n)
|           return ++n;
|         else
|           return n;
|       }
| 
| int main (void)
| {
| 
|       int i[2]={0,0};
|       int j = rand(i[0]);
|       if(j)
|         return j;
| 
|  ;
|  return 0;
| }
| 
configure:18328: result: yes
configure:18335: checking if compiler supports hiding library internal symbols
configure:18429: gcc -c -fvisibility=hidden  conftest.c >&5
conftest.c:10:12: warning: missing terminating " character [enabled by default]
 #define OS "Usage: ./config.sub [OPTION] CPU-MFR-OPSYS or ALIAS
            ^
conftest.c:12:1: error: unknown type name 'Canonicalize'
 Canonicalize a configuration name.
 ^
conftest.c:12:16: error: expected '=', ',', ';', 'asm' or '__attribute__' before 'configuration'
 Canonicalize a configuration name.
                ^
conftest.c:12:16: error: unknown type name 'configuration'
conftest.c:19:43: error: stray '@' in program
 Report bugs and patches to <config-patches@gnu.org>."
                                           ^
conftest.c:19:53: warning: missing terminating " character [enabled by default]
 Report bugs and patches to <config-patches@gnu.org>."
                                                     ^
conftest.c:19:1: error: missing terminating " character
 Report bugs and patches to <config-patches@gnu.org>."
 ^
configure:18429: $? = 1
configure: failed program was:
| /* confdefs.h */
| #define PACKAGE_NAME "curl"
| #define PACKAGE_TARNAME "curl"
| #define PACKAGE_VERSION "-"
| #define PACKAGE_STRING "curl -"
| #define PACKAGE_BUGREPORT "a suitable curl mailing list: https://curl.haxx.se/mail/"
| #define PACKAGE_URL ""
| #define PACKAGE "curl"
| #define VERSION "-"
| #define OS "Usage: ./config.sub [OPTION] CPU-MFR-OPSYS or ALIAS
| 
| Canonicalize a configuration name.
| 
| Options:
|   -h, --help         print this help, then exit
|   -t, --time-stamp   print date of last modification, then exit
|   -v, --version      print version number, then exit
| 
| Report bugs and patches to <config-patches@gnu.org>."
| #define LT_OBJDIR ".libs/"
| #ifndef __cplusplus
| #define inline 
| #endif
| /* end confdefs.h.  */
| 
| 
|         __attribute__ ((__visibility__ ("default"))) char *dummy(char *buff);
|         char *dummy(char *buff)
|         {
|          if(buff)
|            return ++buff;
|          else
|            return buff;
|         }
| 
| int main (void)
| {
| 
|         char b[16];
|         char *r = dummy(&b[0]);
|         if(r)
|           return (int)*r;
| 
|  ;
|  return 0;
| }
| 
configure:18457: result: no
configure:18556: checking for windows.h
configure:18586: gcc -c   conftest.c >&5
conftest.c:10:12: warning: missing terminating " character [enabled by default]
 #define OS "Usage: ./config.sub [OPTION] CPU-MFR-OPSYS or ALIAS
            ^
conftest.c:12:1: error: unknown type name 'Canonicalize'
 Canonicalize a configuration name.
 ^
conftest.c:12:16: error: expected '=', ',', ';', 'asm' or '__attribute__' before 'configuration'
 Canonicalize a configuration name.
                ^
conftest.c:12:16: error: unknown type name 'configuration'
conftest.c:19:43: error: stray '@' in program
 Report bugs and patches to <config-patches@gnu.org>."
                                           ^
conftest.c:19:53: warning: missing terminating " character [enabled by default]
 Report bugs and patches to <config-patches@gnu.org>."
                                                     ^
conftest.c:19:1: error: missing terminating " character
 Report bugs and patches to <config-patches@gnu.org>."
 ^
conftest.c:31:21: fatal error: windows.h: No such file or directory
 #include <windows.h>
                     ^
compilation terminated.
configure:18586: $? = 1
configure: failed program was:
| /* confdefs.h */
| #define PACKAGE_NAME "curl"
| #define PACKAGE_TARNAME "curl"
| #define PACKAGE_VERSION "-"
| #define PACKAGE_STRING "curl -"
| #define PACKAGE_BUGREPORT "a suitable curl mailing list: https://curl.haxx.se/mail/"
| #define PACKAGE_URL ""
| #define PACKAGE "curl"
| #define VERSION "-"
| #define OS "Usage: ./config.sub [OPTION] CPU-MFR-OPSYS or ALIAS
| 
| Canonicalize a configuration name.
| 
| Options:
|   -h, --help         print this help, then exit
|   -t, --time-stamp   print date of last modification, then exit
|   -v, --version      print version number, then exit
| 
| Report bugs and patches to <config-patches@gnu.org>."
| #define LT_OBJDIR ".libs/"
| #ifndef __cplusplus
| #define inline 
| #endif
| /* end confdefs.h.  */
| 
| 
| #undef inline
| #ifndef WIN32_LEAN_AND_MEAN
| #define WIN32_LEAN_AND_MEAN
| #endif
| #include <windows.h>
| 
| int main (void)
| {
| 
| #if defined(__CYGWIN__) || defined(__CEGCC__)
|         HAVE_WINDOWS_H shall not be defined.
| #else
|         int dummy=2*WINVER;
| #endif
| 
|  ;
|  return 0;
| }
| 
configure:18598: result: no
configure:18611: checking whether build target is a native Windows one
configure:18653: result: no
configure:18965: checking whether build target supports WIN32 file API
configure:19046: result: no
configure:19061: checking for good-to-use Mac CFLAGS
configure:19063: result: no
configure:19109: checking to see if the compiler supports __builtin_available()
configure:19127: gcc -c   conftest.c >&5
conftest.c:10:12: warning: missing terminating " character [enabled by default]
 #define OS "Usage: ./config.sub [OPTION] CPU-MFR-OPSYS or ALIAS
            ^
conftest.c:12:1: error: unknown type name 'Canonicalize'
 Canonicalize a configuration name.
 ^
conftest.c:12:16: error: expected '=', ',', ';', 'asm' or '__attribute__' before 'configuration'
 Canonicalize a configuration name.
                ^
conftest.c:12:16: error: unknown type name 'configuration'
conftest.c:19:43: error: stray '@' in program
 Report bugs and patches to <config-patches@gnu.org>."
                                           ^
conftest.c:19:53: warning: missing terminating " character [enabled by default]
 Report bugs and patches to <config-patches@gnu.org>."
                                                     ^
conftest.c:19:1: error: missing terminating " character
 Report bugs and patches to <config-patches@gnu.org>."
 ^
In file included from conftest.c:27:0:
/usr/include/stdlib.h:139:1: error: unknown type name 'size_t'
 extern size_t __ctype_get_mb_cur_max (void) __THROW __wur;
 ^
In file included from conftest.c:27:0:
/usr/include/stdlib.h:331:4: error: unknown type name 'size_t'
    size_t __statelen) __THROW __nonnull ((2));
    ^
/usr/include/stdlib.h:361:4: error: unknown type name 'size_t'
    size_t __statelen,
    ^
/usr/include/stdlib.h:465:22: error: unknown type name 'size_t'
 extern void *malloc (size_t __size) __THROW __attribute_malloc__ __wur;
                      ^
/usr/include/stdlib.h:467:22: error: unknown type name 'size_t'
 extern void *calloc (size_t __nmemb, size_t __size)
                      ^
/usr/include/stdlib.h:467:38: error: unknown type name 'size_t'
 extern void *calloc (size_t __nmemb, size_t __size)
                                      ^
/usr/include/stdlib.h:479:36: error: unknown type name 'size_t'
 extern void *realloc (void *__ptr, size_t __size)
                                    ^
In file included from /usr/include/stdlib.h:491:0,
                 from conftest.c:27:
/usr/include/alloca.h:32:22: error: unknown type name 'size_t'
 extern void *alloca (size_t __size) __THROW;
                      ^
In file included from conftest.c:27:0:
/usr/include/stdlib.h:497:22: error: unknown type name 'size_t'
 extern void *valloc (size_t __size) __THROW __attribute_malloc__ __wur;
                      ^
/usr/include/stdlib.h:502:45: error: unknown type name 'size_t'
 extern int posix_memalign (void **__memptr, size_t __alignment, size_t __size)
                                             ^
/usr/include/stdlib.h:502:65: error: unknown type name 'size_t'
 extern int posix_memalign (void **__memptr, size_t __alignment, size_t __size)
                                                                 ^
/usr/include/stdlib.h:755:9: error: unknown type name 'size_t'
         size_t __nmemb, size_t __size, __compar_fn_t __compar)
         ^
/usr/include/stdlib.h:755:25: error: unknown type name 'size_t'
         size_t __nmemb, size_t __size, __compar_fn_t __compar)
                         ^
/usr/include/stdlib.h:760:34: error: unknown type name 'size_t'
 extern void qsort (void *__base, size_t __nmemb, size_t __size,
                                  ^
/usr/include/stdlib.h:760:50: error: unknown type name 'size_t'
 extern void qsort (void *__base, size_t __nmemb, size_t __size,
                                                  ^
/usr/include/stdlib.h:839:6: error: unknown type name 'size_t'
      size_t __len) __THROW __nonnull ((3, 4, 5));
      ^
/usr/include/stdlib.h:842:6: error: unknown type name 'size_t'
      size_t __len) __THROW __nonnull ((3, 4, 5));
      ^
/usr/include/stdlib.h:846:31: error: unknown type name 'size_t'
       char *__restrict __buf, size_t __len)
                               ^
/usr/include/stdlib.h:850:31: error: unknown type name 'size_t'
       char *__restrict __buf, size_t __len)
                               ^
/usr/include/stdlib.h:859:36: error: unknown type name 'size_t'
 extern int mblen (const char *__s, size_t __n) __THROW __wur;
                                    ^
/usr/include/stdlib.h:863:34: error: unknown type name 'size_t'
      const char *__restrict __s, size_t __n) __THROW __wur;
                                  ^
/usr/include/stdlib.h:870:1: error: unknown type name 'size_t'
 extern size_t mbstowcs (wchar_t *__restrict  __pwcs,
 ^
/usr/include/stdlib.h:871:32: error: unknown type name 'size_t'
    const char *__restrict __s, size_t __n) __THROW;
                                ^
/usr/include/stdlib.h:873:1: error: unknown type name 'size_t'
 extern size_t wcstombs (char *__restrict __s,
 ^
/usr/include/stdlib.h:874:38: error: unknown type name 'size_t'
    const wchar_t *__restrict __pwcs, size_t __n)
                                      ^
conftest.c: In function 'main':
conftest.c:32:31: error: 'macOS' undeclared (first use in this function)
       if (__builtin_available(macOS 10.8, iOS 5.0, *)) {}
                               ^
conftest.c:32:31: note: each undeclared identifier is reported only once for each function it appears in
conftest.c:32:37: error: expected ')' before numeric constant
       if (__builtin_available(macOS 10.8, iOS 5.0, *)) {}
                                     ^
configure:19127: $? = 1
configure: failed program was:
| /* confdefs.h */
| #define PACKAGE_NAME "curl"
| #define PACKAGE_TARNAME "curl"
| #define PACKAGE_VERSION "-"
| #define PACKAGE_STRING "curl -"
| #define PACKAGE_BUGREPORT "a suitable curl mailing list: https://curl.haxx.se/mail/"
| #define PACKAGE_URL ""
| #define PACKAGE "curl"
| #define VERSION "-"
| #define OS "Usage: ./config.sub [OPTION] CPU-MFR-OPSYS or ALIAS
| 
| Canonicalize a configuration name.
| 
| Options:
|   -h, --help         print this help, then exit
|   -t, --time-stamp   print date of last modification, then exit
|   -v, --version      print version number, then exit
| 
| Report bugs and patches to <config-patches@gnu.org>."
| #define LT_OBJDIR ".libs/"
| #ifndef __cplusplus
| #define inline 
| #endif
| /* end confdefs.h.  */
| 
| 
| #include <stdlib.h>
| 
| int main (void)
| {
| 
|       if (__builtin_available(macOS 10.8, iOS 5.0, *)) {}
| 
|  ;
|  return 0;
| }
| 
configure:19139: result: no
configure:19146: checking whether to support http
configure:19173: result: yes
configure:19178: checking whether to support ftp
configure:19197: result: yes
configure:19202: checking whether to support file
configure:19221: result: yes
configure:19226: checking whether to support ldap
configure:19247: result: yes
configure:19252: checking whether to support ldaps
configure:19296: result: yes
configure:19308: checking whether to support rtsp
configure:19333: result: yes
configure:19344: checking whether to support proxies
configure:19363: result: yes
configure:19369: checking whether to support dict
configure:19388: result: yes
configure:19393: checking whether to support telnet
configure:19412: result: yes
configure:19417: checking whether to support tftp
configure:19436: result: yes
configure:19442: checking whether to support pop3
configure:19461: result: yes
configure:19468: checking whether to support imap
configure:19487: result: yes
configure:19494: checking whether to support smb
configure:19513: result: yes
configure:19519: checking whether to support smtp
configure:19538: result: yes
configure:19544: checking whether to support gopher
configure:19563: result: yes
configure:19571: checking whether to provide built-in manual
configure:19586: result: yes
configure:19593: checking whether to enable generation of C code
configure:19611: result: yes
configure:19618: checking whether to use libgcc
configure:19633: result: no
configure:19640: checking if X/Open network library is required
configure:19660: gcc -c   conftest.c >&5
conftest.c:10:12: warning: missing terminating " character [enabled by default]
 #define OS "Usage: ./config.sub [OPTION] CPU-MFR-OPSYS or ALIAS
            ^
conftest.c:12:1: error: unknown type name 'Canonicalize'
 Canonicalize a configuration name.
 ^
conftest.c:12:16: error: expected '=', ',', ';', 'asm' or '__attribute__' before 'configuration'
 Canonicalize a configuration name.
                ^
conftest.c:12:16: error: unknown type name 'configuration'
conftest.c:19:43: error: stray '@' in program
 Report bugs and patches to <config-patches@gnu.org>."
                                           ^
conftest.c:19:53: warning: missing terminating " character [enabled by default]
 Report bugs and patches to <config-patches@gnu.org>."
                                                     ^
conftest.c:19:1: error: missing terminating " character
 Report bugs and patches to <config-patches@gnu.org>."
 ^
configure:19660: $? = 1
configure: failed program was:
| /* confdefs.h */
| #define PACKAGE_NAME "curl"
| #define PACKAGE_TARNAME "curl"
| #define PACKAGE_VERSION "-"
| #define PACKAGE_STRING "curl -"
| #define PACKAGE_BUGREPORT "a suitable curl mailing list: https://curl.haxx.se/mail/"
| #define PACKAGE_URL ""
| #define PACKAGE "curl"
| #define VERSION "-"
| #define OS "Usage: ./config.sub [OPTION] CPU-MFR-OPSYS or ALIAS
| 
| Canonicalize a configuration name.
| 
| Options:
|   -h, --help         print this help, then exit
|   -t, --time-stamp   print date of last modification, then exit
|   -v, --version      print version number, then exit
| 
| Report bugs and patches to <config-patches@gnu.org>."
| #define LT_OBJDIR ".libs/"
| #ifndef __cplusplus
| #define inline 
| #endif
| #define HAVE_LDAP_SSL 1
| /* end confdefs.h.  */
| 
| 
| int main (void)
| {
| #if defined(__hpux) && defined(_XOPEN_SOURCE) && (_XOPEN_SOURCE >= 600)
|   return 0;
| #elif defined(__hpux) && defined(_XOPEN_SOURCE_EXTENDED)
|   return 0;
| #else
|   force compilation error
| #endif
| }
| 
| 
configure:19667: result: no
configure:19671: checking for gethostbyname
configure:19671: gcc -o conftest    conftest.c  >&5
conftest.c:10:12: warning: missing terminating " character [enabled by default]
 #define OS "Usage: ./config.sub [OPTION] CPU-MFR-OPSYS or ALIAS
            ^
conftest.c:12:1: error: unknown type name 'Canonicalize'
 Canonicalize a configuration name.
 ^
conftest.c:12:16: error: expected '=', ',', ';', 'asm' or '__attribute__' before 'configuration'
 Canonicalize a configuration name.
                ^
conftest.c:12:16: error: unknown type name 'configuration'
conftest.c:19:43: error: stray '@' in program
 Report bugs and patches to <config-patches@gnu.org>."
                                           ^
conftest.c:19:53: warning: missing terminating " character [enabled by default]
 Report bugs and patches to <config-patches@gnu.org>."
                                                     ^
conftest.c:19:1: error: missing terminating " character
 Report bugs and patches to <config-patches@gnu.org>."
 ^
configure:19671: $? = 1
configure: failed program was:
| /* confdefs.h */
| #define PACKAGE_NAME "curl"
| #define PACKAGE_TARNAME "curl"
| #define PACKAGE_VERSION "-"
| #define PACKAGE_STRING "curl -"
| #define PACKAGE_BUGREPORT "a suitable curl mailing list: https://curl.haxx.se/mail/"
| #define PACKAGE_URL ""
| #define PACKAGE "curl"
| #define VERSION "-"
| #define OS "Usage: ./config.sub [OPTION] CPU-MFR-OPSYS or ALIAS
| 
| Canonicalize a configuration name.
| 
| Options:
|   -h, --help         print this help, then exit
|   -t, --time-stamp   print date of last modification, then exit
|   -v, --version      print version number, then exit
| 
| Report bugs and patches to <config-patches@gnu.org>."
| #define LT_OBJDIR ".libs/"
| #ifndef __cplusplus
| #define inline 
| #endif
| #define HAVE_LDAP_SSL 1
| /* end confdefs.h.  */
| 
| #define gethostbyname innocuous_gethostbyname
| #ifdef __STDC__
| # include <limits.h>
| #else
| # include <assert.h>
| #endif
| #undef gethostbyname
| #ifdef __cplusplus
| extern "C"
| #endif
| char gethostbyname ();
| #if defined __stub_gethostbyname || defined __stub___gethostbyname
| choke me
| #endif
| 
| int main (void)
| {
| return gethostbyname ();
|  ;
|  return 0;
| }
configure:19671: result: no
configure:19676: checking for gethostbyname in -lnsl
configure:19698: gcc -o conftest    conftest.c -lnsl   >&5
conftest.c:10:12: warning: missing terminating " character [enabled by default]
 #define OS "Usage: ./config.sub [OPTION] CPU-MFR-OPSYS or ALIAS
            ^
conftest.c:12:1: error: unknown type name 'Canonicalize'
 Canonicalize a configuration name.
 ^
conftest.c:12:16: error: expected '=', ',', ';', 'asm' or '__attribute__' before 'configuration'
 Canonicalize a configuration name.
                ^
conftest.c:12:16: error: unknown type name 'configuration'
conftest.c:19:43: error: stray '@' in program
 Report bugs and patches to <config-patches@gnu.org>."
                                           ^
conftest.c:19:53: warning: missing terminating " character [enabled by default]
 Report bugs and patches to <config-patches@gnu.org>."
                                                     ^
conftest.c:19:1: error: missing terminating " character
 Report bugs and patches to <config-patches@gnu.org>."
 ^
configure:19698: $? = 1
configure: failed program was:
| /* confdefs.h */
| #define PACKAGE_NAME "curl"
| #define PACKAGE_TARNAME "curl"
| #define PACKAGE_VERSION "-"
| #define PACKAGE_STRING "curl -"
| #define PACKAGE_BUGREPORT "a suitable curl mailing list: https://curl.haxx.se/mail/"
| #define PACKAGE_URL ""
| #define PACKAGE "curl"
| #define VERSION "-"
| #define OS "Usage: ./config.sub [OPTION] CPU-MFR-OPSYS or ALIAS
| 
| Canonicalize a configuration name.
| 
| Options:
|   -h, --help         print this help, then exit
|   -t, --time-stamp   print date of last modification, then exit
|   -v, --version      print version number, then exit
| 
| Report bugs and patches to <config-patches@gnu.org>."
| #define LT_OBJDIR ".libs/"
| #ifndef __cplusplus
| #define inline 
| #endif
| #define HAVE_LDAP_SSL 1
| /* end confdefs.h.  */
| 
| 
| #ifdef __cplusplus
| extern "C"
| #endif
| char gethostbyname ();
| int main (void)
| {
| return gethostbyname ();
|  ;
|  return 0;
| }
configure:19707: result: no
configure:19721: checking for gethostbyname in -lsocket
configure:19743: gcc -o conftest    conftest.c -lsocket   >&5
conftest.c:10:12: warning: missing terminating " character [enabled by default]
 #define OS "Usage: ./config.sub [OPTION] CPU-MFR-OPSYS or ALIAS
            ^
conftest.c:12:1: error: unknown type name 'Canonicalize'
 Canonicalize a configuration name.
 ^
conftest.c:12:16: error: expected '=', ',', ';', 'asm' or '__attribute__' before 'configuration'
 Canonicalize a configuration name.
                ^
conftest.c:12:16: error: unknown type name 'configuration'
conftest.c:19:43: error: stray '@' in program
 Report bugs and patches to <config-patches@gnu.org>."
                                           ^
conftest.c:19:53: warning: missing terminating " character [enabled by default]
 Report bugs and patches to <config-patches@gnu.org>."
                                                     ^
conftest.c:19:1: error: missing terminating " character
 Report bugs and patches to <config-patches@gnu.org>."
 ^
configure:19743: $? = 1
configure: failed program was:
| /* confdefs.h */
| #define PACKAGE_NAME "curl"
| #define PACKAGE_TARNAME "curl"
| #define PACKAGE_VERSION "-"
| #define PACKAGE_STRING "curl -"
| #define PACKAGE_BUGREPORT "a suitable curl mailing list: https://curl.haxx.se/mail/"
| #define PACKAGE_URL ""
| #define PACKAGE "curl"
| #define VERSION "-"
| #define OS "Usage: ./config.sub [OPTION] CPU-MFR-OPSYS or ALIAS
| 
| Canonicalize a configuration name.
| 
| Options:
|   -h, --help         print this help, then exit
|   -t, --time-stamp   print date of last modification, then exit
|   -v, --version      print version number, then exit
| 
| Report bugs and patches to <config-patches@gnu.org>."
| #define LT_OBJDIR ".libs/"
| #ifndef __cplusplus
| #define inline 
| #endif
| #define HAVE_LDAP_SSL 1
| /* end confdefs.h.  */
| 
| 
| #ifdef __cplusplus
| extern "C"
| #endif
| char gethostbyname ();
| int main (void)
| {
| return gethostbyname ();
|  ;
|  return 0;
| }
configure:19752: result: no
configure:19764: checking for gethostbyname in -lwatt
configure:19786: gcc -o conftest    conftest.c -lwatt   >&5
conftest.c:10:12: warning: missing terminating " character [enabled by default]
 #define OS "Usage: ./config.sub [OPTION] CPU-MFR-OPSYS or ALIAS
            ^
conftest.c:12:1: error: unknown type name 'Canonicalize'
 Canonicalize a configuration name.
 ^
conftest.c:12:16: error: expected '=', ',', ';', 'asm' or '__attribute__' before 'configuration'
 Canonicalize a configuration name.
                ^
conftest.c:12:16: error: unknown type name 'configuration'
conftest.c:19:43: error: stray '@' in program
 Report bugs and patches to <config-patches@gnu.org>."
                                           ^
conftest.c:19:53: warning: missing terminating " character [enabled by default]
 Report bugs and patches to <config-patches@gnu.org>."
                                                     ^
conftest.c:19:1: error: missing terminating " character
 Report bugs and patches to <config-patches@gnu.org>."
 ^
configure:19786: $? = 1
configure: failed program was:
| /* confdefs.h */
| #define PACKAGE_NAME "curl"
| #define PACKAGE_TARNAME "curl"
| #define PACKAGE_VERSION "-"
| #define PACKAGE_STRING "curl -"
| #define PACKAGE_BUGREPORT "a suitable curl mailing list: https://curl.haxx.se/mail/"
| #define PACKAGE_URL ""
| #define PACKAGE "curl"
| #define VERSION "-"
| #define OS "Usage: ./config.sub [OPTION] CPU-MFR-OPSYS or ALIAS
| 
| Canonicalize a configuration name.
| 
| Options:
|   -h, --help         print this help, then exit
|   -t, --time-stamp   print date of last modification, then exit
|   -v, --version      print version number, then exit
| 
| Report bugs and patches to <config-patches@gnu.org>."
| #define LT_OBJDIR ".libs/"
| #ifndef __cplusplus
| #define inline 
| #endif
| #define HAVE_LDAP_SSL 1
| /* end confdefs.h.  */
| 
| 
| #ifdef __cplusplus
| extern "C"
| #endif
| char gethostbyname ();
| int main (void)
| {
| return gethostbyname ();
|  ;
|  return 0;
| }
configure:19795: result: no
configure:19809: checking for gethostbyname with both nsl and socket libs
configure:19828: gcc -o conftest    conftest.c -lnsl -lsocket  >&5
conftest.c:10:12: warning: missing terminating " character [enabled by default]
 #define OS "Usage: ./config.sub [OPTION] CPU-MFR-OPSYS or ALIAS
            ^
conftest.c:12:1: error: unknown type name 'Canonicalize'
 Canonicalize a configuration name.
 ^
conftest.c:12:16: error: expected '=', ',', ';', 'asm' or '__attribute__' before 'configuration'
 Canonicalize a configuration name.
                ^
conftest.c:12:16: error: unknown type name 'configuration'
conftest.c:19:43: error: stray '@' in program
 Report bugs and patches to <config-patches@gnu.org>."
                                           ^
conftest.c:19:53: warning: missing terminating " character [enabled by default]
 Report bugs and patches to <config-patches@gnu.org>."
                                                     ^
conftest.c:19:1: error: missing terminating " character
 Report bugs and patches to <config-patches@gnu.org>."
 ^
configure:19828: $? = 1
configure: failed program was:
| /* confdefs.h */
| #define PACKAGE_NAME "curl"
| #define PACKAGE_TARNAME "curl"
| #define PACKAGE_VERSION "-"
| #define PACKAGE_STRING "curl -"
| #define PACKAGE_BUGREPORT "a suitable curl mailing list: https://curl.haxx.se/mail/"
| #define PACKAGE_URL ""
| #define PACKAGE "curl"
| #define VERSION "-"
| #define OS "Usage: ./config.sub [OPTION] CPU-MFR-OPSYS or ALIAS
| 
| Canonicalize a configuration name.
| 
| Options:
|   -h, --help         print this help, then exit
|   -t, --time-stamp   print date of last modification, then exit
|   -v, --version      print version number, then exit
| 
| Report bugs and patches to <config-patches@gnu.org>."
| #define LT_OBJDIR ".libs/"
| #ifndef __cplusplus
| #define inline 
| #endif
| #define HAVE_LDAP_SSL 1
| /* end confdefs.h.  */
| 
| 
| 
| int main (void)
| {
| 
|       gethostbyname();
| 
|  ;
|  return 0;
| }
| 
configure:19836: result: no
configure:19916: checking for gethostbyname for Minix 3
configure:19935: gcc -o conftest    conftest.c  >&5
conftest.c:10:12: warning: missing terminating " character [enabled by default]
 #define OS "Usage: ./config.sub [OPTION] CPU-MFR-OPSYS or ALIAS
            ^
conftest.c:12:1: error: unknown type name 'Canonicalize'
 Canonicalize a configuration name.
 ^
conftest.c:12:16: error: expected '=', ',', ';', 'asm' or '__attribute__' before 'configuration'
 Canonicalize a configuration name.
                ^
conftest.c:12:16: error: unknown type name 'configuration'
conftest.c:19:43: error: stray '@' in program
 Report bugs and patches to <config-patches@gnu.org>."
                                           ^
conftest.c:19:53: warning: missing terminating " character [enabled by default]
 Report bugs and patches to <config-patches@gnu.org>."
                                                     ^
conftest.c:19:1: error: missing terminating " character
 Report bugs and patches to <config-patches@gnu.org>."
 ^
configure:19935: $? = 1
configure: failed program was:
| /* confdefs.h */
| #define PACKAGE_NAME "curl"
| #define PACKAGE_TARNAME "curl"
| #define PACKAGE_VERSION "-"
| #define PACKAGE_STRING "curl -"
| #define PACKAGE_BUGREPORT "a suitable curl mailing list: https://curl.haxx.se/mail/"
| #define PACKAGE_URL ""
| #define PACKAGE "curl"
| #define VERSION "-"
| #define OS "Usage: ./config.sub [OPTION] CPU-MFR-OPSYS or ALIAS
| 
| Canonicalize a configuration name.
| 
| Options:
|   -h, --help         print this help, then exit
|   -t, --time-stamp   print date of last modification, then exit
|   -v, --version      print version number, then exit
| 
| Report bugs and patches to <config-patches@gnu.org>."
| #define LT_OBJDIR ".libs/"
| #ifndef __cplusplus
| #define inline 
| #endif
| #define HAVE_LDAP_SSL 1
| /* end confdefs.h.  */
| 
| 
| /* Older Minix versions may need <net/gen/netdb.h> here instead */
| #include <netdb.h>
| 
| int main (void)
| {
| 
|       gethostbyname("www.dummysite.com");
| 
|  ;
|  return 0;
| }
| 
configure:19943: result: no
configure:19953: checking for gethostbyname for eCos
configure:19972: gcc -o conftest    conftest.c  >&5
conftest.c:10:12: warning: missing terminating " character [enabled by default]
 #define OS "Usage: ./config.sub [OPTION] CPU-MFR-OPSYS or ALIAS
            ^
conftest.c:12:1: error: unknown type name 'Canonicalize'
 Canonicalize a configuration name.
 ^
conftest.c:12:16: error: expected '=', ',', ';', 'asm' or '__attribute__' before 'configuration'
 Canonicalize a configuration name.
                ^
conftest.c:12:16: error: unknown type name 'configuration'
conftest.c:19:43: error: stray '@' in program
 Report bugs and patches to <config-patches@gnu.org>."
                                           ^
conftest.c:19:53: warning: missing terminating " character [enabled by default]
 Report bugs and patches to <config-patches@gnu.org>."
                                                     ^
conftest.c:19:1: error: missing terminating " character
 Report bugs and patches to <config-patches@gnu.org>."
 ^
In file included from /usr/include/stdio.h:74:0,
                 from conftest.c:28:
/usr/include/libio.h:307:3: error: unknown type name 'size_t'
   size_t __pad5;
   ^
/usr/include/libio.h:311:67: error: 'size_t' undeclared here (not in a function)
   char _unused2[15 * sizeof (int) - 4 * sizeof (void *) - sizeof (size_t)];
                                                                   ^
/usr/include/libio.h:339:62: error: expected declaration specifiers or '...' before 'size_t'
 typedef __ssize_t __io_read_fn (void *__cookie, char *__buf, size_t __nbytes);
                                                              ^
/usr/include/libio.h:348:6: error: expected declaration specifiers or '...' before 'size_t'
      size_t __n);
      ^
/usr/include/libio.h:470:19: error: expected '=', ',', ';', 'asm' or '__attribute__' before '_IO_sgetn'
 extern _IO_size_t _IO_sgetn (_IO_FILE *, void *, _IO_size_t);
                   ^
In file included from conftest.c:28:0:
/usr/include/stdio.h:319:35: error: expected declaration specifiers or '...' before 'size_t'
 extern FILE *fmemopen (void *__s, size_t __len, const char *__modes)
                                   ^
/usr/include/stdio.h:325:47: error: expected declaration specifiers or '...' before 'size_t'
 extern FILE *open_memstream (char **__bufloc, size_t *__sizeloc) __THROW __wur;
                                               ^
/usr/include/stdio.h:337:20: error: expected declaration specifiers or '...' before 'size_t'
       int __modes, size_t __n) __THROW;
                    ^
/usr/include/stdio.h:344:10: error: expected declaration specifiers or '...' before 'size_t'
          size_t __size) __THROW;
          ^
/usr/include/stdio.h:386:44: error: expected declaration specifiers or '...' before 'size_t'
 extern int snprintf (char *__restrict __s, size_t __maxlen,
                                            ^
/usr/include/stdio.h:390:45: error: expected declaration specifiers or '...' before 'size_t'
 extern int vsnprintf (char *__restrict __s, size_t __maxlen,
                                             ^
/usr/include/stdio.h:666:11: error: expected declaration specifiers or '...' before 'size_t'
           size_t *__restrict __n, int __delimiter,
           ^
/usr/include/stdio.h:669:9: error: expected declaration specifiers or '...' before 'size_t'
         size_t *__restrict __n, int __delimiter,
         ^
/usr/include/stdio.h:679:8: error: expected declaration specifiers or '...' before 'size_t'
        size_t *__restrict __n,
        ^
/usr/include/stdio.h:709:15: error: expected '=', ',', ';', 'asm' or '__attribute__' before 'fread'
 extern size_t fread (void *__restrict __ptr, size_t __size,
               ^
/usr/include/stdio.h:715:15: error: expected '=', ',', ';', 'asm' or '__attribute__' before 'fwrite'
 extern size_t fwrite (const void *__restrict __ptr, size_t __size,
               ^
/usr/include/stdio.h:737:15: error: expected '=', ',', ';', 'asm' or '__attribute__' before 'fread_unlocked'
 extern size_t fread_unlocked (void *__restrict __ptr, size_t __size,
               ^
/usr/include/stdio.h:739:15: error: expected '=', ',', ';', 'asm' or '__attribute__' before 'fwrite_unlocked'
 extern size_t fwrite_unlocked (const void *__restrict __ptr, size_t __size,
               ^
In file included from /usr/include/sys/uio.h:29:0,
                 from /usr/include/sys/socket.h:27,
                 from /usr/include/netinet/in.h:24,
                 from /usr/include/netdb.h:27,
                 from conftest.c:29:
/usr/include/bits/uio.h:46:5: error: expected specifier-qualifier-list before 'size_t'
     size_t iov_len; /* Length of data.  */
     ^
In file included from /usr/include/sys/socket.h:39:0,
                 from /usr/include/netinet/in.h:24,
                 from /usr/include/netdb.h:27,
                 from conftest.c:29:
/usr/include/bits/socket.h:231:5: error: expected specifier-qualifier-list before 'size_t'
     size_t msg_iovlen;  /* Number of elements in the vector.  */
     ^
/usr/include/bits/socket.h:245:5: error: expected specifier-qualifier-list before 'size_t'
     size_t cmsg_len;  /* Length of data in cmsg_data plus length
     ^
In file included from /usr/include/netinet/in.h:24:0,
                 from /usr/include/netdb.h:27,
                 from conftest.c:29:
/usr/include/sys/socket.h:150:51: error: expected declaration specifiers or '...' before 'size_t'
 extern ssize_t send (int __fd, const void *__buf, size_t __n, int __flags);
                                                   ^
/usr/include/sys/socket.h:157:45: error: expected declaration specifiers or '...' before 'size_t'
 extern ssize_t recv (int __fd, void *__buf, size_t __n, int __flags);
                                             ^
/usr/include/sys/socket.h:164:53: error: expected declaration specifiers or '...' before 'size_t'
 extern ssize_t sendto (int __fd, const void *__buf, size_t __n,
                                                     ^
/usr/include/sys/socket.h:175:60: error: expected declaration specifiers or '...' before 'size_t'
 extern ssize_t recvfrom (int __fd, void *__restrict __buf, size_t __n,
                                                            ^
In file included from /usr/include/netdb.h:32:0,
                 from conftest.c:29:
/usr/include/rpc/netdb.h:61:23: error: expected declaration specifiers or '...' before 'size_t'
       char *__buffer, size_t __buflen,
                       ^
/usr/include/rpc/netdb.h:65:25: error: expected declaration specifiers or '...' before 'size_t'
         char *__buffer, size_t __buflen,
                         ^
/usr/include/rpc/netdb.h:69:4: error: expected declaration specifiers or '...' before 'size_t'
    size_t __buflen, struct rpcent **__result) __THROW;
    ^
In file included from conftest.c:29:0:
/usr/include/netdb.h:168:29: error: expected declaration specifiers or '...' before 'size_t'
     char *__restrict __buf, size_t __buflen,
                             ^
/usr/include/netdb.h:175:32: error: expected declaration specifiers or '...' before 'size_t'
        char *__restrict __buf, size_t __buflen,
                                ^
/usr/include/netdb.h:181:32: error: expected declaration specifiers or '...' before 'size_t'
        char *__restrict __buf, size_t __buflen,
                                ^
/usr/include/netdb.h:187:33: error: expected declaration specifiers or '...' before 'size_t'
         char *__restrict __buf, size_t __buflen,
                                 ^
/usr/include/netdb.h:238:28: error: expected declaration specifiers or '...' before 'size_t'
    char *__restrict __buf, size_t __buflen,
                            ^
/usr/include/netdb.h:244:31: error: expected declaration specifiers or '...' before 'size_t'
       char *__restrict __buf, size_t __buflen,
                               ^
/usr/include/netdb.h:250:31: error: expected declaration specifiers or '...' before 'size_t'
       char *__restrict __buf, size_t __buflen,
                               ^
/usr/include/netdb.h:309:29: error: expected declaration specifiers or '...' before 'size_t'
     char *__restrict __buf, size_t __buflen,
                             ^
/usr/include/netdb.h:315:32: error: expected declaration specifiers or '...' before 'size_t'
        char *__restrict __buf, size_t __buflen,
                                ^
/usr/include/netdb.h:320:32: error: expected declaration specifiers or '...' before 'size_t'
        char *__restrict __buf, size_t __buflen,
                                ^
/usr/include/netdb.h:375:30: error: expected declaration specifiers or '...' before 'size_t'
      char *__restrict __buf, size_t __buflen,
                              ^
/usr/include/netdb.h:380:33: error: expected declaration specifiers or '...' before 'size_t'
         char *__restrict __buf, size_t __buflen,
                                 ^
/usr/include/netdb.h:385:35: error: expected declaration specifiers or '...' before 'size_t'
           char *__restrict __buf, size_t __buflen,
                                   ^
/usr/include/netdb.h:435:33: error: expected declaration specifiers or '...' before 'size_t'
      char *__restrict __buffer, size_t __buflen);
                                 ^
configure:19972: $? = 1
configure: failed program was:
| /* confdefs.h */
| #define PACKAGE_NAME "curl"
| #define PACKAGE_TARNAME "curl"
| #define PACKAGE_VERSION "-"
| #define PACKAGE_STRING "curl -"
| #define PACKAGE_BUGREPORT "a suitable curl mailing list: https://curl.haxx.se/mail/"
| #define PACKAGE_URL ""
| #define PACKAGE "curl"
| #define VERSION "-"
| #define OS "Usage: ./config.sub [OPTION] CPU-MFR-OPSYS or ALIAS
| 
| Canonicalize a configuration name.
| 
| Options:
|   -h, --help         print this help, then exit
|   -t, --time-stamp   print date of last modification, then exit
|   -v, --version      print version number, then exit
| 
| Report bugs and patches to <config-patches@gnu.org>."
| #define LT_OBJDIR ".libs/"
| #ifndef __cplusplus
| #define inline 
| #endif
| #define HAVE_LDAP_SSL 1
| /* end confdefs.h.  */
| 
| 
| #include <stdio.h>
| #include <netdb.h>
| 
| int main (void)
| {
| 
|       gethostbyname("www.dummysite.com");
| 
|  ;
|  return 0;
| }
| 
configure:19980: result: no
configure:19990: checking for gethostbyname in -lnetwork
configure:20012: gcc -o conftest    conftest.c -lnetwork   >&5
conftest.c:10:12: warning: missing terminating " character [enabled by default]
 #define OS "Usage: ./config.sub [OPTION] CPU-MFR-OPSYS or ALIAS
            ^
conftest.c:12:1: error: unknown type name 'Canonicalize'
 Canonicalize a configuration name.
 ^
conftest.c:12:16: error: expected '=', ',', ';', 'asm' or '__attribute__' before 'configuration'
 Canonicalize a configuration name.
                ^
conftest.c:12:16: error: unknown type name 'configuration'
conftest.c:19:43: error: stray '@' in program
 Report bugs and patches to <config-patches@gnu.org>."
                                           ^
conftest.c:19:53: warning: missing terminating " character [enabled by default]
 Report bugs and patches to <config-patches@gnu.org>."
                                                     ^
conftest.c:19:1: error: missing terminating " character
 Report bugs and patches to <config-patches@gnu.org>."
 ^
configure:20012: $? = 1
configure: failed program was:
| /* confdefs.h */
| #define PACKAGE_NAME "curl"
| #define PACKAGE_TARNAME "curl"
| #define PACKAGE_VERSION "-"
| #define PACKAGE_STRING "curl -"
| #define PACKAGE_BUGREPORT "a suitable curl mailing list: https://curl.haxx.se/mail/"
| #define PACKAGE_URL ""
| #define PACKAGE "curl"
| #define VERSION "-"
| #define OS "Usage: ./config.sub [OPTION] CPU-MFR-OPSYS or ALIAS
| 
| Canonicalize a configuration name.
| 
| Options:
|   -h, --help         print this help, then exit
|   -t, --time-stamp   print date of last modification, then exit
|   -v, --version      print version number, then exit
| 
| Report bugs and patches to <config-patches@gnu.org>."
| #define LT_OBJDIR ".libs/"
| #ifndef __cplusplus
| #define inline 
| #endif
| #define HAVE_LDAP_SSL 1
| /* end confdefs.h.  */
| 
| 
| #ifdef __cplusplus
| extern "C"
| #endif
| char gethostbyname ();
| int main (void)
| {
| return gethostbyname ();
|  ;
|  return 0;
| }
configure:20021: result: no
configure:20033: checking for gethostbyname in -lnet
configure:20055: gcc -o conftest    conftest.c -lnet   >&5
conftest.c:10:12: warning: missing terminating " character [enabled by default]
 #define OS "Usage: ./config.sub [OPTION] CPU-MFR-OPSYS or ALIAS
            ^
conftest.c:12:1: error: unknown type name 'Canonicalize'
 Canonicalize a configuration name.
 ^
conftest.c:12:16: error: expected '=', ',', ';', 'asm' or '__attribute__' before 'configuration'
 Canonicalize a configuration name.
                ^
conftest.c:12:16: error: unknown type name 'configuration'
conftest.c:19:43: error: stray '@' in program
 Report bugs and patches to <config-patches@gnu.org>."
                                           ^
conftest.c:19:53: warning: missing terminating " character [enabled by default]
 Report bugs and patches to <config-patches@gnu.org>."
                                                     ^
conftest.c:19:1: error: missing terminating " character
 Report bugs and patches to <config-patches@gnu.org>."
 ^
configure:20055: $? = 1
configure: failed program was:
| /* confdefs.h */
| #define PACKAGE_NAME "curl"
| #define PACKAGE_TARNAME "curl"
| #define PACKAGE_VERSION "-"
| #define PACKAGE_STRING "curl -"
| #define PACKAGE_BUGREPORT "a suitable curl mailing list: https://curl.haxx.se/mail/"
| #define PACKAGE_URL ""
| #define PACKAGE "curl"
| #define VERSION "-"
| #define OS "Usage: ./config.sub [OPTION] CPU-MFR-OPSYS or ALIAS
| 
| Canonicalize a configuration name.
| 
| Options:
|   -h, --help         print this help, then exit
|   -t, --time-stamp   print date of last modification, then exit
|   -v, --version      print version number, then exit
| 
| Report bugs and patches to <config-patches@gnu.org>."
| #define LT_OBJDIR ".libs/"
| #ifndef __cplusplus
| #define inline 
| #endif
| #define HAVE_LDAP_SSL 1
| /* end confdefs.h.  */
| 
| 
| #ifdef __cplusplus
| extern "C"
| #endif
| char gethostbyname ();
| int main (void)
| {
| return gethostbyname ();
|  ;
|  return 0;
| }
configure:20064: result: no
configure:20076: error: couldn't find libraries for gethostbyname()

## ---------------- ##
## Cache variables. ##
## ---------------- ##

configure:20076: WARNING: cache variable ac_cv_host contains a newline
ac_cv_build=x86_64-pc-linux-gnu
ac_cv_c_compiler_gnu=yes
ac_cv_c_inline=no
ac_cv_env_CC_set=
ac_cv_env_CC_value=
ac_cv_env_CFLAGS_set=
ac_cv_env_CFLAGS_value=
ac_cv_env_CPPFLAGS_set=
ac_cv_env_CPPFLAGS_value=
ac_cv_env_CPP_set=
ac_cv_env_CPP_value=
ac_cv_env_LDFLAGS_set=
ac_cv_env_LDFLAGS_value=
ac_cv_env_LIBS_set=
ac_cv_env_LIBS_value=
ac_cv_env_LT_SYS_LIBRARY_PATH_set=
ac_cv_env_LT_SYS_LIBRARY_PATH_value=
ac_cv_env_build_alias_set=
ac_cv_env_build_alias_value=
ac_cv_env_host_alias_set=set
ac_cv_env_host_alias_value=-h
ac_cv_env_target_alias_set=
ac_cv_env_target_alias_value=
ac_cv_func_gethostbyname=no
ac_cv_header_dlfcn_h=no
ac_cv_header_inttypes_h=no
ac_cv_header_memory_h=no
ac_cv_header_stdc=no
ac_cv_header_stdint_h=no
ac_cv_header_stdlib_h=no
ac_cv_header_string_h=no
ac_cv_header_strings_h=no
ac_cv_header_sys_stat_h=no
ac_cv_header_sys_types_h=no
ac_cv_header_unistd_h=no
ac_cv_lib_net_gethostbyname=no
ac_cv_lib_network_gethostbyname=no
ac_cv_lib_nsl_gethostbyname=no
ac_cv_lib_socket_gethostbyname=no
ac_cv_lib_watt_gethostbyname=no
ac_cv_objext=o
ac_cv_path_EGREP='/usr/bin/grep -E'
ac_cv_path_FGREP='/usr/bin/grep -F'
ac_cv_path_GREP=/usr/bin/grep
ac_cv_path_SED=/usr/bin/sed
ac_cv_path_ac_pt_AR=/usr/bin/ar
ac_cv_path_install='/usr/bin/install -c'
ac_cv_path_lt_DD=/usr/bin/dd
ac_cv_path_mkdir=/usr/bin/mkdir
ac_cv_prog_AR=/usr/bin/ar
ac_cv_prog_AWK=gawk
ac_cv_prog_CPP='gcc -E'
ac_cv_prog_ac_ct_CC=gcc
ac_cv_prog_ac_ct_DUMPBIN='link -dump'
ac_cv_prog_ac_ct_OBJDUMP=objdump
ac_cv_prog_ac_ct_RANLIB=ranlib
ac_cv_prog_ac_ct_STRIP=strip
ac_cv_prog_cc_c89=
ac_cv_prog_cc_g=yes
ac_cv_prog_make_make_set=yes
ac_cv_sys_file_offset_bits=unknown
ac_cv_sys_large_files=unknown
ac_cv_sys_largefile_CC=no
am_cv_CC_dependencies_compiler_type=gcc3
am_cv_make_support_nested_variables=yes
am_cv_prog_cc_c_o=yes
curl_cv_def___GNUC__=4
curl_cv_have_def__COMPILER_VERSION=no
curl_cv_have_def__SGI_COMPILER_VERSION=no
curl_cv_have_def__WIN32=no
curl_cv_have_def___DECC=no
curl_cv_have_def___DECC_VER=no
curl_cv_have_def___GNUC__=yes
curl_cv_have_def___HP_cc=no
curl_cv_have_def___IBMC__=no
curl_cv_have_def___INTEL_COMPILER=no
curl_cv_have_def___LCC__=no
curl_cv_have_def___SUNPRO_C=no
curl_cv_have_def___TINYC__=no
curl_cv_have_def___WATCOMC__=no
curl_cv_have_def___clang__=no
curl_cv_have_def___sgi=no
curl_cv_header_winber_h=no
curl_cv_header_windows_h=no
curl_cv_header_winldap_h=no
curl_cv_header_winsock2_h=no
curl_cv_header_winsock_h=no
curl_cv_header_ws2tcpip_h=no
curl_cv_native_windows=no
lt_cv_ar_at_file=no
lt_cv_archive_cmds_need_lc=no
lt_cv_deplibs_check_method=unknown
lt_cv_file_magic_cmd='$MAGIC_CMD'
lt_cv_file_magic_test_file=
lt_cv_ld_reload_flag=-r
lt_cv_nm_interface='BSD nm'
lt_cv_objdir=.libs
lt_cv_path_LD=/usr/bin/ld
lt_cv_path_NM=no
lt_cv_path_mainfest_tool=no
lt_cv_prog_compiler_c_o=yes
lt_cv_prog_compiler_pic='-fPIC -DPIC'
lt_cv_prog_compiler_pic_works=yes
lt_cv_prog_compiler_rtti_exceptions=no
lt_cv_prog_compiler_static_works=yes
lt_cv_prog_gnu_ld=yes
lt_cv_sharedlib_from_linklib_cmd='printf %s\n'
lt_cv_sys_global_symbol_pipe='sed -n -e '\''s/^.*[	 ]\([ABCDGIRSTW][ABCDGIRSTW]*\)[	 ][	 ]*\([_A-Za-z][_A-Za-z0-9]*\)$/\1 \2 \2/p'\'' | sed '\''/ __gnu_lto/d'\'''
lt_cv_sys_global_symbol_to_c_name_address='sed -n -e '\''s/^: \(.*\) .*$/  {"\1", (void *) 0},/p'\'' -e '\''s/^[ABCDGIRSTW][ABCDGIRSTW]* .* \(.*\)$/  {"\1", (void *) \&\1},/p'\'''
lt_cv_sys_global_symbol_to_c_name_address_lib_prefix='sed -n -e '\''s/^: \(.*\) .*$/  {"\1", (void *) 0},/p'\'' -e '\''s/^[ABCDGIRSTW][ABCDGIRSTW]* .* \(lib.*\)$/  {"\1", (void *) \&\1},/p'\'' -e '\''s/^[ABCDGIRSTW][ABCDGIRSTW]* .* \(.*\)$/  {"lib\1", (void *) \&\1},/p'\'''
lt_cv_sys_global_symbol_to_cdecl='sed -n -e '\''s/^T .* \(.*\)$/extern int \1();/p'\'' -e '\''s/^[ABCDGIRSTW][ABCDGIRSTW]* .* \(.*\)$/extern char \1;/p'\'''
lt_cv_sys_global_symbol_to_import=
lt_cv_sys_max_cmd_len=1572864
lt_cv_to_host_file_cmd=func_convert_file_noop
lt_cv_to_tool_file_cmd=func_convert_file_noop
lt_cv_truncate_bin='/usr/bin/dd bs=4096 count=1'

## ----------------- ##
## Output variables. ##
## ----------------- ##




















	@echo "Need to reconfigure with --enable-code-coverage"
	@echo "Need to reconfigure with --enable-code-coverage"
  -h, --help         print this help, then exit
  -t, --time-stamp   print date of last modification, then exit
  -v, --version      print version number, then exit
 $(CODE_COVERAGE_IGNORE_PATTERN);
 $(CODE_COVERAGE_OUTPUT_FILE);
#
#
#    $(PACKAGE_NAME)-$(PACKAGE_VERSION)-coverage)
#    $(PACKAGE_NAME)-$(PACKAGE_VERSION)-coverage.info)
#    (Default: $(top_builddir))
#    (Default: empty)
#    Multiple directories may be specified, separated by whitespace.
#    by lcov for code coverage. (Default:
#    collecting lcov instance. (Default: $CODE_COVERAGE_LCOV_OPTIONS_GCOVPATH)
#    genhtml instance. (Default: based on $CODE_COVERAGE_BRANCH_COVERAGE)
#    instance. (Default: $CODE_COVERAGE_GENHTML_OPTIONS_DEFAULT)
#    instance. (Default: $CODE_COVERAGE_LCOV_OPTIONS_DEFAULT)
#    instance. (Default: $CODE_COVERAGE_LCOV_RMOPTS_DEFAULT)
#    instances. (Default: $CODE_COVERAGE_LCOV_SHOPTS_DEFAULT)
#    instances. (Default: based on $CODE_COVERAGE_BRANCH_COVERAGE)
#    lcov instance. (Default: empty)
#    reports to be created. (Default:
#    set to 0 to disable it and leave empty to stay with the default.
#  - CODE_COVERAGE_BRANCH_COVERAGE: Set to 1 to enforce branch coverage,
#  - CODE_COVERAGE_DIRECTORY: Top-level directory for code coverage reporting.
#  - CODE_COVERAGE_GENHTML_OPTIONS: Extra options to pass to the genhtml
#  - CODE_COVERAGE_GENHTML_OPTIONS_DEFAULT: Extra options to pass to the
#  - CODE_COVERAGE_IGNORE_PATTERN: Extra glob pattern of files to ignore
#  - CODE_COVERAGE_LCOV_OPTIONS: Extra options to pass to the collecting lcov
#  - CODE_COVERAGE_LCOV_OPTIONS_DEFAULT: Extra options to pass to the
#  - CODE_COVERAGE_LCOV_OPTIONS_GCOVPATH: --gcov-tool pathtogcov
#  - CODE_COVERAGE_LCOV_RMOPTS: Extra options to pass to the filtering lcov
#  - CODE_COVERAGE_LCOV_RMOPTS_DEFAULT: Extra options to pass to the filtering
#  - CODE_COVERAGE_LCOV_SHOPTS: Extra options to shared between both lcov
#  - CODE_COVERAGE_LCOV_SHOPTS_DEFAULT: Extra options shared between both lcov
#  - CODE_COVERAGE_OUTPUT_DIRECTORY: Directory for generated code coverage
#  - CODE_COVERAGE_OUTPUT_FILE: Filename and path for the .info file generated
# $(PACKAGE_VERSION). In order to add the current git hash to the title,
# Capture code coverage data
# Code coverage
# Hook rule executed before code-coverage-capture, overridable by the user
# Optional variables
# Optional:
# The generated report will be titled using the $(PACKAGE_NAME) and
# Use recursive makes in order to ignore errors during check
# sanitizes the test-name: replaces with underscores: dashes and dots
# use the git-version-gen script, available online.
$(if $(CODE_COVERAGE_BRANCH_COVERAGE),\
'
---h,---help---------print-this-help,-then-exit
---t,---time-stamp---print-date-of-last-modification,-then-exit
---v,---version------print-version-number,-then-exit
--rc genhtml_branch_coverage=$(CODE_COVERAGE_BRANCH_COVERAGE))
--rc lcov_branch_coverage=$(CODE_COVERAGE_BRANCH_COVERAGE))
.PHONY: check-code-coverage code-coverage-capture code-coverage-capture-hook code-coverage-clean
ACLOCAL='${SHELL} /home/yuanda.yu/git/P2PMediaServer/libcurl/original_source_curl/curl-7.61.1/missing aclocal-1.16'
AMDEPBACKSLASH='\'
AMDEP_FALSE='#'
AMDEP_TRUE=''
AMTAR='$${TAR-tar}'
AM_BACKSLASH='\'
AM_DEFAULT_V='$(AM_DEFAULT_VERBOSITY)'
AM_DEFAULT_VERBOSITY='0'
AM_DISTCHECK_CONFIGURE_FLAGS += --disable-code-coverage
AM_DISTCHECK_CONFIGURE_FLAGS ?=
AM_V='$(V)'
AR='/usr/bin/ar'
AR_FLAGS='cr'
AS='as'
AUTOCONF='${SHELL} /home/yuanda.yu/git/P2PMediaServer/libcurl/original_source_curl/curl-7.61.1/missing autoconf'
AUTOHEADER='${SHELL} /home/yuanda.yu/git/P2PMediaServer/libcurl/original_source_curl/curl-7.61.1/missing autoheader'
AUTOMAKE='${SHELL} /home/yuanda.yu/git/P2PMediaServer/libcurl/original_source_curl/curl-7.61.1/missing automake-1.16'
AWK='gawk'
BLANK_AT_MAKETIME=''
BUILD_LIBHOSTNAME_FALSE=''
BUILD_LIBHOSTNAME_TRUE=''
BUILD_STUB_GSS_FALSE=''
BUILD_STUB_GSS_TRUE=''
BUILD_UNITTESTS_FALSE=''
BUILD_UNITTESTS_TRUE='#'
CC='gcc'
CCDEPMODE='depmode=gcc3'
CFLAGS=''
CFLAG_CURL_SYMBOL_HIDING=''
CODE_COVERAGE_BRANCH_COVERAGE ?=
CODE_COVERAGE_CFLAGS=''
CODE_COVERAGE_CPPFLAGS=''
CODE_COVERAGE_CXXFLAGS=''
CODE_COVERAGE_DIRECTORY ?= $(top_builddir)
CODE_COVERAGE_ENABLED='no'
CODE_COVERAGE_ENABLED_FALSE=''
CODE_COVERAGE_ENABLED_TRUE='#'
CODE_COVERAGE_GENHTML_OPTIONS ?= $(CODE_COVERAGE_GENHTML_OPTIONS_DEFAULT)
CODE_COVERAGE_GENHTML_OPTIONS_DEFAULT ?=\
CODE_COVERAGE_IGNORE_PATTERN ?=
CODE_COVERAGE_LCOV_OPTIONS ?= $(CODE_COVERAGE_LCOV_OPTIONS_DEFAULT)
CODE_COVERAGE_LCOV_OPTIONS_DEFAULT ?= $(CODE_COVERAGE_LCOV_OPTIONS_GCOVPATH)
CODE_COVERAGE_LCOV_OPTIONS_GCOVPATH ?= --gcov-tool "$(GCOV)"
CODE_COVERAGE_LCOV_RMOPTS ?= $(CODE_COVERAGE_LCOV_RMOPTS_DEFAULT)
CODE_COVERAGE_LCOV_RMOPTS_DEFAULT ?=
CODE_COVERAGE_LCOV_SHOPTS ?= $(CODE_COVERAGE_LCOV_SHOPTS_DEFAULT)
CODE_COVERAGE_LCOV_SHOPTS_DEFAULT ?= $(if $(CODE_COVERAGE_BRANCH_COVERAGE),\
CODE_COVERAGE_LDFLAGS=''
CODE_COVERAGE_LIBS=''
CODE_COVERAGE_OUTPUT_DIRECTORY ?= $(PACKAGE_NAME)-$(PACKAGE_VERSION)-coverage
CODE_COVERAGE_OUTPUT_FILE ?= $(PACKAGE_NAME)-$(PACKAGE_VERSION)-coverage.info
CODE_COVERAGE_RULES='
CONFIGURE_OPTIONS='" '\''--host'\'' '\''-h'\'' '\''host_alias=-h'\''"'
CPP='gcc -E'
CPPFLAGS=''
CPPFLAG_CURL_STATICLIB='-DCURL_STATICLIB'
CROSSCOMPILING_FALSE=''
CROSSCOMPILING_TRUE=''
CURLDEBUG_FALSE=''
CURLDEBUG_TRUE='#'
CURLVERSION='7.61.1'
CURL_CA_BUNDLE=''
CURL_CFLAG_EXTRAS=''
CURL_DISABLE_DICT=''
CURL_DISABLE_FILE=''
CURL_DISABLE_FTP=''
CURL_DISABLE_GOPHER=''
CURL_DISABLE_HTTP=''
CURL_DISABLE_IMAP=''
CURL_DISABLE_LDAP=''
CURL_DISABLE_LDAPS=''
CURL_DISABLE_POP3=''
CURL_DISABLE_PROXY=''
CURL_DISABLE_RTSP=''
CURL_DISABLE_SMB=''
CURL_DISABLE_SMTP=''
CURL_DISABLE_TELNET=''
CURL_DISABLE_TFTP=''
CURL_LT_SHLIB_USE_MIMPURE_TEXT_FALSE=''
CURL_LT_SHLIB_USE_MIMPURE_TEXT_TRUE='#'
CURL_LT_SHLIB_USE_NO_UNDEFINED_FALSE=''
CURL_LT_SHLIB_USE_NO_UNDEFINED_TRUE='#'
CURL_LT_SHLIB_USE_VERSIONED_SYMBOLS_FALSE=''
CURL_LT_SHLIB_USE_VERSIONED_SYMBOLS_TRUE=''
CURL_LT_SHLIB_USE_VERSION_INFO_FALSE=''
CURL_LT_SHLIB_USE_VERSION_INFO_TRUE='#'
CURL_LT_SHLIB_VERSIONED_FLAVOUR=''
CURL_NETWORK_AND_TIME_LIBS=''
CURL_NETWORK_LIBS=''
CURL_WITH_MULTI_SSL=''
CYGPATH_W='echo'
Canonicalize a configuration name.
Canonicalize-a-configuration-name.
DEFAULT_SSL_BACKEND=''
DEFS=''
DEPDIR='.deps'
DLLTOOL='false'
DOING_CURL_SYMBOL_HIDING_FALSE=''
DOING_CURL_SYMBOL_HIDING_TRUE=''
DOING_NATIVE_WINDOWS_FALSE=''
DOING_NATIVE_WINDOWS_TRUE='#'
DSYMUTIL=''
DUMPBIN=':'
ECHO_C=''
ECHO_N='-n'
ECHO_T=''
EGREP='/usr/bin/grep -E'
ENABLE_SHARED=''
ENABLE_STATIC=''
EXEEXT=''
FGREP='/usr/bin/grep -F'
GCOV=''
GENHTML=''
GITIGNOREFILES += $(CODE_COVERAGE_OUTPUT_FILE) $(CODE_COVERAGE_OUTPUT_DIRECTORY)
GITIGNOREFILES ?=
GREP='/usr/bin/grep'
HAVE_BROTLI=''
HAVE_GNUTLS_SRP=''
HAVE_LDAP_SSL='1'
HAVE_LIBZ=''
HAVE_LIBZ_FALSE=''
HAVE_LIBZ_TRUE=''
HAVE_OPENSSL_SRP=''
IDN_ENABLED=''
INSTALL_DATA='${INSTALL} -m 644'
INSTALL_PROGRAM='${INSTALL}'
INSTALL_SCRIPT='${INSTALL}'
INSTALL_STRIP_PROGRAM='$(install_sh) -c -s'
IPV6_ENABLED=''
LCOV=''
LD='/usr/bin/ld'
LDFLAGS=''
LIBCURL_LIBS=''
LIBMETALINK_CPPFLAGS=''
LIBMETALINK_LDFLAGS=''
LIBMETALINK_LIBS=''
LIBOBJS=''
LIBS=''
LIBTOOL='$(SHELL) $(top_builddir)/libtool'
LIPO=''
LN_S='ln -s'
LTLIBOBJS=''
LT_SYS_LIBRARY_PATH=''
MAINT='#'
MAINTAINER_MODE_FALSE=''
MAINTAINER_MODE_TRUE='#'
MAKEINFO='${SHELL} /home/yuanda.yu/git/P2PMediaServer/libcurl/original_source_curl/curl-7.61.1/missing makeinfo'
MANIFEST_TOOL=':'
MANOPT=''
MKDIR_P='/usr/bin/mkdir -p'
NM='nm'
NMEDIT=''
NROFF=''
NSS_LIBS=''
OBJDUMP='objdump'
OBJEXT='o'
OTOOL64=''
OTOOL=''
Options:
Options:
PACKAGE='curl'
PACKAGE_BUGREPORT='a suitable curl mailing list: https://curl.haxx.se/mail/'
PACKAGE_NAME='curl'
PACKAGE_STRING='curl -'
PACKAGE_TARNAME='curl'
PACKAGE_URL=''
PACKAGE_VERSION='-'
PATH_SEPARATOR=':'
PERL=''
PKGADD_NAME='curl - a client that groks URLs'
PKGADD_PKG='HAXXcurl'
PKGADD_VENDOR='curl.haxx.se'
PKGCONFIG=''
RANDOM_FILE=''
RANLIB='ranlib'
REQUIRE_LIB_DEPS='yes'
Report bugs and patches to <config-patches@gnu.org>.'
Report-bugs-and-patches-to-<config-patches@gnu.org>.'
SED='/usr/bin/sed'
SET_MAKE=''
SHELL='/bin/sh'
SSL_BACKENDS=''
SSL_ENABLED=''
SSL_LIBS=''
STRIP='strip'
SUPPORT_FEATURES=''
SUPPORT_PROTOCOLS=''
USE_ARES=''
USE_AXTLS=''
USE_CPPFLAG_CURL_STATICLIB_FALSE='#'
USE_CPPFLAG_CURL_STATICLIB_TRUE=''
USE_CYASSL=''
USE_DARWINSSL=''
USE_EMBEDDED_ARES_FALSE=''
USE_EMBEDDED_ARES_TRUE=''
USE_EXPLICIT_LIB_DEPS_FALSE='#'
USE_EXPLICIT_LIB_DEPS_TRUE=''
USE_GNUTLS=''
USE_GNUTLS_NETTLE=''
USE_LIBPSL_FALSE=''
USE_LIBPSL_TRUE=''
USE_LIBRTMP=''
USE_LIBSSH2=''
USE_LIBSSH=''
USE_MANUAL_FALSE=''
USE_MANUAL_TRUE=''
USE_MBEDTLS=''
USE_NGHTTP2=''
USE_NSS=''
USE_OPENLDAP=''
USE_POLARSSL=''
USE_SCHANNEL=''
USE_UNIX_SOCKETS=''
USE_WINDOWS_SSPI=''
VERSION='-'
VERSIONNUM='073d01'
ZLIB_LIBS=''
ZSH_FUNCTIONS_DIR=''
ac_ct_AR=''
ac_ct_CC='gcc'
ac_ct_DUMPBIN='link -dump'
am__EXEEXT_FALSE=''
am__EXEEXT_TRUE=''
am__fastdepCC_FALSE='#'
am__fastdepCC_TRUE=''
am__include='include'
am__isrc=''
am__leading_dot='.'
am__nodep='_no'
am__quote=''
am__tar='$${TAR-tar} chof - "$$tardir"'
am__untar='$${TAR-tar} xf -'
bindir='${exec_prefix}/bin'
build='x86_64-pc-linux-gnu'
build_alias=''
build_cpu='x86_64'
build_os='linux-gnu'
build_vendor='pc'
check-code-coverage:
code-coverage-capture-hook:
code-coverage-capture: code-coverage-capture-hook
code_coverage_quiet = $(code_coverage_quiet_$(V))
code_coverage_quiet_ = $(code_coverage_quiet_$(AM_DEFAULT_VERBOSITY))
code_coverage_quiet_0 = --quiet
code_coverage_sanitize = $(subst -,_,$(subst .,_,$(1)))
code_coverage_v_genhtml = $(code_coverage_v_genhtml_$(V))
code_coverage_v_genhtml_ = $(code_coverage_v_genhtml_$(AM_DEFAULT_VERBOSITY))
code_coverage_v_genhtml_0 = @echo "  GEN   " $(CODE_COVERAGE_OUTPUT_DIRECTORY);
code_coverage_v_lcov_cap = $(code_coverage_v_lcov_cap_$(V))
code_coverage_v_lcov_cap_ = $(code_coverage_v_lcov_cap_$(AM_DEFAULT_VERBOSITY))
code_coverage_v_lcov_cap_0 = @echo "  LCOV   --capture"\
code_coverage_v_lcov_ign = $(code_coverage_v_lcov_ign_$(V))
code_coverage_v_lcov_ign_ = $(code_coverage_v_lcov_ign_$(AM_DEFAULT_VERBOSITY))
code_coverage_v_lcov_ign_0 = @echo "  LCOV   --remove /tmp/*"\
datadir='${datarootdir}'
datarootdir='${prefix}/share'
docdir='${datarootdir}/doc/${PACKAGE_TARNAME}'
dvidir='${docdir}'
exec_prefix='NONE'
host='Usage: ./config.sub [OPTION] CPU-MFR-OPSYS or ALIAS
host_alias='-h'
host_cpu='Usage: ./config.sub [OPTION] CPU'
host_os='OPSYS-or-ALIAS
host_vendor='MFR'
htmldir='${docdir}'
includedir='${prefix}/include'
infodir='${datarootdir}/info'
install_sh='${SHELL} /home/yuanda.yu/git/P2PMediaServer/libcurl/original_source_curl/curl-7.61.1/install-sh'
libdir='${exec_prefix}/lib'
libexecdir='${exec_prefix}/libexec'
libext='a'
localedir='${datarootdir}/locale'
localstatedir='${prefix}/var'
mandir='${datarootdir}/man'
mkdir_p='$(MKDIR_P)'
oldincludedir='/usr/include'
pdfdir='${docdir}'
prefix='NONE'
program_transform_name='s,x,x,'
psdir='${docdir}'
runstatedir='${localstatedir}/run'
sbindir='${exec_prefix}/sbin'
sharedstatedir='${prefix}/com'
subdirs=''
sysconfdir='${prefix}/etc'
target_alias=''

## ----------- ##
## confdefs.h. ##
## ----------- ##

/* confdefs.h */
#define PACKAGE_NAME "curl"
#define PACKAGE_TARNAME "curl"
#define PACKAGE_VERSION "-"
#define PACKAGE_STRING "curl -"
#define PACKAGE_BUGREPORT "a suitable curl mailing list: https://curl.haxx.se/mail/"
#define PACKAGE_URL ""
#define PACKAGE "curl"
#define VERSION "-"
#define OS "Usage: ./config.sub [OPTION] CPU-MFR-OPSYS or ALIAS

Canonicalize a configuration name.

Options:
  -h, --help         print this help, then exit
  -t, --time-stamp   print date of last modification, then exit
  -v, --version      print version number, then exit

Report bugs and patches to <config-patches@gnu.org>."
#define LT_OBJDIR ".libs/"
#ifndef __cplusplus
#define inline 
#endif
#define HAVE_LDAP_SSL 1

configure: exit 1
